<?xml version="1.0" encoding="UTF-8"?>
<coverage generated="1785057204083" clover="3.2.0">
  <project timestamp="1785057204083" name="All files">
    <metrics statements="368" coveredstatements="329" conditionals="260" coveredconditionals="229" methods="58" coveredmethods="49" elements="686" coveredelements="607" complexity="0" loc="368" ncloc="368" packages="11" files="13" classes="13"/>
    <package name="application.commands">
      <metrics statements="70" coveredstatements="65" conditionals="58" coveredconditionals="53" methods="6" coveredmethods="6"/>
      <file name="scaffold-project.ts" path="/Users/budisantoso/Documents/Xzy/create-bun-ink-app/.worktrees/dispatch-tix-create-ink-app-scaffold-WU-04/src/application/commands/scaffold-project.ts">
        <metrics statements="68" coveredstatements="63" conditionals="38" coveredconditionals="33" methods="5" coveredmethods="5"/>
        <line num="76" count="2" type="stmt"/>
        <line num="77" count="92" type="stmt"/>
        <line num="87" count="92" type="cond" truecount="2" falsecount="0"/>
        <line num="88" count="73" type="stmt"/>
        <line num="92" count="92" type="cond" truecount="2" falsecount="0"/>
        <line num="93" count="62" type="stmt"/>
        <line num="94" count="30" type="cond" truecount="2" falsecount="0"/>
        <line num="95" count="17" type="stmt"/>
        <line num="96" count="17" type="stmt"/>
        <line num="101" count="92" type="cond" truecount="2" falsecount="0"/>
        <line num="102" count="63" type="stmt"/>
        <line num="103" count="29" type="cond" truecount="2" falsecount="0"/>
        <line num="104" count="16" type="stmt"/>
        <line num="109" count="92" type="cond" truecount="2" falsecount="0"/>
        <line num="110" count="73" type="stmt"/>
        <line num="113" count="92" type="stmt"/>
        <line num="117" count="2" type="stmt"/>
        <line num="118" count="92" type="cond" truecount="2" falsecount="0"/>
        <line num="119" count="19" type="stmt"/>
        <line num="122" count="73" type="stmt"/>
        <line num="126" count="2" type="stmt"/>
        <line num="127" count="92" type="stmt"/>
        <line num="130" count="97" type="stmt"/>
        <line num="132" count="97" type="stmt"/>
        <line num="133" count="97" type="cond" truecount="2" falsecount="0"/>
        <line num="134" count="1" type="stmt"/>
        <line num="141" count="96" type="stmt"/>
        <line num="142" count="96" type="cond" truecount="2" falsecount="0"/>
        <line num="143" count="2" type="stmt"/>
        <line num="149" count="94" type="stmt"/>
        <line num="150" count="94" type="stmt"/>
        <line num="153" count="94" type="cond" truecount="4" falsecount="0"/>
        <line num="154" count="2" type="stmt"/>
        <line num="161" count="92" type="cond" truecount="2" falsecount="0"/>
        <line num="162" count="87" type="stmt"/>
        <line num="163" count="87" type="cond" truecount="1" falsecount="1"/>
        <line num="164" count="0" type="stmt"/>
        <line num="171" count="87" type="stmt"/>
        <line num="172" count="87" type="cond" truecount="1" falsecount="1"/>
        <line num="173" count="0" type="stmt"/>
        <line num="180" count="92" type="stmt"/>
        <line num="181" count="92" type="stmt"/>
        <line num="193" count="92" type="stmt"/>
        <line num="194" count="92" type="stmt"/>
        <line num="195" count="873" type="stmt"/>
        <line num="196" count="873" type="stmt"/>
        <line num="198" count="873" type="cond" truecount="2" falsecount="0"/>
        <line num="199" count="823" type="stmt"/>
        <line num="200" count="823" type="cond" truecount="1" falsecount="1"/>
        <line num="201" count="0" type="stmt"/>
        <line num="207" count="873" type="stmt"/>
        <line num="211" count="92" type="stmt"/>
        <line num="212" count="92" type="stmt"/>
        <line num="214" count="92" type="stmt"/>
        <line num="215" count="276" type="stmt"/>
        <line num="217" count="276" type="cond" truecount="2" falsecount="0"/>
        <line num="218" count="261" type="stmt"/>
        <line num="228" count="261" type="cond" truecount="1" falsecount="1"/>
        <line num="229" count="0" type="stmt"/>
        <line num="235" count="261" type="stmt"/>
        <line num="236" count="261" type="stmt"/>
        <line num="238" count="261" type="stmt"/>
        <line num="239" count="261" type="cond" truecount="1" falsecount="1"/>
        <line num="240" count="0" type="stmt"/>
        <line num="246" count="261" type="stmt"/>
        <line num="248" count="15" type="stmt"/>
        <line num="249" count="15" type="stmt"/>
        <line num="253" count="92" type="stmt"/>
      </file>
      <file name="state-resolver.ts" path="/Users/budisantoso/Documents/Xzy/create-bun-ink-app/.worktrees/dispatch-tix-create-ink-app-scaffold-WU-04/src/application/commands/state-resolver.ts">
        <metrics statements="2" coveredstatements="2" conditionals="20" coveredconditionals="20" methods="1" coveredmethods="1"/>
        <line num="23" count="2" type="stmt"/>
        <line num="27" count="15" type="stmt"/>
      </file>
    </package>
    <package name="application.dtos">
      <metrics statements="1" coveredstatements="1" conditionals="0" coveredconditionals="0" methods="0" coveredmethods="0"/>
      <file name="scaffold-input.ts" path="/Users/budisantoso/Documents/Xzy/create-bun-ink-app/.worktrees/dispatch-tix-create-ink-app-scaffold-WU-04/src/application/dtos/scaffold-input.ts">
        <metrics statements="1" coveredstatements="1" conditionals="0" coveredconditionals="0" methods="0" coveredmethods="0"/>
        <line num="31" count="3" type="stmt"/>
      </file>
    </package>
    <package name="application.services">
      <metrics statements="84" coveredstatements="84" conditionals="44" coveredconditionals="44" methods="13" coveredmethods="13"/>
      <file name="config-generators.ts" path="/Users/budisantoso/Documents/Xzy/create-bun-ink-app/.worktrees/dispatch-tix-create-ink-app-scaffold-WU-04/src/application/services/config-generators.ts">
        <metrics statements="84" coveredstatements="84" conditionals="44" coveredconditionals="44" methods="13" coveredmethods="13"/>
        <line num="23" count="3" type="stmt"/>
        <line num="24" count="124" type="stmt"/>
        <line num="26" count="124" type="stmt"/>
        <line num="28" count="124" type="cond" truecount="2" falsecount="0"/>
        <line num="30" count="33" type="cond" truecount="2" falsecount="0"/>
        <line num="31" count="33" type="cond" truecount="2" falsecount="0"/>
        <line num="32" count="33" type="stmt"/>
        <line num="33" count="33" type="stmt"/>
        <line num="36" count="91" type="stmt"/>
        <line num="40" count="91" type="cond" truecount="2" falsecount="0"/>
        <line num="41" count="91" type="stmt"/>
        <line num="42" count="91" type="stmt"/>
        <line num="46" count="124" type="cond" truecount="2" falsecount="0"/>
        <line num="47" count="99" type="stmt"/>
        <line num="51" count="124" type="cond" truecount="2" falsecount="0"/>
        <line num="52" count="91" type="stmt"/>
        <line num="53" count="91" type="stmt"/>
        <line num="54" count="91" type="stmt"/>
        <line num="55" count="33" type="cond" truecount="2" falsecount="0"/>
        <line num="56" count="19" type="stmt"/>
        <line num="57" count="19" type="stmt"/>
        <line num="58" count="19" type="stmt"/>
        <line num="61" count="124" type="stmt"/>
        <line num="64" count="124" type="cond" truecount="2" falsecount="0"/>
        <line num="65" count="99" type="stmt"/>
        <line num="66" count="99" type="stmt"/>
        <line num="70" count="124" type="cond" truecount="2" falsecount="0"/>
        <line num="71" count="91" type="stmt"/>
        <line num="72" count="33" type="cond" truecount="2" falsecount="0"/>
        <line num="73" count="19" type="stmt"/>
        <line num="74" count="19" type="stmt"/>
        <line num="78" count="124" type="cond" truecount="2" falsecount="0"/>
        <line num="79" count="92" type="stmt"/>
        <line num="80" count="32" type="cond" truecount="2" falsecount="0"/>
        <line num="81" count="18" type="stmt"/>
        <line num="85" count="124" type="cond" truecount="2" falsecount="0"/>
        <line num="86" count="91" type="stmt"/>
        <line num="89" count="124" type="stmt"/>
        <line num="113" count="3" type="stmt"/>
        <line num="114" count="74" type="stmt"/>
        <line num="143" count="3" type="stmt"/>
        <line num="144" count="63" type="stmt"/>
        <line num="178" count="3" type="stmt"/>
        <line num="179" count="66" type="cond" truecount="2" falsecount="0"/>
        <line num="180" count="66" type="stmt"/>
        <line num="196" count="3" type="stmt"/>
        <line num="197" count="93" type="stmt"/>
        <line num="209" count="3" type="stmt"/>
        <line num="210" count="96" type="stmt"/>
        <line num="221" count="96" type="cond" truecount="2" falsecount="0"/>
        <line num="222" count="21" type="stmt"/>
        <line num="223" count="21" type="stmt"/>
        <line num="226" count="96" type="stmt"/>
        <line num="245" count="96" type="stmt"/>
        <line num="249" count="3" type="stmt"/>
        <line num="250" count="93" type="stmt"/>
        <line num="268" count="3" type="stmt"/>
        <line num="269" count="96" type="stmt"/>
        <line num="270" count="96" type="cond" truecount="2" falsecount="0"/>
        <line num="272" count="96" type="stmt"/>
        <line num="301" count="96" type="cond" truecount="2" falsecount="0"/>
        <line num="302" count="66" type="stmt"/>
        <line num="303" count="66" type="stmt"/>
        <line num="304" count="66" type="stmt"/>
        <line num="305" count="30" type="cond" truecount="2" falsecount="0"/>
        <line num="306" count="17" type="stmt"/>
        <line num="307" count="17" type="stmt"/>
        <line num="308" count="17" type="stmt"/>
        <line num="311" count="96" type="cond" truecount="2" falsecount="0"/>
        <line num="312" count="77" type="stmt"/>
        <line num="315" count="96" type="stmt"/>
        <line num="317" count="96" type="stmt"/>
        <line num="321" count="3" type="stmt"/>
        <line num="322" count="93" type="stmt"/>
        <line num="323" count="93" type="stmt"/>
        <line num="349" count="3" type="stmt"/>
        <line num="350" count="18" type="stmt"/>
        <line num="368" count="3" type="stmt"/>
        <line num="369" count="18" type="stmt"/>
        <line num="383" count="3" type="stmt"/>
        <line num="384" count="19" type="cond" truecount="2" falsecount="0"/>
        <line num="385" count="19" type="stmt"/>
        <line num="391" count="3" type="stmt"/>
        <line num="392" count="74" type="stmt"/>
      </file>
    </package>
    <package name="domain.value-objects">
      <metrics statements="27" coveredstatements="26" conditionals="25" coveredconditionals="24" methods="2" coveredmethods="2"/>
      <file name="project-name.ts" path="/Users/budisantoso/Documents/Xzy/create-bun-ink-app/.worktrees/dispatch-tix-create-ink-app-scaffold-WU-04/src/domain/value-objects/project-name.ts">
        <metrics statements="27" coveredstatements="26" conditionals="25" coveredconditionals="24" methods="2" coveredmethods="2"/>
        <line num="15" count="3" type="stmt"/>
        <line num="36" count="3" type="stmt"/>
        <line num="39" count="3" type="stmt"/>
        <line num="40" count="110" type="stmt"/>
        <line num="42" count="110" type="cond" truecount="2" falsecount="0"/>
        <line num="43" count="3" type="stmt"/>
        <line num="49" count="107" type="cond" truecount="2" falsecount="0"/>
        <line num="50" count="1" type="stmt"/>
        <line num="57" count="106" type="cond" truecount="2" falsecount="0"/>
        <line num="58" count="1" type="stmt"/>
        <line num="59" count="1" type="stmt"/>
        <line num="60" count="1" type="cond" truecount="4" falsecount="1"/>
        <line num="61" count="0" type="stmt"/>
        <line num="69" count="106" type="cond" truecount="2" falsecount="0"/>
        <line num="70" count="2" type="stmt"/>
        <line num="77" count="104" type="cond" truecount="2" falsecount="0"/>
        <line num="78" count="103" type="cond" truecount="4" falsecount="0"/>
        <line num="79" count="2" type="stmt"/>
        <line num="87" count="102" type="stmt"/>
        <line num="88" count="102" type="cond" truecount="2" falsecount="0"/>
        <line num="89" count="2" type="stmt"/>
        <line num="96" count="100" type="cond" truecount="2" falsecount="0"/>
        <line num="97" count="110" type="cond" truecount="2" falsecount="0"/>
        <line num="98" count="2" type="stmt"/>
        <line num="104" count="98" type="stmt"/>
        <line num="115" count="3" type="stmt"/>
        <line num="116" count="4" type="stmt"/>
      </file>
    </package>
    <package name="infrastructure.cli">
      <metrics statements="27" coveredstatements="25" conditionals="28" coveredconditionals="27" methods="7" coveredmethods="7"/>
      <file name="environment-detector.ts" path="/Users/budisantoso/Documents/Xzy/create-bun-ink-app/.worktrees/dispatch-tix-create-ink-app-scaffold-WU-04/src/infrastructure/cli/environment-detector.ts">
        <metrics statements="15" coveredstatements="15" conditionals="28" coveredconditionals="27" methods="3" coveredmethods="3"/>
        <line num="22" count="1" type="stmt"/>
        <line num="24" count="7" type="cond" truecount="2" falsecount="0"/>
        <line num="27" count="7" type="cond" truecount="2" falsecount="0"/>
        <line num="28" count="6" type="cond" truecount="2" falsecount="0"/>
        <line num="29" count="5" type="cond" truecount="2" falsecount="0"/>
        <line num="30" count="3" type="stmt"/>
        <line num="37" count="1" type="stmt"/>
        <line num="38" count="4" type="cond" truecount="3" falsecount="0"/>
        <line num="48" count="1" type="stmt"/>
        <line num="52" count="7" type="cond" truecount="2" falsecount="0"/>
        <line num="53" count="7" type="cond" truecount="3" falsecount="0"/>
        <line num="56" count="7" type="cond" truecount="4" falsecount="0"/>
        <line num="57" count="5" type="cond" truecount="2" falsecount="0"/>
        <line num="60" count="4" type="cond" truecount="2" falsecount="0"/>
        <line num="62" count="2" type="stmt"/>
      </file>
      <file name="runtime-checker.ts" path="/Users/budisantoso/Documents/Xzy/create-bun-ink-app/.worktrees/dispatch-tix-create-ink-app-scaffold-WU-04/src/infrastructure/cli/runtime-checker.ts">
        <metrics statements="12" coveredstatements="10" conditionals="0" coveredconditionals="0" methods="4" coveredmethods="4"/>
        <line num="13" count="1" type="stmt"/>
        <line num="20" count="2" type="stmt"/>
        <line num="21" count="1" type="stmt"/>
        <line num="22" count="1" type="stmt"/>
        <line num="26" count="1" type="stmt"/>
        <line num="28" count="0" type="stmt"/>
        <line num="37" count="1" type="stmt"/>
        <line num="44" count="2" type="stmt"/>
        <line num="45" count="1" type="stmt"/>
        <line num="46" count="1" type="stmt"/>
        <line num="50" count="1" type="stmt"/>
        <line num="52" count="0" type="stmt"/>
      </file>
    </package>
    <package name="infrastructure.file-system">
      <metrics statements="38" coveredstatements="23" conditionals="6" coveredconditionals="4" methods="8" coveredmethods="5"/>
      <file name="node-file-system.ts" path="/Users/budisantoso/Documents/Xzy/create-bun-ink-app/.worktrees/dispatch-tix-create-ink-app-scaffold-WU-04/src/infrastructure/file-system/node-file-system.ts">
        <metrics statements="38" coveredstatements="23" conditionals="6" coveredconditionals="4" methods="8" coveredmethods="5"/>
        <line num="15" count="2" type="stmt"/>
        <line num="16" count="37" type="stmt"/>
        <line num="17" count="99" type="stmt"/>
        <line num="18" count="99" type="stmt"/>
        <line num="19" count="99" type="stmt"/>
        <line num="21" count="0" type="stmt"/>
        <line num="28" count="37" type="stmt"/>
        <line num="29" count="422" type="stmt"/>
        <line num="31" count="422" type="stmt"/>
        <line num="32" count="422" type="cond" truecount="2" falsecount="0"/>
        <line num="33" count="6" type="stmt"/>
        <line num="35" count="422" type="stmt"/>
        <line num="36" count="422" type="stmt"/>
        <line num="38" count="0" type="stmt"/>
        <line num="45" count="37" type="stmt"/>
        <line num="46" count="66" type="stmt"/>
        <line num="47" count="66" type="stmt"/>
        <line num="48" count="66" type="stmt"/>
        <line num="50" count="0" type="stmt"/>
        <line num="57" count="37" type="stmt"/>
        <line num="58" count="36" type="stmt"/>
        <line num="59" count="36" type="cond" truecount="2" falsecount="0"/>
        <line num="61" count="0" type="stmt"/>
        <line num="65" count="37" type="stmt"/>
        <line num="66" count="0" type="stmt"/>
        <line num="67" count="0" type="cond" truecount="0" falsecount="2"/>
        <line num="69" count="0" type="stmt"/>
        <line num="73" count="37" type="stmt"/>
        <line num="74" count="0" type="stmt"/>
        <line num="75" count="0" type="stmt"/>
        <line num="76" count="0" type="stmt"/>
        <line num="78" count="0" type="stmt"/>
        <line num="85" count="37" type="stmt"/>
        <line num="86" count="0" type="stmt"/>
        <line num="87" count="0" type="stmt"/>
        <line num="88" count="0" type="stmt"/>
        <line num="90" count="0" type="stmt"/>
        <line num="97" count="37" type="stmt"/>
      </file>
    </package>
    <package name="infrastructure.templates">
      <metrics statements="27" coveredstatements="26" conditionals="12" coveredconditionals="10" methods="5" coveredmethods="5"/>
      <file name="template-engine.ts" path="/Users/budisantoso/Documents/Xzy/create-bun-ink-app/.worktrees/dispatch-tix-create-ink-app-scaffold-WU-04/src/infrastructure/templates/template-engine.ts">
        <metrics statements="27" coveredstatements="26" conditionals="12" coveredconditionals="10" methods="5" coveredmethods="5"/>
        <line num="18" count="2" type="stmt"/>
        <line num="24" count="37" type="stmt"/>
        <line num="25" count="107" type="stmt"/>
        <line num="26" count="108" type="stmt"/>
        <line num="27" count="108" type="stmt"/>
        <line num="31" count="108" type="cond" truecount="2" falsecount="0"/>
        <line num="32" count="1" type="stmt"/>
        <line num="33" count="1" type="stmt"/>
        <line num="35" count="107" type="stmt"/>
        <line num="36" count="107" type="stmt"/>
        <line num="40" count="108" type="cond" truecount="2" falsecount="0"/>
        <line num="41" count="106" type="stmt"/>
        <line num="44" count="2" type="cond" truecount="2" falsecount="0"/>
        <line num="45" count="1" type="stmt"/>
        <line num="49" count="1" type="stmt"/>
        <line num="57" count="37" type="stmt"/>
        <line num="58" count="109" type="cond" truecount="2" falsecount="0"/>
        <line num="59" count="108" type="stmt"/>
        <line num="61" count="1" type="stmt"/>
        <line num="70" count="37" type="stmt"/>
        <line num="75" count="99" type="stmt"/>
        <line num="76" count="99" type="cond" truecount="1" falsecount="1"/>
        <line num="77" count="0" type="stmt"/>
        <line num="83" count="99" type="stmt"/>
        <line num="84" count="99" type="cond" truecount="1" falsecount="1"/>
        <line num="86" count="99" type="stmt"/>
        <line num="89" count="37" type="stmt"/>
      </file>
    </package>
    <package name="presentation.formatters">
      <metrics statements="23" coveredstatements="20" conditionals="7" coveredconditionals="6" methods="8" coveredmethods="6"/>
      <file name="output-formatter.ts" path="/Users/budisantoso/Documents/Xzy/create-bun-ink-app/.worktrees/dispatch-tix-create-ink-app-scaffold-WU-04/src/presentation/formatters/output-formatter.ts">
        <metrics statements="23" coveredstatements="20" conditionals="7" coveredconditionals="6" methods="8" coveredmethods="6"/>
        <line num="10" count="1" type="stmt"/>
        <line num="11" count="2" type="stmt"/>
        <line num="18" count="2" type="stmt"/>
        <line num="26" count="2" type="stmt"/>
        <line num="29" count="1" type="stmt"/>
        <line num="30" count="5" type="cond" truecount="4" falsecount="1"/>
        <line num="32" count="2" type="stmt"/>
        <line num="34" count="1" type="stmt"/>
        <line num="36" count="1" type="stmt"/>
        <line num="38" count="1" type="stmt"/>
        <line num="40" count="0" type="stmt"/>
        <line num="44" count="1" type="stmt"/>
        <line num="45" count="1" type="stmt"/>
        <line num="73" count="1" type="stmt"/>
        <line num="74" count="2" type="stmt"/>
        <line num="77" count="1" type="stmt"/>
        <line num="80" count="2" type="cond" truecount="2" falsecount="0"/>
        <line num="81" count="1" type="stmt"/>
        <line num="83" count="1" type="stmt"/>
        <line num="87" count="1" type="stmt"/>
        <line num="88" count="0" type="stmt"/>
        <line num="92" count="1" type="stmt"/>
        <line num="93" count="0" type="stmt"/>
      </file>
    </package>
    <package name="presentation.parsers">
      <metrics statements="6" coveredstatements="6" conditionals="40" coveredconditionals="40" methods="2" coveredmethods="2"/>
      <file name="args-parser.ts" path="/Users/budisantoso/Documents/Xzy/create-bun-ink-app/.worktrees/dispatch-tix-create-ink-app-scaffold-WU-04/src/presentation/parsers/args-parser.ts">
        <metrics statements="6" coveredstatements="6" conditionals="40" coveredconditionals="40" methods="2" coveredmethods="2"/>
        <line num="41" count="1" type="stmt"/>
        <line num="42" count="21" type="stmt"/>
        <line num="43" count="21" type="cond" truecount="2" falsecount="0"/>
        <line num="45" count="21" type="stmt"/>
        <line num="66" count="1" type="stmt"/>
        <line num="67" count="6" type="stmt"/>
      </file>
    </package>
    <package name="presentation.wizard">
      <metrics statements="51" coveredstatements="47" conditionals="32" coveredconditionals="21" methods="1" coveredmethods="1"/>
      <file name="interactive-wizard.ts" path="/Users/budisantoso/Documents/Xzy/create-bun-ink-app/.worktrees/dispatch-tix-create-ink-app-scaffold-WU-04/src/presentation/wizard/interactive-wizard.ts">
        <metrics statements="51" coveredstatements="47" conditionals="32" coveredconditionals="21" methods="1" coveredmethods="1"/>
        <line num="28" count="1" type="stmt"/>
        <line num="34" count="1" type="stmt"/>
        <line num="40" count="1" type="stmt"/>
        <line num="48" count="1" type="stmt"/>
        <line num="55" count="1" type="stmt"/>
        <line num="60" count="1" type="stmt"/>
        <line num="72" count="1" type="stmt"/>
        <line num="76" count="16" type="stmt"/>
        <line num="78" count="16" type="stmt"/>
        <line num="92" count="16" type="cond" truecount="2" falsecount="0"/>
        <line num="93" count="14" type="stmt"/>
        <line num="98" count="14" type="cond" truecount="2" falsecount="0"/>
        <line num="99" count="13" type="stmt"/>
        <line num="101" count="2" type="stmt"/>
        <line num="105" count="15" type="cond" truecount="2" falsecount="0"/>
        <line num="106" count="12" type="stmt"/>
        <line num="111" count="12" type="cond" truecount="1" falsecount="1"/>
        <line num="112" count="12" type="stmt"/>
        <line num="114" count="3" type="stmt"/>
        <line num="118" count="15" type="cond" truecount="2" falsecount="0"/>
        <line num="119" count="13" type="stmt"/>
        <line num="124" count="13" type="cond" truecount="1" falsecount="1"/>
        <line num="125" count="13" type="stmt"/>
        <line num="127" count="2" type="stmt"/>
        <line num="131" count="15" type="cond" truecount="1" falsecount="1"/>
        <line num="132" count="15" type="stmt"/>
        <line num="137" count="15" type="cond" truecount="1" falsecount="1"/>
        <line num="138" count="15" type="stmt"/>
        <line num="140" count="0" type="stmt"/>
        <line num="144" count="15" type="cond" truecount="1" falsecount="1"/>
        <line num="145" count="15" type="stmt"/>
        <line num="150" count="15" type="cond" truecount="1" falsecount="1"/>
        <line num="151" count="15" type="stmt"/>
        <line num="153" count="0" type="stmt"/>
        <line num="157" count="15" type="cond" truecount="1" falsecount="1"/>
        <line num="158" count="15" type="stmt"/>
        <line num="163" count="15" type="cond" truecount="1" falsecount="1"/>
        <line num="164" count="15" type="stmt"/>
        <line num="166" count="0" type="stmt"/>
        <line num="170" count="15" type="cond" truecount="1" falsecount="1"/>
        <line num="171" count="15" type="stmt"/>
        <line num="176" count="15" type="cond" truecount="1" falsecount="1"/>
        <line num="177" count="15" type="stmt"/>
        <line num="179" count="0" type="stmt"/>
        <line num="183" count="15" type="cond" truecount="2" falsecount="0"/>
        <line num="184" count="13" type="stmt"/>
        <line num="188" count="13" type="cond" truecount="1" falsecount="1"/>
        <line num="189" count="13" type="stmt"/>
        <line num="191" count="2" type="stmt"/>
        <line num="194" count="15" type="stmt"/>
        <line num="195" count="15" type="stmt"/>
      </file>
    </package>
    <package name="shared.errors">
      <metrics statements="14" coveredstatements="6" conditionals="8" coveredconditionals="0" methods="6" coveredmethods="2"/>
      <file name="result.ts" path="/Users/budisantoso/Documents/Xzy/create-bun-ink-app/.worktrees/dispatch-tix-create-ink-app-scaffold-WU-04/src/shared/errors/result.ts">
        <metrics statements="14" coveredstatements="6" conditionals="8" coveredconditionals="0" methods="6" coveredmethods="2"/>
        <line num="12" count="879" type="stmt"/>
        <line num="13" count="18" type="stmt"/>
        <line num="19" count="6" type="stmt"/>
        <line num="20" count="0" type="cond" truecount="0" falsecount="2"/>
        <line num="21" count="0" type="stmt"/>
        <line num="27" count="6" type="stmt"/>
        <line num="28" count="0" type="cond" truecount="0" falsecount="2"/>
        <line num="29" count="0" type="stmt"/>
        <line num="35" count="6" type="stmt"/>
        <line num="39" count="0" type="cond" truecount="0" falsecount="2"/>
        <line num="40" count="0" type="stmt"/>
        <line num="46" count="6" type="stmt"/>
        <line num="50" count="0" type="cond" truecount="0" falsecount="2"/>
        <line num="51" count="0" type="stmt"/>
      </file>
    </package>
  </project>
</coverage>
