<?xml version="1.0" encoding="UTF-8"?>
<coverage generated="1785053302881" clover="3.2.0">
  <project timestamp="1785053302881" name="All files">
    <metrics statements="191" coveredstatements="160" conditionals="91" coveredconditionals="72" methods="40" coveredmethods="33" elements="322" coveredelements="265" complexity="0" loc="191" ncloc="191" packages="9" files="9" classes="9"/>
    <package name="application.commands">
      <metrics statements="43" coveredstatements="38" conditionals="22" coveredconditionals="17" methods="2" coveredmethods="2"/>
      <file name="scaffold-project.ts" path="/Users/budisantoso/Documents/Xzy/create-bun-ink-app/.worktrees/dispatch-tix-create-ink-app-scaffold-WU-01/src/application/commands/scaffold-project.ts">
        <metrics statements="43" coveredstatements="38" conditionals="22" coveredconditionals="17" methods="2" coveredmethods="2"/>
        <line num="41" count="2" type="stmt"/>
        <line num="53" count="2" type="stmt"/>
        <line num="75" count="25" type="stmt"/>
        <line num="77" count="25" type="stmt"/>
        <line num="78" count="25" type="cond" truecount="2" falsecount="0"/>
        <line num="79" count="2" type="stmt"/>
        <line num="85" count="23" type="stmt"/>
        <line num="86" count="23" type="stmt"/>
        <line num="89" count="23" type="cond" truecount="4" falsecount="0"/>
        <line num="90" count="2" type="stmt"/>
        <line num="97" count="21" type="cond" truecount="2" falsecount="0"/>
        <line num="98" count="19" type="stmt"/>
        <line num="99" count="19" type="cond" truecount="1" falsecount="1"/>
        <line num="100" count="0" type="stmt"/>
        <line num="107" count="19" type="stmt"/>
        <line num="108" count="19" type="cond" truecount="1" falsecount="1"/>
        <line num="109" count="0" type="stmt"/>
        <line num="116" count="21" type="stmt"/>
        <line num="117" count="21" type="stmt"/>
        <line num="124" count="21" type="stmt"/>
        <line num="125" count="189" type="stmt"/>
        <line num="126" count="189" type="stmt"/>
        <line num="128" count="189" type="cond" truecount="2" falsecount="0"/>
        <line num="129" count="171" type="stmt"/>
        <line num="130" count="171" type="cond" truecount="1" falsecount="1"/>
        <line num="131" count="0" type="stmt"/>
        <line num="137" count="189" type="stmt"/>
        <line num="141" count="21" type="stmt"/>
        <line num="142" count="21" type="stmt"/>
        <line num="143" count="63" type="stmt"/>
        <line num="145" count="63" type="cond" truecount="2" falsecount="0"/>
        <line num="146" count="57" type="stmt"/>
        <line num="156" count="57" type="cond" truecount="1" falsecount="1"/>
        <line num="157" count="0" type="stmt"/>
        <line num="163" count="57" type="stmt"/>
        <line num="164" count="57" type="stmt"/>
        <line num="166" count="57" type="stmt"/>
        <line num="167" count="57" type="cond" truecount="1" falsecount="1"/>
        <line num="168" count="0" type="stmt"/>
        <line num="174" count="57" type="stmt"/>
        <line num="176" count="6" type="stmt"/>
        <line num="177" count="6" type="stmt"/>
        <line num="181" count="21" type="stmt"/>
      </file>
    </package>
    <package name="application.dtos">
      <metrics statements="1" coveredstatements="1" conditionals="0" coveredconditionals="0" methods="0" coveredmethods="0"/>
      <file name="scaffold-input.ts" path="/Users/budisantoso/Documents/Xzy/create-bun-ink-app/.worktrees/dispatch-tix-create-ink-app-scaffold-WU-01/src/application/dtos/scaffold-input.ts">
        <metrics statements="1" coveredstatements="1" conditionals="0" coveredconditionals="0" methods="0" coveredmethods="0"/>
        <line num="21" count="1" type="stmt"/>
      </file>
    </package>
    <package name="application.services">
      <metrics statements="19" coveredstatements="19" conditionals="0" coveredconditionals="0" methods="9" coveredmethods="9"/>
      <file name="config-generators.ts" path="/Users/budisantoso/Documents/Xzy/create-bun-ink-app/.worktrees/dispatch-tix-create-ink-app-scaffold-WU-01/src/application/services/config-generators.ts">
        <metrics statements="19" coveredstatements="19" conditionals="0" coveredconditionals="0" methods="9" coveredmethods="9"/>
        <line num="16" count="3" type="stmt"/>
        <line num="17" count="22" type="stmt"/>
        <line num="56" count="3" type="stmt"/>
        <line num="57" count="22" type="stmt"/>
        <line num="86" count="3" type="stmt"/>
        <line num="87" count="22" type="stmt"/>
        <line num="121" count="3" type="stmt"/>
        <line num="122" count="22" type="stmt"/>
        <line num="138" count="3" type="stmt"/>
        <line num="139" count="22" type="stmt"/>
        <line num="151" count="3" type="stmt"/>
        <line num="152" count="22" type="stmt"/>
        <line num="180" count="3" type="stmt"/>
        <line num="181" count="22" type="stmt"/>
        <line num="199" count="3" type="stmt"/>
        <line num="200" count="22" type="stmt"/>
        <line num="239" count="3" type="stmt"/>
        <line num="240" count="22" type="stmt"/>
        <line num="241" count="22" type="stmt"/>
      </file>
    </package>
    <package name="domain.value-objects">
      <metrics statements="27" coveredstatements="26" conditionals="25" coveredconditionals="24" methods="2" coveredmethods="2"/>
      <file name="project-name.ts" path="/Users/budisantoso/Documents/Xzy/create-bun-ink-app/.worktrees/dispatch-tix-create-ink-app-scaffold-WU-01/src/domain/value-objects/project-name.ts">
        <metrics statements="27" coveredstatements="26" conditionals="25" coveredconditionals="24" methods="2" coveredmethods="2"/>
        <line num="15" count="3" type="stmt"/>
        <line num="36" count="3" type="stmt"/>
        <line num="39" count="3" type="stmt"/>
        <line num="40" count="39" type="stmt"/>
        <line num="42" count="39" type="cond" truecount="2" falsecount="0"/>
        <line num="43" count="3" type="stmt"/>
        <line num="49" count="36" type="cond" truecount="2" falsecount="0"/>
        <line num="50" count="1" type="stmt"/>
        <line num="57" count="35" type="cond" truecount="2" falsecount="0"/>
        <line num="58" count="1" type="stmt"/>
        <line num="59" count="1" type="stmt"/>
        <line num="60" count="1" type="cond" truecount="4" falsecount="1"/>
        <line num="61" count="0" type="stmt"/>
        <line num="69" count="35" type="cond" truecount="2" falsecount="0"/>
        <line num="70" count="2" type="stmt"/>
        <line num="77" count="33" type="cond" truecount="2" falsecount="0"/>
        <line num="78" count="32" type="cond" truecount="4" falsecount="0"/>
        <line num="79" count="2" type="stmt"/>
        <line num="87" count="31" type="stmt"/>
        <line num="88" count="31" type="cond" truecount="2" falsecount="0"/>
        <line num="89" count="2" type="stmt"/>
        <line num="96" count="29" type="cond" truecount="2" falsecount="0"/>
        <line num="97" count="39" type="cond" truecount="2" falsecount="0"/>
        <line num="98" count="2" type="stmt"/>
        <line num="104" count="27" type="stmt"/>
        <line num="115" count="3" type="stmt"/>
        <line num="116" count="4" type="stmt"/>
      </file>
    </package>
    <package name="infrastructure.file-system">
      <metrics statements="38" coveredstatements="22" conditionals="6" coveredconditionals="3" methods="8" coveredmethods="5"/>
      <file name="node-file-system.ts" path="/Users/budisantoso/Documents/Xzy/create-bun-ink-app/.worktrees/dispatch-tix-create-ink-app-scaffold-WU-01/src/infrastructure/file-system/node-file-system.ts">
        <metrics statements="38" coveredstatements="22" conditionals="6" coveredconditionals="3" methods="8" coveredmethods="5"/>
        <line num="15" count="2" type="stmt"/>
        <line num="16" count="14" type="stmt"/>
        <line num="17" count="36" type="stmt"/>
        <line num="18" count="36" type="stmt"/>
        <line num="19" count="36" type="stmt"/>
        <line num="21" count="0" type="stmt"/>
        <line num="28" count="14" type="stmt"/>
        <line num="29" count="144" type="stmt"/>
        <line num="31" count="144" type="stmt"/>
        <line num="32" count="144" type="cond" truecount="1" falsecount="1"/>
        <line num="33" count="0" type="stmt"/>
        <line num="35" count="144" type="stmt"/>
        <line num="36" count="144" type="stmt"/>
        <line num="38" count="0" type="stmt"/>
        <line num="45" count="14" type="stmt"/>
        <line num="46" count="24" type="stmt"/>
        <line num="47" count="24" type="stmt"/>
        <line num="48" count="24" type="stmt"/>
        <line num="50" count="0" type="stmt"/>
        <line num="57" count="14" type="stmt"/>
        <line num="58" count="13" type="stmt"/>
        <line num="59" count="13" type="cond" truecount="2" falsecount="0"/>
        <line num="61" count="0" type="stmt"/>
        <line num="65" count="14" type="stmt"/>
        <line num="66" count="0" type="stmt"/>
        <line num="67" count="0" type="cond" truecount="0" falsecount="2"/>
        <line num="69" count="0" type="stmt"/>
        <line num="73" count="14" type="stmt"/>
        <line num="74" count="0" type="stmt"/>
        <line num="75" count="0" type="stmt"/>
        <line num="76" count="0" type="stmt"/>
        <line num="78" count="0" type="stmt"/>
        <line num="85" count="14" type="stmt"/>
        <line num="86" count="0" type="stmt"/>
        <line num="87" count="0" type="stmt"/>
        <line num="88" count="0" type="stmt"/>
        <line num="90" count="0" type="stmt"/>
        <line num="97" count="14" type="stmt"/>
      </file>
    </package>
    <package name="infrastructure.templates">
      <metrics statements="27" coveredstatements="26" conditionals="12" coveredconditionals="10" methods="5" coveredmethods="5"/>
      <file name="template-engine.ts" path="/Users/budisantoso/Documents/Xzy/create-bun-ink-app/.worktrees/dispatch-tix-create-ink-app-scaffold-WU-01/src/infrastructure/templates/template-engine.ts">
        <metrics statements="27" coveredstatements="26" conditionals="12" coveredconditionals="10" methods="5" coveredmethods="5"/>
        <line num="18" count="2" type="stmt"/>
        <line num="24" count="14" type="stmt"/>
        <line num="25" count="44" type="stmt"/>
        <line num="26" count="45" type="stmt"/>
        <line num="27" count="45" type="stmt"/>
        <line num="31" count="45" type="cond" truecount="2" falsecount="0"/>
        <line num="32" count="1" type="stmt"/>
        <line num="33" count="1" type="stmt"/>
        <line num="35" count="44" type="stmt"/>
        <line num="36" count="44" type="stmt"/>
        <line num="40" count="45" type="cond" truecount="2" falsecount="0"/>
        <line num="41" count="43" type="stmt"/>
        <line num="44" count="2" type="cond" truecount="2" falsecount="0"/>
        <line num="45" count="1" type="stmt"/>
        <line num="49" count="1" type="stmt"/>
        <line num="57" count="14" type="stmt"/>
        <line num="58" count="40" type="cond" truecount="2" falsecount="0"/>
        <line num="59" count="39" type="stmt"/>
        <line num="61" count="1" type="stmt"/>
        <line num="70" count="14" type="stmt"/>
        <line num="75" count="36" type="stmt"/>
        <line num="76" count="36" type="cond" truecount="1" falsecount="1"/>
        <line num="77" count="0" type="stmt"/>
        <line num="83" count="36" type="stmt"/>
        <line num="84" count="36" type="cond" truecount="1" falsecount="1"/>
        <line num="86" count="36" type="stmt"/>
        <line num="89" count="14" type="stmt"/>
      </file>
    </package>
    <package name="presentation.formatters">
      <metrics statements="18" coveredstatements="18" conditionals="6" coveredconditionals="6" methods="6" coveredmethods="6"/>
      <file name="output-formatter.ts" path="/Users/budisantoso/Documents/Xzy/create-bun-ink-app/.worktrees/dispatch-tix-create-ink-app-scaffold-WU-01/src/presentation/formatters/output-formatter.ts">
        <metrics statements="18" coveredstatements="18" conditionals="6" coveredconditionals="6" methods="6" coveredmethods="6"/>
        <line num="10" count="1" type="stmt"/>
        <line num="11" count="2" type="stmt"/>
        <line num="18" count="2" type="stmt"/>
        <line num="26" count="2" type="stmt"/>
        <line num="29" count="1" type="stmt"/>
        <line num="30" count="5" type="cond" truecount="4" falsecount="0"/>
        <line num="32" count="2" type="stmt"/>
        <line num="34" count="1" type="stmt"/>
        <line num="36" count="1" type="stmt"/>
        <line num="38" count="1" type="stmt"/>
        <line num="42" count="1" type="stmt"/>
        <line num="43" count="1" type="stmt"/>
        <line num="63" count="1" type="stmt"/>
        <line num="64" count="2" type="stmt"/>
        <line num="67" count="1" type="stmt"/>
        <line num="70" count="2" type="cond" truecount="2" falsecount="0"/>
        <line num="71" count="1" type="stmt"/>
        <line num="73" count="1" type="stmt"/>
      </file>
    </package>
    <package name="presentation.parsers">
      <metrics statements="4" coveredstatements="4" conditionals="12" coveredconditionals="12" methods="2" coveredmethods="2"/>
      <file name="args-parser.ts" path="/Users/budisantoso/Documents/Xzy/create-bun-ink-app/.worktrees/dispatch-tix-create-ink-app-scaffold-WU-01/src/presentation/parsers/args-parser.ts">
        <metrics statements="4" coveredstatements="4" conditionals="12" coveredconditionals="12" methods="2" coveredmethods="2"/>
        <line num="29" count="1" type="stmt"/>
        <line num="30" count="11" type="stmt"/>
        <line num="42" count="1" type="stmt"/>
        <line num="43" count="3" type="stmt"/>
      </file>
    </package>
    <package name="shared.errors">
      <metrics statements="14" coveredstatements="6" conditionals="8" coveredconditionals="0" methods="6" coveredmethods="2"/>
      <file name="result.ts" path="/Users/budisantoso/Documents/Xzy/create-bun-ink-app/.worktrees/dispatch-tix-create-ink-app-scaffold-WU-01/src/shared/errors/result.ts">
        <metrics statements="14" coveredstatements="6" conditionals="8" coveredconditionals="0" methods="6" coveredmethods="2"/>
        <line num="12" count="289" type="stmt"/>
        <line num="13" count="17" type="stmt"/>
        <line num="19" count="5" type="stmt"/>
        <line num="20" count="0" type="cond" truecount="0" falsecount="2"/>
        <line num="21" count="0" type="stmt"/>
        <line num="27" count="5" type="stmt"/>
        <line num="28" count="0" type="cond" truecount="0" falsecount="2"/>
        <line num="29" count="0" type="stmt"/>
        <line num="35" count="5" type="stmt"/>
        <line num="39" count="0" type="cond" truecount="0" falsecount="2"/>
        <line num="40" count="0" type="stmt"/>
        <line num="46" count="5" type="stmt"/>
        <line num="50" count="0" type="cond" truecount="0" falsecount="2"/>
        <line num="51" count="0" type="stmt"/>
      </file>
    </package>
  </project>
</coverage>
