{"/Users/budisantoso/Documents/Xzy/create-bun-ink-app/.worktrees/dispatch-tix-create-ink-app-scaffold-WU-04/src/application/commands/scaffold-project.ts": {"path":"/Users/budisantoso/Documents/Xzy/create-bun-ink-app/.worktrees/dispatch-tix-create-ink-app-scaffold-WU-04/src/application/commands/scaffold-project.ts","statementMap":{"0":{"start":{"line":76,"column":6},"end":{"line":114,"column":null}},"1":{"start":{"line":77,"column":33},"end":{"line":84,"column":null}},"2":{"start":{"line":87,"column":2},"end":{"line":89,"column":null}},"3":{"start":{"line":88,"column":4},"end":{"line":88,"column":null}},"4":{"start":{"line":92,"column":2},"end":{"line":97,"column":null}},"5":{"start":{"line":93,"column":4},"end":{"line":93,"column":null}},"6":{"start":{"line":94,"column":9},"end":{"line":97,"column":null}},"7":{"start":{"line":95,"column":4},"end":{"line":95,"column":null}},"8":{"start":{"line":96,"column":4},"end":{"line":96,"column":null}},"9":{"start":{"line":101,"column":2},"end":{"line":105,"column":null}},"10":{"start":{"line":102,"column":4},"end":{"line":102,"column":null}},"11":{"start":{"line":103,"column":9},"end":{"line":105,"column":null}},"12":{"start":{"line":104,"column":4},"end":{"line":104,"column":null}},"13":{"start":{"line":109,"column":2},"end":{"line":111,"column":null}},"14":{"start":{"line":110,"column":4},"end":{"line":110,"column":null}},"15":{"start":{"line":113,"column":2},"end":{"line":113,"column":null}},"16":{"start":{"line":117,"column":6},"end":{"line":123,"column":null}},"17":{"start":{"line":118,"column":2},"end":{"line":120,"column":null}},"18":{"start":{"line":119,"column":4},"end":{"line":119,"column":null}},"19":{"start":{"line":122,"column":2},"end":{"line":122,"column":null}},"20":{"start":{"line":126,"column":6},"end":{"line":128,"column":null}},"21":{"start":{"line":127,"column":2},"end":{"line":127,"column":null}},"22":{"start":{"line":130,"column":13},"end":{"line":257,"column":null}},"23":{"start":{"line":130,"column":53},"end":{"line":257,"column":null}},"24":{"start":{"line":132,"column":24},"end":{"line":132,"column":null}},"25":{"start":{"line":133,"column":2},"end":{"line":138,"column":null}},"26":{"start":{"line":134,"column":4},"end":{"line":137,"column":null}},"27":{"start":{"line":141,"column":21},"end":{"line":141,"column":null}},"28":{"start":{"line":142,"column":2},"end":{"line":147,"column":null}},"29":{"start":{"line":143,"column":4},"end":{"line":146,"column":null}},"30":{"start":{"line":149,"column":22},"end":{"line":149,"column":null}},"31":{"start":{"line":150,"column":20},"end":{"line":150,"column":null}},"32":{"start":{"line":153,"column":2},"end":{"line":158,"column":null}},"33":{"start":{"line":154,"column":4},"end":{"line":157,"column":null}},"34":{"start":{"line":161,"column":2},"end":{"line":178,"column":null}},"35":{"start":{"line":162,"column":24},"end":{"line":162,"column":null}},"36":{"start":{"line":163,"column":4},"end":{"line":168,"column":null}},"37":{"start":{"line":164,"column":6},"end":{"line":167,"column":null}},"38":{"start":{"line":171,"column":30},"end":{"line":171,"column":null}},"39":{"start":{"line":172,"column":4},"end":{"line":177,"column":null}},"40":{"start":{"line":173,"column":6},"end":{"line":176,"column":null}},"41":{"start":{"line":180,"column":33},"end":{"line":180,"column":null}},"42":{"start":{"line":181,"column":32},"end":{"line":190,"column":null}},"43":{"start":{"line":193,"column":24},"end":{"line":193,"column":null}},"44":{"start":{"line":194,"column":2},"end":{"line":208,"column":null}},"45":{"start":{"line":195,"column":20},"end":{"line":195,"column":null}},"46":{"start":{"line":196,"column":21},"end":{"line":196,"column":null}},"47":{"start":{"line":198,"column":4},"end":{"line":206,"column":null}},"48":{"start":{"line":199,"column":26},"end":{"line":199,"column":null}},"49":{"start":{"line":200,"column":6},"end":{"line":205,"column":null}},"50":{"start":{"line":201,"column":8},"end":{"line":204,"column":null}},"51":{"start":{"line":207,"column":4},"end":{"line":207,"column":null}},"52":{"start":{"line":211,"column":22},"end":{"line":211,"column":null}},"53":{"start":{"line":212,"column":24},"end":{"line":212,"column":null}},"54":{"start":{"line":214,"column":2},"end":{"line":251,"column":null}},"55":{"start":{"line":215,"column":25},"end":{"line":215,"column":null}},"56":{"start":{"line":217,"column":4},"end":{"line":250,"column":null}},"57":{"start":{"line":218,"column":28},"end":{"line":226,"column":null}},"58":{"start":{"line":228,"column":6},"end":{"line":233,"column":null}},"59":{"start":{"line":229,"column":8},"end":{"line":232,"column":null}},"60":{"start":{"line":235,"column":42},"end":{"line":235,"column":null}},"61":{"start":{"line":236,"column":25},"end":{"line":236,"column":null}},"62":{"start":{"line":238,"column":26},"end":{"line":238,"column":null}},"63":{"start":{"line":239,"column":6},"end":{"line":244,"column":null}},"64":{"start":{"line":240,"column":8},"end":{"line":243,"column":null}},"65":{"start":{"line":246,"column":6},"end":{"line":246,"column":null}},"66":{"start":{"line":248,"column":29},"end":{"line":248,"column":null}},"67":{"start":{"line":249,"column":6},"end":{"line":249,"column":null}},"68":{"start":{"line":253,"column":2},"end":{"line":256,"column":null}}},"fnMap":{"0":{"name":"(anonymous_0)","decl":{"start":{"line":76,"column":6},"end":{"line":76,"column":28}},"loc":{"start":{"line":76,"column":68},"end":{"line":114,"column":null}},"line":76},"1":{"name":"(anonymous_1)","decl":{"start":{"line":117,"column":6},"end":{"line":117,"column":26}},"loc":{"start":{"line":117,"column":57},"end":{"line":123,"column":null}},"line":117},"2":{"name":"(anonymous_2)","decl":{"start":{"line":126,"column":6},"end":{"line":126,"column":24}},"loc":{"start":{"line":126,"column":70},"end":{"line":128,"column":null}},"line":126},"3":{"name":"(anonymous_3)","decl":{"start":{"line":130,"column":13},"end":{"line":130,"column":53}},"loc":{"start":{"line":130,"column":53},"end":{"line":257,"column":null}},"line":130},"4":{"name":"(anonymous_4)","decl":{"start":{"line":130,"column":53},"end":{"line":130,"column":63}},"loc":{"start":{"line":130,"column":73},"end":{"line":257,"column":null}},"line":130}},"branchMap":{"0":{"loc":{"start":{"line":87,"column":2},"end":{"line":89,"column":null}},"type":"if","locations":[{"start":{"line":87,"column":2},"end":{"line":89,"column":null}},{"start":{},"end":{}}],"line":87},"1":{"loc":{"start":{"line":92,"column":2},"end":{"line":97,"column":null}},"type":"if","locations":[{"start":{"line":92,"column":2},"end":{"line":97,"column":null}},{"start":{"line":94,"column":9},"end":{"line":97,"column":null}}],"line":92},"2":{"loc":{"start":{"line":94,"column":9},"end":{"line":97,"column":null}},"type":"if","locations":[{"start":{"line":94,"column":9},"end":{"line":97,"column":null}},{"start":{},"end":{}}],"line":94},"3":{"loc":{"start":{"line":101,"column":2},"end":{"line":105,"column":null}},"type":"if","locations":[{"start":{"line":101,"column":2},"end":{"line":105,"column":null}},{"start":{"line":103,"column":9},"end":{"line":105,"column":null}}],"line":101},"4":{"loc":{"start":{"line":103,"column":9},"end":{"line":105,"column":null}},"type":"if","locations":[{"start":{"line":103,"column":9},"end":{"line":105,"column":null}},{"start":{},"end":{}}],"line":103},"5":{"loc":{"start":{"line":109,"column":2},"end":{"line":111,"column":null}},"type":"if","locations":[{"start":{"line":109,"column":2},"end":{"line":111,"column":null}},{"start":{},"end":{}}],"line":109},"6":{"loc":{"start":{"line":118,"column":2},"end":{"line":120,"column":null}},"type":"if","locations":[{"start":{"line":118,"column":2},"end":{"line":120,"column":null}},{"start":{},"end":{}}],"line":118},"7":{"loc":{"start":{"line":133,"column":2},"end":{"line":138,"column":null}},"type":"if","locations":[{"start":{"line":133,"column":2},"end":{"line":138,"column":null}},{"start":{},"end":{}}],"line":133},"8":{"loc":{"start":{"line":142,"column":2},"end":{"line":147,"column":null}},"type":"if","locations":[{"start":{"line":142,"column":2},"end":{"line":147,"column":null}},{"start":{},"end":{}}],"line":142},"9":{"loc":{"start":{"line":153,"column":2},"end":{"line":158,"column":null}},"type":"if","locations":[{"start":{"line":153,"column":2},"end":{"line":158,"column":null}},{"start":{},"end":{}}],"line":153},"10":{"loc":{"start":{"line":153,"column":6},"end":{"line":153,"column":62}},"type":"binary-expr","locations":[{"start":{"line":153,"column":6},"end":{"line":153,"column":44}},{"start":{"line":153,"column":44},"end":{"line":153,"column":62}}],"line":153},"11":{"loc":{"start":{"line":161,"column":2},"end":{"line":178,"column":null}},"type":"if","locations":[{"start":{"line":161,"column":2},"end":{"line":178,"column":null}},{"start":{},"end":{}}],"line":161},"12":{"loc":{"start":{"line":163,"column":4},"end":{"line":168,"column":null}},"type":"if","locations":[{"start":{"line":163,"column":4},"end":{"line":168,"column":null}},{"start":{},"end":{}}],"line":163},"13":{"loc":{"start":{"line":172,"column":4},"end":{"line":177,"column":null}},"type":"if","locations":[{"start":{"line":172,"column":4},"end":{"line":177,"column":null}},{"start":{},"end":{}}],"line":172},"14":{"loc":{"start":{"line":198,"column":4},"end":{"line":206,"column":null}},"type":"if","locations":[{"start":{"line":198,"column":4},"end":{"line":206,"column":null}},{"start":{},"end":{}}],"line":198},"15":{"loc":{"start":{"line":200,"column":6},"end":{"line":205,"column":null}},"type":"if","locations":[{"start":{"line":200,"column":6},"end":{"line":205,"column":null}},{"start":{},"end":{}}],"line":200},"16":{"loc":{"start":{"line":217,"column":4},"end":{"line":250,"column":null}},"type":"if","locations":[{"start":{"line":217,"column":4},"end":{"line":250,"column":null}},{"start":{"line":247,"column":11},"end":{"line":250,"column":null}}],"line":217},"17":{"loc":{"start":{"line":228,"column":6},"end":{"line":233,"column":null}},"type":"if","locations":[{"start":{"line":228,"column":6},"end":{"line":233,"column":null}},{"start":{},"end":{}}],"line":228},"18":{"loc":{"start":{"line":239,"column":6},"end":{"line":244,"column":null}},"type":"if","locations":[{"start":{"line":239,"column":6},"end":{"line":244,"column":null}},{"start":{},"end":{}}],"line":239}},"s":{"0":2,"1":92,"2":92,"3":73,"4":92,"5":62,"6":30,"7":17,"8":17,"9":92,"10":63,"11":29,"12":16,"13":92,"14":73,"15":92,"16":2,"17":92,"18":19,"19":73,"20":2,"21":92,"22":2,"23":97,"24":97,"25":97,"26":1,"27":96,"28":96,"29":2,"30":94,"31":94,"32":94,"33":2,"34":92,"35":87,"36":87,"37":0,"38":87,"39":87,"40":0,"41":92,"42":92,"43":92,"44":92,"45":873,"46":873,"47":873,"48":823,"49":823,"50":0,"51":873,"52":92,"53":92,"54":92,"55":276,"56":276,"57":261,"58":261,"59":0,"60":261,"61":261,"62":261,"63":261,"64":0,"65":261,"66":15,"67":15,"68":92},"f":{"0":92,"1":92,"2":92,"3":97,"4":97},"b":{"0":[73,19],"1":[62,30],"2":[17,13],"3":[63,29],"4":[16,13],"5":[73,19],"6":[19,73],"7":[1,96],"8":[2,94],"9":[2,92],"10":[94,3],"11":[87,5],"12":[0,87],"13":[0,87],"14":[823,50],"15":[0,823],"16":[261,15],"17":[0,261],"18":[0,261]},"meta":{"lastBranch":19,"lastFunction":5,"lastStatement":69,"seen":{"s:76:6:114:Infinity":0,"f:76:6:76:28":0,"s:77:33:84:Infinity":1,"b:87:2:89:Infinity:undefined:undefined:undefined:undefined":0,"s:87:2:89:Infinity":2,"s:88:4:88:Infinity":3,"b:92:2:97:Infinity:94:9:97:Infinity":1,"s:92:2:97:Infinity":4,"s:93:4:93:Infinity":5,"b:94:9:97:Infinity:undefined:undefined:undefined:undefined":2,"s:94:9:97:Infinity":6,"s:95:4:95:Infinity":7,"s:96:4:96:Infinity":8,"b:101:2:105:Infinity:103:9:105:Infinity":3,"s:101:2:105:Infinity":9,"s:102:4:102:Infinity":10,"b:103:9:105:Infinity:undefined:undefined:undefined:undefined":4,"s:103:9:105:Infinity":11,"s:104:4:104:Infinity":12,"b:109:2:111:Infinity:undefined:undefined:undefined:undefined":5,"s:109:2:111:Infinity":13,"s:110:4:110:Infinity":14,"s:113:2:113:Infinity":15,"s:117:6:123:Infinity":16,"f:117:6:117:26":1,"b:118:2:120:Infinity:undefined:undefined:undefined:undefined":6,"s:118:2:120:Infinity":17,"s:119:4:119:Infinity":18,"s:122:2:122:Infinity":19,"s:126:6:128:Infinity":20,"f:126:6:126:24":2,"s:127:2:127:Infinity":21,"s:130:13:257:Infinity":22,"f:130:13:130:53":3,"s:130:53:257:Infinity":23,"f:130:53:130:63":4,"s:132:24:132:Infinity":24,"b:133:2:138:Infinity:undefined:undefined:undefined:undefined":7,"s:133:2:138:Infinity":25,"s:134:4:137:Infinity":26,"s:141:21:141:Infinity":27,"b:142:2:147:Infinity:undefined:undefined:undefined:undefined":8,"s:142:2:147:Infinity":28,"s:143:4:146:Infinity":29,"s:149:22:149:Infinity":30,"s:150:20:150:Infinity":31,"b:153:2:158:Infinity:undefined:undefined:undefined:undefined":9,"s:153:2:158:Infinity":32,"b:153:6:153:44:153:44:153:62":10,"s:154:4:157:Infinity":33,"b:161:2:178:Infinity:undefined:undefined:undefined:undefined":11,"s:161:2:178:Infinity":34,"s:162:24:162:Infinity":35,"b:163:4:168:Infinity:undefined:undefined:undefined:undefined":12,"s:163:4:168:Infinity":36,"s:164:6:167:Infinity":37,"s:171:30:171:Infinity":38,"b:172:4:177:Infinity:undefined:undefined:undefined:undefined":13,"s:172:4:177:Infinity":39,"s:173:6:176:Infinity":40,"s:180:33:180:Infinity":41,"s:181:32:190:Infinity":42,"s:193:24:193:Infinity":43,"s:194:2:208:Infinity":44,"s:195:20:195:Infinity":45,"s:196:21:196:Infinity":46,"b:198:4:206:Infinity:undefined:undefined:undefined:undefined":14,"s:198:4:206:Infinity":47,"s:199:26:199:Infinity":48,"b:200:6:205:Infinity:undefined:undefined:undefined:undefined":15,"s:200:6:205:Infinity":49,"s:201:8:204:Infinity":50,"s:207:4:207:Infinity":51,"s:211:22:211:Infinity":52,"s:212:24:212:Infinity":53,"s:214:2:251:Infinity":54,"s:215:25:215:Infinity":55,"b:217:4:250:Infinity:247:11:250:Infinity":16,"s:217:4:250:Infinity":56,"s:218:28:226:Infinity":57,"b:228:6:233:Infinity:undefined:undefined:undefined:undefined":17,"s:228:6:233:Infinity":58,"s:229:8:232:Infinity":59,"s:235:42:235:Infinity":60,"s:236:25:236:Infinity":61,"s:238:26:238:Infinity":62,"b:239:6:244:Infinity:undefined:undefined:undefined:undefined":18,"s:239:6:244:Infinity":63,"s:240:8:243:Infinity":64,"s:246:6:246:Infinity":65,"s:248:29:248:Infinity":66,"s:249:6:249:Infinity":67,"s:253:2:256:Infinity":68},"fnNames":{}}}
,"/Users/budisantoso/Documents/Xzy/create-bun-ink-app/.worktrees/dispatch-tix-create-ink-app-scaffold-WU-04/src/application/commands/state-resolver.ts": {"path":"/Users/budisantoso/Documents/Xzy/create-bun-ink-app/.worktrees/dispatch-tix-create-ink-app-scaffold-WU-04/src/application/commands/state-resolver.ts","statementMap":{"0":{"start":{"line":23,"column":13},"end":{"line":39,"column":null}},"1":{"start":{"line":27,"column":2},"end":{"line":38,"column":null}}},"fnMap":{"0":{"name":"(anonymous_0)","decl":{"start":{"line":23,"column":13},"end":{"line":23,"column":null}},"loc":{"start":{"line":26,"column":20},"end":{"line":39,"column":null}},"line":26}},"branchMap":{"0":{"loc":{"start":{"line":28,"column":17},"end":{"line":28,"column":null}},"type":"binary-expr","locations":[{"start":{"line":28,"column":17},"end":{"line":28,"column":38}},{"start":{"line":28,"column":38},"end":{"line":28,"column":null}}],"line":28},"1":{"loc":{"start":{"line":29,"column":13},"end":{"line":29,"column":null}},"type":"binary-expr","locations":[{"start":{"line":29,"column":13},"end":{"line":29,"column":30}},{"start":{"line":29,"column":30},"end":{"line":29,"column":null}}],"line":29},"2":{"loc":{"start":{"line":30,"column":14},"end":{"line":30,"column":null}},"type":"binary-expr","locations":[{"start":{"line":30,"column":14},"end":{"line":30,"column":32}},{"start":{"line":30,"column":32},"end":{"line":30,"column":null}}],"line":30},"3":{"loc":{"start":{"line":31,"column":12},"end":{"line":31,"column":null}},"type":"binary-expr","locations":[{"start":{"line":31,"column":12},"end":{"line":31,"column":28}},{"start":{"line":31,"column":28},"end":{"line":31,"column":null}}],"line":31},"4":{"loc":{"start":{"line":32,"column":19},"end":{"line":32,"column":null}},"type":"binary-expr","locations":[{"start":{"line":32,"column":19},"end":{"line":32,"column":42}},{"start":{"line":32,"column":42},"end":{"line":32,"column":null}}],"line":32},"5":{"loc":{"start":{"line":33,"column":15},"end":{"line":33,"column":null}},"type":"binary-expr","locations":[{"start":{"line":33,"column":15},"end":{"line":33,"column":34}},{"start":{"line":33,"column":34},"end":{"line":33,"column":null}}],"line":33},"6":{"loc":{"start":{"line":34,"column":20},"end":{"line":34,"column":null}},"type":"binary-expr","locations":[{"start":{"line":34,"column":20},"end":{"line":34,"column":44}},{"start":{"line":34,"column":44},"end":{"line":34,"column":null}}],"line":34},"7":{"loc":{"start":{"line":35,"column":17},"end":{"line":35,"column":null}},"type":"binary-expr","locations":[{"start":{"line":35,"column":17},"end":{"line":35,"column":38}},{"start":{"line":35,"column":38},"end":{"line":35,"column":null}}],"line":35},"8":{"loc":{"start":{"line":36,"column":15},"end":{"line":36,"column":null}},"type":"binary-expr","locations":[{"start":{"line":36,"column":15},"end":{"line":36,"column":34}},{"start":{"line":36,"column":34},"end":{"line":36,"column":null}}],"line":36},"9":{"loc":{"start":{"line":37,"column":12},"end":{"line":37,"column":null}},"type":"binary-expr","locations":[{"start":{"line":37,"column":12},"end":{"line":37,"column":28}},{"start":{"line":37,"column":28},"end":{"line":37,"column":null}}],"line":37}},"s":{"0":2,"1":15},"f":{"0":15},"b":{"0":[15,10],"1":[15,11],"2":[15,11],"3":[15,11],"4":[15,11],"5":[15,11],"6":[15,11],"7":[15,13],"8":[15,11],"9":[15,11]},"meta":{"lastBranch":10,"lastFunction":1,"lastStatement":2,"seen":{"s:23:13:39:Infinity":0,"f:23:13:23:Infinity":0,"s:27:2:38:Infinity":1,"b:28:17:28:38:28:38:28:Infinity":0,"b:29:13:29:30:29:30:29:Infinity":1,"b:30:14:30:32:30:32:30:Infinity":2,"b:31:12:31:28:31:28:31:Infinity":3,"b:32:19:32:42:32:42:32:Infinity":4,"b:33:15:33:34:33:34:33:Infinity":5,"b:34:20:34:44:34:44:34:Infinity":6,"b:35:17:35:38:35:38:35:Infinity":7,"b:36:15:36:34:36:34:36:Infinity":8,"b:37:12:37:28:37:28:37:Infinity":9},"fnNames":{}}}
,"/Users/budisantoso/Documents/Xzy/create-bun-ink-app/.worktrees/dispatch-tix-create-ink-app-scaffold-WU-04/src/application/dtos/scaffold-input.ts": {"path":"/Users/budisantoso/Documents/Xzy/create-bun-ink-app/.worktrees/dispatch-tix-create-ink-app-scaffold-WU-04/src/application/dtos/scaffold-input.ts","statementMap":{"0":{"start":{"line":31,"column":53},"end":{"line":42,"column":null}}},"fnMap":{},"branchMap":{},"s":{"0":3},"f":{},"b":{},"meta":{"lastBranch":0,"lastFunction":0,"lastStatement":1,"seen":{"s:31:53:42:Infinity":0},"fnNames":{}}}
,"/Users/budisantoso/Documents/Xzy/create-bun-ink-app/.worktrees/dispatch-tix-create-ink-app-scaffold-WU-04/src/application/services/config-generators.ts": {"path":"/Users/budisantoso/Documents/Xzy/create-bun-ink-app/.worktrees/dispatch-tix-create-ink-app-scaffold-WU-04/src/application/services/config-generators.ts","statementMap":{"0":{"start":{"line":23,"column":13},"end":{"line":110,"column":null}},"1":{"start":{"line":24,"column":16},"end":{"line":24,"column":null}},"2":{"start":{"line":26,"column":42},"end":{"line":26,"column":null}},"3":{"start":{"line":28,"column":2},"end":{"line":43,"column":null}},"4":{"start":{"line":30,"column":4},"end":{"line":30,"column":null}},"5":{"start":{"line":31,"column":4},"end":{"line":31,"column":null}},"6":{"start":{"line":32,"column":4},"end":{"line":32,"column":null}},"7":{"start":{"line":33,"column":4},"end":{"line":33,"column":null}},"8":{"start":{"line":36,"column":4},"end":{"line":39,"column":null}},"9":{"start":{"line":40,"column":4},"end":{"line":40,"column":null}},"10":{"start":{"line":41,"column":4},"end":{"line":41,"column":null}},"11":{"start":{"line":42,"column":4},"end":{"line":42,"column":null}},"12":{"start":{"line":46,"column":2},"end":{"line":48,"column":null}},"13":{"start":{"line":47,"column":4},"end":{"line":47,"column":null}},"14":{"start":{"line":51,"column":2},"end":{"line":59,"column":null}},"15":{"start":{"line":52,"column":4},"end":{"line":52,"column":null}},"16":{"start":{"line":53,"column":4},"end":{"line":53,"column":null}},"17":{"start":{"line":54,"column":4},"end":{"line":54,"column":null}},"18":{"start":{"line":55,"column":9},"end":{"line":59,"column":null}},"19":{"start":{"line":56,"column":4},"end":{"line":56,"column":null}},"20":{"start":{"line":57,"column":4},"end":{"line":57,"column":null}},"21":{"start":{"line":58,"column":4},"end":{"line":58,"column":null}},"22":{"start":{"line":61,"column":50},"end":{"line":61,"column":null}},"23":{"start":{"line":64,"column":2},"end":{"line":67,"column":null}},"24":{"start":{"line":65,"column":4},"end":{"line":65,"column":null}},"25":{"start":{"line":66,"column":4},"end":{"line":66,"column":null}},"26":{"start":{"line":70,"column":2},"end":{"line":75,"column":null}},"27":{"start":{"line":71,"column":4},"end":{"line":71,"column":null}},"28":{"start":{"line":72,"column":9},"end":{"line":75,"column":null}},"29":{"start":{"line":73,"column":4},"end":{"line":73,"column":null}},"30":{"start":{"line":74,"column":4},"end":{"line":74,"column":null}},"31":{"start":{"line":78,"column":2},"end":{"line":82,"column":null}},"32":{"start":{"line":79,"column":4},"end":{"line":79,"column":null}},"33":{"start":{"line":80,"column":9},"end":{"line":82,"column":null}},"34":{"start":{"line":81,"column":4},"end":{"line":81,"column":null}},"35":{"start":{"line":85,"column":2},"end":{"line":87,"column":null}},"36":{"start":{"line":86,"column":4},"end":{"line":86,"column":null}},"37":{"start":{"line":89,"column":2},"end":{"line":109,"column":null}},"38":{"start":{"line":113,"column":13},"end":{"line":140,"column":null}},"39":{"start":{"line":114,"column":2},"end":{"line":139,"column":null}},"40":{"start":{"line":143,"column":13},"end":{"line":175,"column":null}},"41":{"start":{"line":144,"column":2},"end":{"line":174,"column":null}},"42":{"start":{"line":178,"column":13},"end":{"line":193,"column":null}},"43":{"start":{"line":179,"column":13},"end":{"line":179,"column":null}},"44":{"start":{"line":180,"column":2},"end":{"line":192,"column":null}},"45":{"start":{"line":196,"column":13},"end":{"line":206,"column":null}},"46":{"start":{"line":197,"column":2},"end":{"line":205,"column":null}},"47":{"start":{"line":209,"column":13},"end":{"line":246,"column":null}},"48":{"start":{"line":210,"column":26},"end":{"line":218,"column":null}},"49":{"start":{"line":221,"column":2},"end":{"line":224,"column":null}},"50":{"start":{"line":222,"column":4},"end":{"line":222,"column":null}},"51":{"start":{"line":223,"column":4},"end":{"line":223,"column":null}},"52":{"start":{"line":226,"column":2},"end":{"line":243,"column":null}},"53":{"start":{"line":245,"column":2},"end":{"line":245,"column":null}},"54":{"start":{"line":249,"column":13},"end":{"line":265,"column":null}},"55":{"start":{"line":250,"column":2},"end":{"line":264,"column":null}},"56":{"start":{"line":268,"column":13},"end":{"line":318,"column":null}},"57":{"start":{"line":269,"column":16},"end":{"line":269,"column":null}},"58":{"start":{"line":270,"column":13},"end":{"line":270,"column":null}},"59":{"start":{"line":272,"column":26},"end":{"line":299,"column":null}},"60":{"start":{"line":301,"column":2},"end":{"line":309,"column":null}},"61":{"start":{"line":302,"column":4},"end":{"line":302,"column":null}},"62":{"start":{"line":303,"column":4},"end":{"line":303,"column":null}},"63":{"start":{"line":304,"column":4},"end":{"line":304,"column":null}},"64":{"start":{"line":305,"column":9},"end":{"line":309,"column":null}},"65":{"start":{"line":306,"column":4},"end":{"line":306,"column":null}},"66":{"start":{"line":307,"column":4},"end":{"line":307,"column":null}},"67":{"start":{"line":308,"column":4},"end":{"line":308,"column":null}},"68":{"start":{"line":311,"column":2},"end":{"line":313,"column":null}},"69":{"start":{"line":312,"column":4},"end":{"line":312,"column":null}},"70":{"start":{"line":315,"column":2},"end":{"line":315,"column":null}},"71":{"start":{"line":317,"column":2},"end":{"line":317,"column":null}},"72":{"start":{"line":321,"column":13},"end":{"line":346,"column":null}},"73":{"start":{"line":322,"column":15},"end":{"line":322,"column":null}},"74":{"start":{"line":323,"column":2},"end":{"line":345,"column":null}},"75":{"start":{"line":349,"column":13},"end":{"line":365,"column":null}},"76":{"start":{"line":350,"column":2},"end":{"line":364,"column":null}},"77":{"start":{"line":368,"column":13},"end":{"line":380,"column":null}},"78":{"start":{"line":369,"column":2},"end":{"line":379,"column":null}},"79":{"start":{"line":383,"column":13},"end":{"line":388,"column":null}},"80":{"start":{"line":384,"column":13},"end":{"line":384,"column":null}},"81":{"start":{"line":385,"column":2},"end":{"line":387,"column":null}},"82":{"start":{"line":391,"column":13},"end":{"line":402,"column":null}},"83":{"start":{"line":392,"column":2},"end":{"line":401,"column":null}}},"fnMap":{"0":{"name":"(anonymous_0)","decl":{"start":{"line":23,"column":13},"end":{"line":23,"column":36}},"loc":{"start":{"line":23,"column":70},"end":{"line":110,"column":null}},"line":23},"1":{"name":"(anonymous_1)","decl":{"start":{"line":113,"column":13},"end":{"line":113,"column":33}},"loc":{"start":{"line":113,"column":68},"end":{"line":140,"column":null}},"line":113},"2":{"name":"(anonymous_2)","decl":{"start":{"line":143,"column":13},"end":{"line":143,"column":34}},"loc":{"start":{"line":143,"column":69},"end":{"line":175,"column":null}},"line":143},"3":{"name":"(anonymous_3)","decl":{"start":{"line":178,"column":13},"end":{"line":178,"column":36}},"loc":{"start":{"line":178,"column":70},"end":{"line":193,"column":null}},"line":178},"4":{"name":"(anonymous_4)","decl":{"start":{"line":196,"column":13},"end":{"line":196,"column":35}},"loc":{"start":{"line":196,"column":69},"end":{"line":206,"column":null}},"line":196},"5":{"name":"(anonymous_5)","decl":{"start":{"line":209,"column":13},"end":{"line":209,"column":34}},"loc":{"start":{"line":209,"column":68},"end":{"line":246,"column":null}},"line":209},"6":{"name":"(anonymous_6)","decl":{"start":{"line":249,"column":13},"end":{"line":249,"column":37}},"loc":{"start":{"line":249,"column":72},"end":{"line":265,"column":null}},"line":249},"7":{"name":"(anonymous_7)","decl":{"start":{"line":268,"column":13},"end":{"line":268,"column":31}},"loc":{"start":{"line":268,"column":65},"end":{"line":318,"column":null}},"line":268},"8":{"name":"(anonymous_8)","decl":{"start":{"line":321,"column":13},"end":{"line":321,"column":32}},"loc":{"start":{"line":321,"column":66},"end":{"line":346,"column":null}},"line":321},"9":{"name":"(anonymous_9)","decl":{"start":{"line":349,"column":13},"end":{"line":349,"column":37}},"loc":{"start":{"line":349,"column":72},"end":{"line":365,"column":null}},"line":349},"10":{"name":"(anonymous_10)","decl":{"start":{"line":368,"column":13},"end":{"line":368,"column":35}},"loc":{"start":{"line":368,"column":70},"end":{"line":380,"column":null}},"line":368},"11":{"name":"(anonymous_11)","decl":{"start":{"line":383,"column":13},"end":{"line":383,"column":34}},"loc":{"start":{"line":383,"column":68},"end":{"line":388,"column":null}},"line":383},"12":{"name":"(anonymous_12)","decl":{"start":{"line":391,"column":13},"end":{"line":391,"column":37}},"loc":{"start":{"line":391,"column":72},"end":{"line":402,"column":null}},"line":391}},"branchMap":{"0":{"loc":{"start":{"line":28,"column":2},"end":{"line":43,"column":null}},"type":"if","locations":[{"start":{"line":28,"column":2},"end":{"line":43,"column":null}},{"start":{"line":34,"column":9},"end":{"line":43,"column":null}}],"line":28},"1":{"loc":{"start":{"line":30,"column":72},"end":{"line":30,"column":null}},"type":"cond-expr","locations":[{"start":{"line":30,"column":104},"end":{"line":30,"column":112}},{"start":{"line":30,"column":112},"end":{"line":30,"column":null}}],"line":30},"2":{"loc":{"start":{"line":31,"column":44},"end":{"line":31,"column":null}},"type":"cond-expr","locations":[{"start":{"line":31,"column":76},"end":{"line":31,"column":84}},{"start":{"line":31,"column":84},"end":{"line":31,"column":null}}],"line":31},"3":{"loc":{"start":{"line":37,"column":6},"end":{"line":39,"column":null}},"type":"cond-expr","locations":[{"start":{"line":38,"column":10},"end":{"line":38,"column":null}},{"start":{"line":39,"column":10},"end":{"line":39,"column":null}}],"line":37},"4":{"loc":{"start":{"line":40,"column":18},"end":{"line":40,"column":null}},"type":"cond-expr","locations":[{"start":{"line":40,"column":50},"end":{"line":40,"column":66}},{"start":{"line":40,"column":66},"end":{"line":40,"column":null}}],"line":40},"5":{"loc":{"start":{"line":46,"column":2},"end":{"line":48,"column":null}},"type":"if","locations":[{"start":{"line":46,"column":2},"end":{"line":48,"column":null}},{"start":{},"end":{}}],"line":46},"6":{"loc":{"start":{"line":51,"column":2},"end":{"line":59,"column":null}},"type":"if","locations":[{"start":{"line":51,"column":2},"end":{"line":59,"column":null}},{"start":{"line":55,"column":9},"end":{"line":59,"column":null}}],"line":51},"7":{"loc":{"start":{"line":55,"column":9},"end":{"line":59,"column":null}},"type":"if","locations":[{"start":{"line":55,"column":9},"end":{"line":59,"column":null}},{"start":{},"end":{}}],"line":55},"8":{"loc":{"start":{"line":64,"column":2},"end":{"line":67,"column":null}},"type":"if","locations":[{"start":{"line":64,"column":2},"end":{"line":67,"column":null}},{"start":{},"end":{}}],"line":64},"9":{"loc":{"start":{"line":70,"column":2},"end":{"line":75,"column":null}},"type":"if","locations":[{"start":{"line":70,"column":2},"end":{"line":75,"column":null}},{"start":{"line":72,"column":9},"end":{"line":75,"column":null}}],"line":70},"10":{"loc":{"start":{"line":72,"column":9},"end":{"line":75,"column":null}},"type":"if","locations":[{"start":{"line":72,"column":9},"end":{"line":75,"column":null}},{"start":{},"end":{}}],"line":72},"11":{"loc":{"start":{"line":78,"column":2},"end":{"line":82,"column":null}},"type":"if","locations":[{"start":{"line":78,"column":2},"end":{"line":82,"column":null}},{"start":{"line":80,"column":9},"end":{"line":82,"column":null}}],"line":78},"12":{"loc":{"start":{"line":80,"column":9},"end":{"line":82,"column":null}},"type":"if","locations":[{"start":{"line":80,"column":9},"end":{"line":82,"column":null}},{"start":{},"end":{}}],"line":80},"13":{"loc":{"start":{"line":85,"column":2},"end":{"line":87,"column":null}},"type":"if","locations":[{"start":{"line":85,"column":2},"end":{"line":87,"column":null}},{"start":{},"end":{}}],"line":85},"14":{"loc":{"start":{"line":179,"column":13},"end":{"line":179,"column":null}},"type":"cond-expr","locations":[{"start":{"line":179,"column":37},"end":{"line":179,"column":45}},{"start":{"line":179,"column":45},"end":{"line":179,"column":null}}],"line":179},"15":{"loc":{"start":{"line":221,"column":2},"end":{"line":224,"column":null}},"type":"if","locations":[{"start":{"line":221,"column":2},"end":{"line":224,"column":null}},{"start":{},"end":{}}],"line":221},"16":{"loc":{"start":{"line":270,"column":13},"end":{"line":270,"column":null}},"type":"cond-expr","locations":[{"start":{"line":270,"column":21},"end":{"line":270,"column":29}},{"start":{"line":270,"column":29},"end":{"line":270,"column":null}}],"line":270},"17":{"loc":{"start":{"line":298,"column":4},"end":{"line":298,"column":null}},"type":"cond-expr","locations":[{"start":{"line":298,"column":12},"end":{"line":298,"column":50}},{"start":{"line":298,"column":50},"end":{"line":298,"column":null}}],"line":298},"18":{"loc":{"start":{"line":301,"column":2},"end":{"line":309,"column":null}},"type":"if","locations":[{"start":{"line":301,"column":2},"end":{"line":309,"column":null}},{"start":{"line":305,"column":9},"end":{"line":309,"column":null}}],"line":301},"19":{"loc":{"start":{"line":305,"column":9},"end":{"line":309,"column":null}},"type":"if","locations":[{"start":{"line":305,"column":9},"end":{"line":309,"column":null}},{"start":{},"end":{}}],"line":305},"20":{"loc":{"start":{"line":311,"column":2},"end":{"line":313,"column":null}},"type":"if","locations":[{"start":{"line":311,"column":2},"end":{"line":313,"column":null}},{"start":{},"end":{}}],"line":311},"21":{"loc":{"start":{"line":384,"column":13},"end":{"line":384,"column":null}},"type":"cond-expr","locations":[{"start":{"line":384,"column":37},"end":{"line":384,"column":45}},{"start":{"line":384,"column":45},"end":{"line":384,"column":null}}],"line":384}},"s":{"0":3,"1":124,"2":124,"3":124,"4":33,"5":33,"6":33,"7":33,"8":91,"9":91,"10":91,"11":91,"12":124,"13":99,"14":124,"15":91,"16":91,"17":91,"18":33,"19":19,"20":19,"21":19,"22":124,"23":124,"24":99,"25":99,"26":124,"27":91,"28":33,"29":19,"30":19,"31":124,"32":92,"33":32,"34":18,"35":124,"36":91,"37":124,"38":3,"39":74,"40":3,"41":63,"42":3,"43":66,"44":66,"45":3,"46":93,"47":3,"48":96,"49":96,"50":21,"51":21,"52":96,"53":96,"54":3,"55":93,"56":3,"57":96,"58":96,"59":96,"60":96,"61":66,"62":66,"63":66,"64":30,"65":17,"66":17,"67":17,"68":96,"69":77,"70":96,"71":96,"72":3,"73":93,"74":93,"75":3,"76":18,"77":3,"78":18,"79":3,"80":19,"81":19,"82":3,"83":74},"f":{"0":124,"1":74,"2":63,"3":66,"4":93,"5":96,"6":93,"7":96,"8":93,"9":18,"10":18,"11":19,"12":74},"b":{"0":[33,91],"1":[25,8],"2":[25,8],"3":[74,17],"4":[74,17],"5":[99,25],"6":[91,33],"7":[19,14],"8":[99,25],"9":[91,33],"10":[19,14],"11":[92,32],"12":[18,14],"13":[91,33],"14":[11,55],"15":[21,75],"16":[22,74],"17":[22,74],"18":[66,30],"19":[17,13],"20":[77,19],"21":[5,14]},"meta":{"lastBranch":22,"lastFunction":13,"lastStatement":84,"seen":{"s:23:13:110:Infinity":0,"f:23:13:23:36":0,"s:24:16:24:Infinity":1,"s:26:42:26:Infinity":2,"b:28:2:43:Infinity:34:9:43:Infinity":0,"s:28:2:43:Infinity":3,"s:30:4:30:Infinity":4,"b:30:104:30:112:30:112:30:Infinity":1,"s:31:4:31:Infinity":5,"b:31:76:31:84:31:84:31:Infinity":2,"s:32:4:32:Infinity":6,"s:33:4:33:Infinity":7,"s:36:4:39:Infinity":8,"b:38:10:38:Infinity:39:10:39:Infinity":3,"s:40:4:40:Infinity":9,"b:40:50:40:66:40:66:40:Infinity":4,"s:41:4:41:Infinity":10,"s:42:4:42:Infinity":11,"b:46:2:48:Infinity:undefined:undefined:undefined:undefined":5,"s:46:2:48:Infinity":12,"s:47:4:47:Infinity":13,"b:51:2:59:Infinity:55:9:59:Infinity":6,"s:51:2:59:Infinity":14,"s:52:4:52:Infinity":15,"s:53:4:53:Infinity":16,"s:54:4:54:Infinity":17,"b:55:9:59:Infinity:undefined:undefined:undefined:undefined":7,"s:55:9:59:Infinity":18,"s:56:4:56:Infinity":19,"s:57:4:57:Infinity":20,"s:58:4:58:Infinity":21,"s:61:50:61:Infinity":22,"b:64:2:67:Infinity:undefined:undefined:undefined:undefined":8,"s:64:2:67:Infinity":23,"s:65:4:65:Infinity":24,"s:66:4:66:Infinity":25,"b:70:2:75:Infinity:72:9:75:Infinity":9,"s:70:2:75:Infinity":26,"s:71:4:71:Infinity":27,"b:72:9:75:Infinity:undefined:undefined:undefined:undefined":10,"s:72:9:75:Infinity":28,"s:73:4:73:Infinity":29,"s:74:4:74:Infinity":30,"b:78:2:82:Infinity:80:9:82:Infinity":11,"s:78:2:82:Infinity":31,"s:79:4:79:Infinity":32,"b:80:9:82:Infinity:undefined:undefined:undefined:undefined":12,"s:80:9:82:Infinity":33,"s:81:4:81:Infinity":34,"b:85:2:87:Infinity:undefined:undefined:undefined:undefined":13,"s:85:2:87:Infinity":35,"s:86:4:86:Infinity":36,"s:89:2:109:Infinity":37,"s:113:13:140:Infinity":38,"f:113:13:113:33":1,"s:114:2:139:Infinity":39,"s:143:13:175:Infinity":40,"f:143:13:143:34":2,"s:144:2:174:Infinity":41,"s:178:13:193:Infinity":42,"f:178:13:178:36":3,"s:179:13:179:Infinity":43,"b:179:37:179:45:179:45:179:Infinity":14,"s:180:2:192:Infinity":44,"s:196:13:206:Infinity":45,"f:196:13:196:35":4,"s:197:2:205:Infinity":46,"s:209:13:246:Infinity":47,"f:209:13:209:34":5,"s:210:26:218:Infinity":48,"b:221:2:224:Infinity:undefined:undefined:undefined:undefined":15,"s:221:2:224:Infinity":49,"s:222:4:222:Infinity":50,"s:223:4:223:Infinity":51,"s:226:2:243:Infinity":52,"s:245:2:245:Infinity":53,"s:249:13:265:Infinity":54,"f:249:13:249:37":6,"s:250:2:264:Infinity":55,"s:268:13:318:Infinity":56,"f:268:13:268:31":7,"s:269:16:269:Infinity":57,"s:270:13:270:Infinity":58,"b:270:21:270:29:270:29:270:Infinity":16,"s:272:26:299:Infinity":59,"b:298:12:298:50:298:50:298:Infinity":17,"b:301:2:309:Infinity:305:9:309:Infinity":18,"s:301:2:309:Infinity":60,"s:302:4:302:Infinity":61,"s:303:4:303:Infinity":62,"s:304:4:304:Infinity":63,"b:305:9:309:Infinity:undefined:undefined:undefined:undefined":19,"s:305:9:309:Infinity":64,"s:306:4:306:Infinity":65,"s:307:4:307:Infinity":66,"s:308:4:308:Infinity":67,"b:311:2:313:Infinity:undefined:undefined:undefined:undefined":20,"s:311:2:313:Infinity":68,"s:312:4:312:Infinity":69,"s:315:2:315:Infinity":70,"s:317:2:317:Infinity":71,"s:321:13:346:Infinity":72,"f:321:13:321:32":8,"s:322:15:322:Infinity":73,"s:323:2:345:Infinity":74,"s:349:13:365:Infinity":75,"f:349:13:349:37":9,"s:350:2:364:Infinity":76,"s:368:13:380:Infinity":77,"f:368:13:368:35":10,"s:369:2:379:Infinity":78,"s:383:13:388:Infinity":79,"f:383:13:383:34":11,"s:384:13:384:Infinity":80,"b:384:37:384:45:384:45:384:Infinity":21,"s:385:2:387:Infinity":81,"s:391:13:402:Infinity":82,"f:391:13:391:37":12,"s:392:2:401:Infinity":83},"fnNames":{}}}
,"/Users/budisantoso/Documents/Xzy/create-bun-ink-app/.worktrees/dispatch-tix-create-ink-app-scaffold-WU-04/src/domain/value-objects/project-name.ts": {"path":"/Users/budisantoso/Documents/Xzy/create-bun-ink-app/.worktrees/dispatch-tix-create-ink-app-scaffold-WU-04/src/domain/value-objects/project-name.ts","statementMap":{"0":{"start":{"line":15,"column":23},"end":{"line":24,"column":null}},"1":{"start":{"line":36,"column":19},"end":{"line":36,"column":null}},"2":{"start":{"line":39,"column":13},"end":{"line":105,"column":null}},"3":{"start":{"line":40,"column":18},"end":{"line":40,"column":null}},"4":{"start":{"line":42,"column":2},"end":{"line":47,"column":null}},"5":{"start":{"line":43,"column":4},"end":{"line":46,"column":null}},"6":{"start":{"line":49,"column":2},"end":{"line":54,"column":null}},"7":{"start":{"line":50,"column":4},"end":{"line":53,"column":null}},"8":{"start":{"line":57,"column":2},"end":{"line":66,"column":null}},"9":{"start":{"line":58,"column":25},"end":{"line":58,"column":null}},"10":{"start":{"line":59,"column":18},"end":{"line":59,"column":null}},"11":{"start":{"line":60,"column":4},"end":{"line":65,"column":null}},"12":{"start":{"line":61,"column":6},"end":{"line":64,"column":null}},"13":{"start":{"line":69,"column":2},"end":{"line":74,"column":null}},"14":{"start":{"line":70,"column":4},"end":{"line":73,"column":null}},"15":{"start":{"line":77,"column":2},"end":{"line":84,"column":null}},"16":{"start":{"line":78,"column":4},"end":{"line":83,"column":null}},"17":{"start":{"line":79,"column":6},"end":{"line":82,"column":null}},"18":{"start":{"line":87,"column":23},"end":{"line":87,"column":null}},"19":{"start":{"line":88,"column":2},"end":{"line":93,"column":null}},"20":{"start":{"line":89,"column":4},"end":{"line":92,"column":null}},"21":{"start":{"line":96,"column":19},"end":{"line":96,"column":null}},"22":{"start":{"line":97,"column":2},"end":{"line":102,"column":null}},"23":{"start":{"line":98,"column":4},"end":{"line":101,"column":null}},"24":{"start":{"line":104,"column":2},"end":{"line":104,"column":null}},"25":{"start":{"line":115,"column":13},"end":{"line":121,"column":null}},"26":{"start":{"line":116,"column":2},"end":{"line":120,"column":null}}},"fnMap":{"0":{"name":"(anonymous_0)","decl":{"start":{"line":39,"column":13},"end":{"line":39,"column":34}},"loc":{"start":{"line":39,"column":91},"end":{"line":105,"column":null}},"line":39},"1":{"name":"(anonymous_1)","decl":{"start":{"line":115,"column":13},"end":{"line":115,"column":37}},"loc":{"start":{"line":115,"column":63},"end":{"line":121,"column":null}},"line":115}},"branchMap":{"0":{"loc":{"start":{"line":42,"column":2},"end":{"line":47,"column":null}},"type":"if","locations":[{"start":{"line":42,"column":2},"end":{"line":47,"column":null}},{"start":{},"end":{}}],"line":42},"1":{"loc":{"start":{"line":49,"column":2},"end":{"line":54,"column":null}},"type":"if","locations":[{"start":{"line":49,"column":2},"end":{"line":54,"column":null}},{"start":{},"end":{}}],"line":49},"2":{"loc":{"start":{"line":57,"column":2},"end":{"line":66,"column":null}},"type":"if","locations":[{"start":{"line":57,"column":2},"end":{"line":66,"column":null}},{"start":{},"end":{}}],"line":57},"3":{"loc":{"start":{"line":60,"column":4},"end":{"line":65,"column":null}},"type":"if","locations":[{"start":{"line":60,"column":4},"end":{"line":65,"column":null}},{"start":{},"end":{}}],"line":60},"4":{"loc":{"start":{"line":60,"column":8},"end":{"line":60,"column":78}},"type":"binary-expr","locations":[{"start":{"line":60,"column":8},"end":{"line":60,"column":30}},{"start":{"line":60,"column":30},"end":{"line":60,"column":55}},{"start":{"line":60,"column":55},"end":{"line":60,"column":78}}],"line":60},"5":{"loc":{"start":{"line":69,"column":2},"end":{"line":74,"column":null}},"type":"if","locations":[{"start":{"line":69,"column":2},"end":{"line":74,"column":null}},{"start":{},"end":{}}],"line":69},"6":{"loc":{"start":{"line":77,"column":2},"end":{"line":84,"column":null}},"type":"if","locations":[{"start":{"line":77,"column":2},"end":{"line":84,"column":null}},{"start":{},"end":{}}],"line":77},"7":{"loc":{"start":{"line":78,"column":4},"end":{"line":83,"column":null}},"type":"if","locations":[{"start":{"line":78,"column":4},"end":{"line":83,"column":null}},{"start":{},"end":{}}],"line":78},"8":{"loc":{"start":{"line":78,"column":8},"end":{"line":78,"column":60}},"type":"binary-expr","locations":[{"start":{"line":78,"column":8},"end":{"line":78,"column":35}},{"start":{"line":78,"column":35},"end":{"line":78,"column":60}}],"line":78},"9":{"loc":{"start":{"line":88,"column":2},"end":{"line":93,"column":null}},"type":"if","locations":[{"start":{"line":88,"column":2},"end":{"line":93,"column":null}},{"start":{},"end":{}}],"line":88},"10":{"loc":{"start":{"line":96,"column":19},"end":{"line":96,"column":null}},"type":"cond-expr","locations":[{"start":{"line":96,"column":45},"end":{"line":96,"column":69}},{"start":{"line":96,"column":69},"end":{"line":96,"column":null}}],"line":96},"11":{"loc":{"start":{"line":97,"column":2},"end":{"line":102,"column":null}},"type":"if","locations":[{"start":{"line":97,"column":2},"end":{"line":102,"column":null}},{"start":{},"end":{}}],"line":97}},"s":{"0":3,"1":3,"2":3,"3":110,"4":110,"5":3,"6":107,"7":1,"8":106,"9":1,"10":1,"11":1,"12":0,"13":106,"14":2,"15":104,"16":103,"17":2,"18":102,"19":102,"20":2,"21":100,"22":110,"23":2,"24":98,"25":3,"26":4},"f":{"0":110,"1":4},"b":{"0":[3,107],"1":[1,106],"2":[1,105],"3":[0,1],"4":[1,1,1],"5":[2,104],"6":[103,1],"7":[2,101],"8":[103,102],"9":[2,100],"10":[1,99],"11":[2,108]},"meta":{"lastBranch":12,"lastFunction":2,"lastStatement":27,"seen":{"s:15:23:24:Infinity":0,"s:36:19:36:Infinity":1,"s:39:13:105:Infinity":2,"f:39:13:39:34":0,"s:40:18:40:Infinity":3,"b:42:2:47:Infinity:undefined:undefined:undefined:undefined":0,"s:42:2:47:Infinity":4,"s:43:4:46:Infinity":5,"b:49:2:54:Infinity:undefined:undefined:undefined:undefined":1,"s:49:2:54:Infinity":6,"s:50:4:53:Infinity":7,"b:57:2:66:Infinity:undefined:undefined:undefined:undefined":2,"s:57:2:66:Infinity":8,"s:58:25:58:Infinity":9,"s:59:18:59:Infinity":10,"b:60:4:65:Infinity:undefined:undefined:undefined:undefined":3,"s:60:4:65:Infinity":11,"b:60:8:60:30:60:30:60:55:60:55:60:78":4,"s:61:6:64:Infinity":12,"b:69:2:74:Infinity:undefined:undefined:undefined:undefined":5,"s:69:2:74:Infinity":13,"s:70:4:73:Infinity":14,"b:77:2:84:Infinity:undefined:undefined:undefined:undefined":6,"s:77:2:84:Infinity":15,"b:78:4:83:Infinity:undefined:undefined:undefined:undefined":7,"s:78:4:83:Infinity":16,"b:78:8:78:35:78:35:78:60":8,"s:79:6:82:Infinity":17,"s:87:23:87:Infinity":18,"b:88:2:93:Infinity:undefined:undefined:undefined:undefined":9,"s:88:2:93:Infinity":19,"s:89:4:92:Infinity":20,"s:96:19:96:Infinity":21,"b:96:45:96:69:96:69:96:Infinity":10,"b:97:2:102:Infinity:undefined:undefined:undefined:undefined":11,"s:97:2:102:Infinity":22,"s:98:4:101:Infinity":23,"s:104:2:104:Infinity":24,"s:115:13:121:Infinity":25,"f:115:13:115:37":1,"s:116:2:120:Infinity":26},"fnNames":{}}}
,"/Users/budisantoso/Documents/Xzy/create-bun-ink-app/.worktrees/dispatch-tix-create-ink-app-scaffold-WU-04/src/infrastructure/cli/environment-detector.ts": {"path":"/Users/budisantoso/Documents/Xzy/create-bun-ink-app/.worktrees/dispatch-tix-create-ink-app-scaffold-WU-04/src/infrastructure/cli/environment-detector.ts","statementMap":{"0":{"start":{"line":22,"column":13},"end":{"line":31,"column":null}},"1":{"start":{"line":24,"column":4},"end":{"line":26,"column":null}},"2":{"start":{"line":27,"column":2},"end":{"line":27,"column":null}},"3":{"start":{"line":27,"column":34},"end":{"line":27,"column":null}},"4":{"start":{"line":28,"column":2},"end":{"line":28,"column":null}},"5":{"start":{"line":28,"column":34},"end":{"line":28,"column":null}},"6":{"start":{"line":29,"column":2},"end":{"line":29,"column":null}},"7":{"start":{"line":29,"column":33},"end":{"line":29,"column":null}},"8":{"start":{"line":30,"column":2},"end":{"line":30,"column":null}},"9":{"start":{"line":37,"column":13},"end":{"line":39,"column":null}},"10":{"start":{"line":38,"column":2},"end":{"line":38,"column":null}},"11":{"start":{"line":48,"column":13},"end":{"line":63,"column":null}},"12":{"start":{"line":52,"column":12},"end":{"line":52,"column":null}},"13":{"start":{"line":53,"column":14},"end":{"line":53,"column":null}},"14":{"start":{"line":56,"column":2},"end":{"line":56,"column":null}},"15":{"start":{"line":56,"column":39},"end":{"line":56,"column":null}},"16":{"start":{"line":57,"column":2},"end":{"line":57,"column":null}},"17":{"start":{"line":57,"column":35},"end":{"line":57,"column":null}},"18":{"start":{"line":60,"column":2},"end":{"line":60,"column":null}},"19":{"start":{"line":60,"column":12},"end":{"line":60,"column":null}},"20":{"start":{"line":62,"column":2},"end":{"line":62,"column":null}}},"fnMap":{"0":{"name":"(anonymous_0)","decl":{"start":{"line":22,"column":13},"end":{"line":22,"column":37}},"loc":{"start":{"line":22,"column":98},"end":{"line":31,"column":null}},"line":22},"1":{"name":"(anonymous_1)","decl":{"start":{"line":37,"column":13},"end":{"line":37,"column":30}},"loc":{"start":{"line":37,"column":64},"end":{"line":39,"column":null}},"line":37},"2":{"name":"(anonymous_2)","decl":{"start":{"line":48,"column":13},"end":{"line":48,"column":null}},"loc":{"start":{"line":51,"column":14},"end":{"line":63,"column":null}},"line":51}},"branchMap":{"0":{"loc":{"start":{"line":24,"column":4},"end":{"line":26,"column":null}},"type":"cond-expr","locations":[{"start":{"line":25,"column":9},"end":{"line":25,"column":null}},{"start":{"line":26,"column":9},"end":{"line":26,"column":null}}],"line":24},"1":{"loc":{"start":{"line":25,"column":9},"end":{"line":25,"column":null}},"type":"binary-expr","locations":[{"start":{"line":25,"column":9},"end":{"line":25,"column":38}},{"start":{"line":25,"column":38},"end":{"line":25,"column":null}}],"line":25},"2":{"loc":{"start":{"line":26,"column":9},"end":{"line":26,"column":null}},"type":"binary-expr","locations":[{"start":{"line":26,"column":9},"end":{"line":26,"column":46}},{"start":{"line":26,"column":46},"end":{"line":26,"column":null}}],"line":26},"3":{"loc":{"start":{"line":27,"column":2},"end":{"line":27,"column":null}},"type":"if","locations":[{"start":{"line":27,"column":2},"end":{"line":27,"column":null}},{"start":{},"end":{}}],"line":27},"4":{"loc":{"start":{"line":28,"column":2},"end":{"line":28,"column":null}},"type":"if","locations":[{"start":{"line":28,"column":2},"end":{"line":28,"column":null}},{"start":{},"end":{}}],"line":28},"5":{"loc":{"start":{"line":29,"column":2},"end":{"line":29,"column":null}},"type":"if","locations":[{"start":{"line":29,"column":2},"end":{"line":29,"column":null}},{"start":{},"end":{}}],"line":29},"6":{"loc":{"start":{"line":38,"column":9},"end":{"line":38,"column":null}},"type":"binary-expr","locations":[{"start":{"line":38,"column":9},"end":{"line":38,"column":23}},{"start":{"line":38,"column":23},"end":{"line":38,"column":46}},{"start":{"line":38,"column":46},"end":{"line":38,"column":null}}],"line":38},"7":{"loc":{"start":{"line":52,"column":12},"end":{"line":52,"column":null}},"type":"cond-expr","locations":[{"start":{"line":52,"column":32},"end":{"line":52,"column":38}},{"start":{"line":52,"column":38},"end":{"line":52,"column":null}}],"line":52},"8":{"loc":{"start":{"line":53,"column":14},"end":{"line":53,"column":null}},"type":"binary-expr","locations":[{"start":{"line":53,"column":14},"end":{"line":53,"column":28}},{"start":{"line":53,"column":28},"end":{"line":53,"column":51}},{"start":{"line":53,"column":51},"end":{"line":53,"column":null}}],"line":53},"9":{"loc":{"start":{"line":56,"column":2},"end":{"line":56,"column":null}},"type":"if","locations":[{"start":{"line":56,"column":2},"end":{"line":56,"column":null}},{"start":{},"end":{}}],"line":56},"10":{"loc":{"start":{"line":56,"column":6},"end":{"line":56,"column":39}},"type":"binary-expr","locations":[{"start":{"line":56,"column":6},"end":{"line":56,"column":25}},{"start":{"line":56,"column":25},"end":{"line":56,"column":39}}],"line":56},"11":{"loc":{"start":{"line":57,"column":2},"end":{"line":57,"column":null}},"type":"if","locations":[{"start":{"line":57,"column":2},"end":{"line":57,"column":null}},{"start":{},"end":{}}],"line":57},"12":{"loc":{"start":{"line":60,"column":2},"end":{"line":60,"column":null}},"type":"if","locations":[{"start":{"line":60,"column":2},"end":{"line":60,"column":null}},{"start":{},"end":{}}],"line":60}},"s":{"0":1,"1":7,"2":7,"3":1,"4":6,"5":1,"6":5,"7":2,"8":3,"9":1,"10":4,"11":1,"12":7,"13":7,"14":7,"15":2,"16":5,"17":1,"18":4,"19":2,"20":2},"f":{"0":7,"1":4,"2":7},"b":{"0":[6,1],"1":[6,2],"2":[1,0],"3":[1,6],"4":[1,5],"5":[2,3],"6":[4,2,2],"7":[6,1],"8":[7,1,1],"9":[2,5],"10":[7,6],"11":[1,4],"12":[2,2]},"meta":{"lastBranch":13,"lastFunction":3,"lastStatement":21,"seen":{"s:22:13:31:Infinity":0,"f:22:13:22:37":0,"s:24:4:26:Infinity":1,"b:25:9:25:Infinity:26:9:26:Infinity":0,"b:25:9:25:38:25:38:25:Infinity":1,"b:26:9:26:46:26:46:26:Infinity":2,"b:27:2:27:Infinity:undefined:undefined:undefined:undefined":3,"s:27:2:27:Infinity":2,"s:27:34:27:Infinity":3,"b:28:2:28:Infinity:undefined:undefined:undefined:undefined":4,"s:28:2:28:Infinity":4,"s:28:34:28:Infinity":5,"b:29:2:29:Infinity:undefined:undefined:undefined:undefined":5,"s:29:2:29:Infinity":6,"s:29:33:29:Infinity":7,"s:30:2:30:Infinity":8,"s:37:13:39:Infinity":9,"f:37:13:37:30":1,"s:38:2:38:Infinity":10,"b:38:9:38:23:38:23:38:46:38:46:38:Infinity":6,"s:48:13:63:Infinity":11,"f:48:13:48:Infinity":2,"s:52:12:52:Infinity":12,"b:52:32:52:38:52:38:52:Infinity":7,"s:53:14:53:Infinity":13,"b:53:14:53:28:53:28:53:51:53:51:53:Infinity":8,"b:56:2:56:Infinity:undefined:undefined:undefined:undefined":9,"s:56:2:56:Infinity":14,"b:56:6:56:25:56:25:56:39":10,"s:56:39:56:Infinity":15,"b:57:2:57:Infinity:undefined:undefined:undefined:undefined":11,"s:57:2:57:Infinity":16,"s:57:35:57:Infinity":17,"b:60:2:60:Infinity:undefined:undefined:undefined:undefined":12,"s:60:2:60:Infinity":18,"s:60:12:60:Infinity":19,"s:62:2:62:Infinity":20},"fnNames":{}}}
,"/Users/budisantoso/Documents/Xzy/create-bun-ink-app/.worktrees/dispatch-tix-create-ink-app-scaffold-WU-04/src/infrastructure/cli/runtime-checker.ts": {"path":"/Users/budisantoso/Documents/Xzy/create-bun-ink-app/.worktrees/dispatch-tix-create-ink-app-scaffold-WU-04/src/infrastructure/cli/runtime-checker.ts","statementMap":{"0":{"start":{"line":13,"column":13},"end":{"line":34,"column":null}},"1":{"start":{"line":20,"column":2},"end":{"line":33,"column":null}},"2":{"start":{"line":21,"column":4},"end":{"line":32,"column":null}},"3":{"start":{"line":22,"column":21},"end":{"line":25,"column":null}},"4":{"start":{"line":26,"column":6},"end":{"line":26,"column":null}},"5":{"start":{"line":28,"column":6},"end":{"line":31,"column":null}},"6":{"start":{"line":37,"column":13},"end":{"line":58,"column":null}},"7":{"start":{"line":44,"column":2},"end":{"line":57,"column":null}},"8":{"start":{"line":45,"column":4},"end":{"line":56,"column":null}},"9":{"start":{"line":46,"column":21},"end":{"line":49,"column":null}},"10":{"start":{"line":50,"column":6},"end":{"line":50,"column":null}},"11":{"start":{"line":52,"column":6},"end":{"line":55,"column":null}}},"fnMap":{"0":{"name":"(anonymous_0)","decl":{"start":{"line":13,"column":13},"end":{"line":13,"column":null}},"loc":{"start":{"line":19,"column":6},"end":{"line":34,"column":null}},"line":19},"1":{"name":"(anonymous_1)","decl":{"start":{"line":20,"column":2},"end":{"line":20,"column":15}},"loc":{"start":{"line":20,"column":15},"end":{"line":33,"column":null}},"line":20},"2":{"name":"(anonymous_2)","decl":{"start":{"line":37,"column":13},"end":{"line":37,"column":null}},"loc":{"start":{"line":43,"column":6},"end":{"line":58,"column":null}},"line":43},"3":{"name":"(anonymous_3)","decl":{"start":{"line":44,"column":2},"end":{"line":44,"column":15}},"loc":{"start":{"line":44,"column":15},"end":{"line":57,"column":null}},"line":44}},"branchMap":{},"s":{"0":1,"1":2,"2":1,"3":1,"4":1,"5":0,"6":1,"7":2,"8":1,"9":1,"10":1,"11":0},"f":{"0":2,"1":1,"2":2,"3":1},"b":{},"meta":{"lastBranch":0,"lastFunction":4,"lastStatement":12,"seen":{"s:13:13:34:Infinity":0,"f:13:13:13:Infinity":0,"s:20:2:33:Infinity":1,"f:20:2:20:15":1,"s:21:4:32:Infinity":2,"s:22:21:25:Infinity":3,"s:26:6:26:Infinity":4,"s:28:6:31:Infinity":5,"s:37:13:58:Infinity":6,"f:37:13:37:Infinity":2,"s:44:2:57:Infinity":7,"f:44:2:44:15":3,"s:45:4:56:Infinity":8,"s:46:21:49:Infinity":9,"s:50:6:50:Infinity":10,"s:52:6:55:Infinity":11},"fnNames":{}}}
,"/Users/budisantoso/Documents/Xzy/create-bun-ink-app/.worktrees/dispatch-tix-create-ink-app-scaffold-WU-04/src/infrastructure/file-system/node-file-system.ts": {"path":"/Users/budisantoso/Documents/Xzy/create-bun-ink-app/.worktrees/dispatch-tix-create-ink-app-scaffold-WU-04/src/infrastructure/file-system/node-file-system.ts","statementMap":{"0":{"start":{"line":15,"column":13},"end":{"line":106,"column":null}},"1":{"start":{"line":16,"column":8},"end":{"line":26,"column":null}},"2":{"start":{"line":17,"column":4},"end":{"line":25,"column":null}},"3":{"start":{"line":18,"column":22},"end":{"line":18,"column":null}},"4":{"start":{"line":19,"column":6},"end":{"line":19,"column":null}},"5":{"start":{"line":21,"column":6},"end":{"line":24,"column":null}},"6":{"start":{"line":28,"column":8},"end":{"line":43,"column":null}},"7":{"start":{"line":29,"column":4},"end":{"line":42,"column":null}},"8":{"start":{"line":31,"column":18},"end":{"line":31,"column":null}},"9":{"start":{"line":32,"column":6},"end":{"line":34,"column":null}},"10":{"start":{"line":33,"column":8},"end":{"line":33,"column":null}},"11":{"start":{"line":35,"column":6},"end":{"line":35,"column":null}},"12":{"start":{"line":36,"column":6},"end":{"line":36,"column":null}},"13":{"start":{"line":38,"column":6},"end":{"line":41,"column":null}},"14":{"start":{"line":45,"column":8},"end":{"line":55,"column":null}},"15":{"start":{"line":46,"column":4},"end":{"line":54,"column":null}},"16":{"start":{"line":47,"column":6},"end":{"line":47,"column":null}},"17":{"start":{"line":48,"column":6},"end":{"line":48,"column":null}},"18":{"start":{"line":50,"column":6},"end":{"line":53,"column":null}},"19":{"start":{"line":57,"column":8},"end":{"line":63,"column":null}},"20":{"start":{"line":58,"column":4},"end":{"line":62,"column":null}},"21":{"start":{"line":59,"column":6},"end":{"line":59,"column":null}},"22":{"start":{"line":61,"column":6},"end":{"line":61,"column":null}},"23":{"start":{"line":65,"column":8},"end":{"line":71,"column":null}},"24":{"start":{"line":66,"column":4},"end":{"line":70,"column":null}},"25":{"start":{"line":67,"column":6},"end":{"line":67,"column":null}},"26":{"start":{"line":69,"column":6},"end":{"line":69,"column":null}},"27":{"start":{"line":73,"column":8},"end":{"line":83,"column":null}},"28":{"start":{"line":74,"column":4},"end":{"line":82,"column":null}},"29":{"start":{"line":75,"column":6},"end":{"line":75,"column":null}},"30":{"start":{"line":76,"column":6},"end":{"line":76,"column":null}},"31":{"start":{"line":78,"column":6},"end":{"line":81,"column":null}},"32":{"start":{"line":85,"column":8},"end":{"line":95,"column":null}},"33":{"start":{"line":86,"column":4},"end":{"line":94,"column":null}},"34":{"start":{"line":87,"column":22},"end":{"line":87,"column":null}},"35":{"start":{"line":88,"column":6},"end":{"line":88,"column":null}},"36":{"start":{"line":90,"column":6},"end":{"line":93,"column":null}},"37":{"start":{"line":97,"column":2},"end":{"line":105,"column":null}}},"fnMap":{"0":{"name":"(anonymous_0)","decl":{"start":{"line":15,"column":13},"end":{"line":15,"column":56}},"loc":{"start":{"line":15,"column":56},"end":{"line":106,"column":null}},"line":15},"1":{"name":"(anonymous_1)","decl":{"start":{"line":16,"column":8},"end":{"line":16,"column":20}},"loc":{"start":{"line":16,"column":74},"end":{"line":26,"column":null}},"line":16},"2":{"name":"(anonymous_2)","decl":{"start":{"line":28,"column":8},"end":{"line":28,"column":21}},"loc":{"start":{"line":28,"column":90},"end":{"line":43,"column":null}},"line":28},"3":{"name":"(anonymous_3)","decl":{"start":{"line":45,"column":8},"end":{"line":45,"column":27}},"loc":{"start":{"line":45,"column":78},"end":{"line":55,"column":null}},"line":45},"4":{"name":"(anonymous_4)","decl":{"start":{"line":57,"column":8},"end":{"line":57,"column":27}},"loc":{"start":{"line":57,"column":56},"end":{"line":63,"column":null}},"line":57},"5":{"name":"(anonymous_5)","decl":{"start":{"line":65,"column":8},"end":{"line":65,"column":22}},"loc":{"start":{"line":65,"column":52},"end":{"line":71,"column":null}},"line":65},"6":{"name":"(anonymous_6)","decl":{"start":{"line":73,"column":8},"end":{"line":73,"column":20}},"loc":{"start":{"line":73,"column":81},"end":{"line":83,"column":null}},"line":73},"7":{"name":"(anonymous_7)","decl":{"start":{"line":85,"column":8},"end":{"line":85,"column":25}},"loc":{"start":{"line":85,"column":80},"end":{"line":95,"column":null}},"line":85}},"branchMap":{"0":{"loc":{"start":{"line":32,"column":6},"end":{"line":34,"column":null}},"type":"if","locations":[{"start":{"line":32,"column":6},"end":{"line":34,"column":null}},{"start":{},"end":{}}],"line":32},"1":{"loc":{"start":{"line":59,"column":13},"end":{"line":59,"column":null}},"type":"binary-expr","locations":[{"start":{"line":59,"column":13},"end":{"line":59,"column":39}},{"start":{"line":59,"column":39},"end":{"line":59,"column":null}}],"line":59},"2":{"loc":{"start":{"line":67,"column":13},"end":{"line":67,"column":null}},"type":"binary-expr","locations":[{"start":{"line":67,"column":13},"end":{"line":67,"column":40}},{"start":{"line":67,"column":40},"end":{"line":67,"column":null}}],"line":67}},"s":{"0":2,"1":37,"2":99,"3":99,"4":99,"5":0,"6":37,"7":422,"8":422,"9":422,"10":6,"11":422,"12":422,"13":0,"14":37,"15":66,"16":66,"17":66,"18":0,"19":37,"20":36,"21":36,"22":0,"23":37,"24":0,"25":0,"26":0,"27":37,"28":0,"29":0,"30":0,"31":0,"32":37,"33":0,"34":0,"35":0,"36":0,"37":37},"f":{"0":37,"1":99,"2":422,"3":66,"4":36,"5":0,"6":0,"7":0},"b":{"0":[6,416],"1":[36,1],"2":[0,0]},"meta":{"lastBranch":3,"lastFunction":8,"lastStatement":38,"seen":{"s:15:13:106:Infinity":0,"f:15:13:15:56":0,"s:16:8:26:Infinity":1,"f:16:8:16:20":1,"s:17:4:25:Infinity":2,"s:18:22:18:Infinity":3,"s:19:6:19:Infinity":4,"s:21:6:24:Infinity":5,"s:28:8:43:Infinity":6,"f:28:8:28:21":2,"s:29:4:42:Infinity":7,"s:31:18:31:Infinity":8,"b:32:6:34:Infinity:undefined:undefined:undefined:undefined":0,"s:32:6:34:Infinity":9,"s:33:8:33:Infinity":10,"s:35:6:35:Infinity":11,"s:36:6:36:Infinity":12,"s:38:6:41:Infinity":13,"s:45:8:55:Infinity":14,"f:45:8:45:27":3,"s:46:4:54:Infinity":15,"s:47:6:47:Infinity":16,"s:48:6:48:Infinity":17,"s:50:6:53:Infinity":18,"s:57:8:63:Infinity":19,"f:57:8:57:27":4,"s:58:4:62:Infinity":20,"s:59:6:59:Infinity":21,"b:59:13:59:39:59:39:59:Infinity":1,"s:61:6:61:Infinity":22,"s:65:8:71:Infinity":23,"f:65:8:65:22":5,"s:66:4:70:Infinity":24,"s:67:6:67:Infinity":25,"b:67:13:67:40:67:40:67:Infinity":2,"s:69:6:69:Infinity":26,"s:73:8:83:Infinity":27,"f:73:8:73:20":6,"s:74:4:82:Infinity":28,"s:75:6:75:Infinity":29,"s:76:6:76:Infinity":30,"s:78:6:81:Infinity":31,"s:85:8:95:Infinity":32,"f:85:8:85:25":7,"s:86:4:94:Infinity":33,"s:87:22:87:Infinity":34,"s:88:6:88:Infinity":35,"s:90:6:93:Infinity":36,"s:97:2:105:Infinity":37},"fnNames":{}}}
,"/Users/budisantoso/Documents/Xzy/create-bun-ink-app/.worktrees/dispatch-tix-create-ink-app-scaffold-WU-04/src/infrastructure/templates/template-engine.ts": {"path":"/Users/budisantoso/Documents/Xzy/create-bun-ink-app/.worktrees/dispatch-tix-create-ink-app-scaffold-WU-04/src/infrastructure/templates/template-engine.ts","statementMap":{"0":{"start":{"line":18,"column":13},"end":{"line":94,"column":null}},"1":{"start":{"line":24,"column":8},"end":{"line":51,"column":null}},"2":{"start":{"line":25,"column":4},"end":{"line":50,"column":null}},"3":{"start":{"line":26,"column":22},"end":{"line":26,"column":null}},"4":{"start":{"line":27,"column":24},"end":{"line":27,"column":null}},"5":{"start":{"line":31,"column":6},"end":{"line":37,"column":null}},"6":{"start":{"line":32,"column":8},"end":{"line":32,"column":null}},"7":{"start":{"line":33,"column":8},"end":{"line":33,"column":null}},"8":{"start":{"line":35,"column":8},"end":{"line":35,"column":null}},"9":{"start":{"line":36,"column":8},"end":{"line":36,"column":null}},"10":{"start":{"line":40,"column":6},"end":{"line":42,"column":null}},"11":{"start":{"line":41,"column":8},"end":{"line":41,"column":null}},"12":{"start":{"line":44,"column":6},"end":{"line":46,"column":null}},"13":{"start":{"line":45,"column":8},"end":{"line":45,"column":null}},"14":{"start":{"line":49,"column":6},"end":{"line":49,"column":null}},"15":{"start":{"line":57,"column":8},"end":{"line":62,"column":null}},"16":{"start":{"line":58,"column":4},"end":{"line":60,"column":null}},"17":{"start":{"line":59,"column":6},"end":{"line":59,"column":null}},"18":{"start":{"line":61,"column":4},"end":{"line":61,"column":null}},"19":{"start":{"line":70,"column":8},"end":{"line":87,"column":null}},"20":{"start":{"line":75,"column":23},"end":{"line":75,"column":null}},"21":{"start":{"line":76,"column":4},"end":{"line":81,"column":null}},"22":{"start":{"line":77,"column":6},"end":{"line":80,"column":null}},"23":{"start":{"line":83,"column":20},"end":{"line":83,"column":null}},"24":{"start":{"line":84,"column":27},"end":{"line":84,"column":null}},"25":{"start":{"line":86,"column":4},"end":{"line":86,"column":null}},"26":{"start":{"line":89,"column":2},"end":{"line":93,"column":null}}},"fnMap":{"0":{"name":"(anonymous_0)","decl":{"start":{"line":18,"column":13},"end":{"line":18,"column":35}},"loc":{"start":{"line":18,"column":78},"end":{"line":94,"column":null}},"line":18},"1":{"name":"(anonymous_1)","decl":{"start":{"line":24,"column":8},"end":{"line":24,"column":27}},"loc":{"start":{"line":24,"column":86},"end":{"line":51,"column":null}},"line":24},"2":{"name":"(anonymous_2)","decl":{"start":{"line":25,"column":28},"end":{"line":25,"column":77}},"loc":{"start":{"line":25,"column":93},"end":{"line":50,"column":5}},"line":25},"3":{"name":"(anonymous_3)","decl":{"start":{"line":57,"column":8},"end":{"line":57,"column":29}},"loc":{"start":{"line":57,"column":66},"end":{"line":62,"column":null}},"line":57},"4":{"name":"(anonymous_4)","decl":{"start":{"line":70,"column":8},"end":{"line":70,"column":null}},"loc":{"start":{"line":74,"column":81},"end":{"line":87,"column":null}},"line":74}},"branchMap":{"0":{"loc":{"start":{"line":31,"column":6},"end":{"line":37,"column":null}},"type":"if","locations":[{"start":{"line":31,"column":6},"end":{"line":37,"column":null}},{"start":{"line":34,"column":13},"end":{"line":37,"column":null}}],"line":31},"1":{"loc":{"start":{"line":40,"column":6},"end":{"line":42,"column":null}},"type":"if","locations":[{"start":{"line":40,"column":6},"end":{"line":42,"column":null}},{"start":{},"end":{}}],"line":40},"2":{"loc":{"start":{"line":44,"column":6},"end":{"line":46,"column":null}},"type":"if","locations":[{"start":{"line":44,"column":6},"end":{"line":46,"column":null}},{"start":{},"end":{}}],"line":44},"3":{"loc":{"start":{"line":58,"column":4},"end":{"line":60,"column":null}},"type":"if","locations":[{"start":{"line":58,"column":4},"end":{"line":60,"column":null}},{"start":{},"end":{}}],"line":58},"4":{"loc":{"start":{"line":76,"column":4},"end":{"line":81,"column":null}},"type":"if","locations":[{"start":{"line":76,"column":4},"end":{"line":81,"column":null}},{"start":{},"end":{}}],"line":76},"5":{"loc":{"start":{"line":84,"column":45},"end":{"line":84,"column":73}},"type":"binary-expr","locations":[{"start":{"line":84,"column":45},"end":{"line":84,"column":61}},{"start":{"line":84,"column":61},"end":{"line":84,"column":73}}],"line":84}},"s":{"0":2,"1":37,"2":107,"3":108,"4":108,"5":108,"6":1,"7":1,"8":107,"9":107,"10":108,"11":106,"12":2,"13":1,"14":1,"15":37,"16":109,"17":108,"18":1,"19":37,"20":99,"21":99,"22":0,"23":99,"24":99,"25":99,"26":37},"f":{"0":37,"1":107,"2":108,"3":109,"4":99},"b":{"0":[1,107],"1":[106,2],"2":[1,1],"3":[108,1],"4":[0,99],"5":[99,0]},"meta":{"lastBranch":6,"lastFunction":5,"lastStatement":27,"seen":{"s:18:13:94:Infinity":0,"f:18:13:18:35":0,"s:24:8:51:Infinity":1,"f:24:8:24:27":1,"s:25:4:50:Infinity":2,"f:25:28:25:77":2,"s:26:22:26:Infinity":3,"s:27:24:27:Infinity":4,"b:31:6:37:Infinity:34:13:37:Infinity":0,"s:31:6:37:Infinity":5,"s:32:8:32:Infinity":6,"s:33:8:33:Infinity":7,"s:35:8:35:Infinity":8,"s:36:8:36:Infinity":9,"b:40:6:42:Infinity:undefined:undefined:undefined:undefined":1,"s:40:6:42:Infinity":10,"s:41:8:41:Infinity":11,"b:44:6:46:Infinity:undefined:undefined:undefined:undefined":2,"s:44:6:46:Infinity":12,"s:45:8:45:Infinity":13,"s:49:6:49:Infinity":14,"s:57:8:62:Infinity":15,"f:57:8:57:29":3,"b:58:4:60:Infinity:undefined:undefined:undefined:undefined":3,"s:58:4:60:Infinity":16,"s:59:6:59:Infinity":17,"s:61:4:61:Infinity":18,"s:70:8:87:Infinity":19,"f:70:8:70:Infinity":4,"s:75:23:75:Infinity":20,"b:76:4:81:Infinity:undefined:undefined:undefined:undefined":4,"s:76:4:81:Infinity":21,"s:77:6:80:Infinity":22,"s:83:20:83:Infinity":23,"s:84:27:84:Infinity":24,"b:84:45:84:61:84:61:84:73":5,"s:86:4:86:Infinity":25,"s:89:2:93:Infinity":26},"fnNames":{}}}
,"/Users/budisantoso/Documents/Xzy/create-bun-ink-app/.worktrees/dispatch-tix-create-ink-app-scaffold-WU-04/src/presentation/formatters/output-formatter.ts": {"path":"/Users/budisantoso/Documents/Xzy/create-bun-ink-app/.worktrees/dispatch-tix-create-ink-app-scaffold-WU-04/src/presentation/formatters/output-formatter.ts","statementMap":{"0":{"start":{"line":10,"column":13},"end":{"line":27,"column":null}},"1":{"start":{"line":11,"column":26},"end":{"line":25,"column":null}},"2":{"start":{"line":18,"column":31},"end":{"line":18,"column":43}},"3":{"start":{"line":26,"column":2},"end":{"line":26,"column":null}},"4":{"start":{"line":29,"column":13},"end":{"line":42,"column":null}},"5":{"start":{"line":30,"column":2},"end":{"line":41,"column":null}},"6":{"start":{"line":32,"column":6},"end":{"line":32,"column":null}},"7":{"start":{"line":34,"column":6},"end":{"line":34,"column":null}},"8":{"start":{"line":36,"column":6},"end":{"line":36,"column":null}},"9":{"start":{"line":38,"column":6},"end":{"line":38,"column":null}},"10":{"start":{"line":40,"column":6},"end":{"line":40,"column":null}},"11":{"start":{"line":44,"column":13},"end":{"line":71,"column":null}},"12":{"start":{"line":45,"column":2},"end":{"line":70,"column":null}},"13":{"start":{"line":73,"column":13},"end":{"line":75,"column":null}},"14":{"start":{"line":74,"column":2},"end":{"line":74,"column":null}},"15":{"start":{"line":77,"column":13},"end":{"line":84,"column":null}},"16":{"start":{"line":80,"column":2},"end":{"line":82,"column":null}},"17":{"start":{"line":81,"column":4},"end":{"line":81,"column":null}},"18":{"start":{"line":83,"column":2},"end":{"line":83,"column":null}},"19":{"start":{"line":87,"column":13},"end":{"line":89,"column":null}},"20":{"start":{"line":88,"column":2},"end":{"line":88,"column":null}},"21":{"start":{"line":92,"column":13},"end":{"line":99,"column":null}},"22":{"start":{"line":93,"column":2},"end":{"line":98,"column":null}}},"fnMap":{"0":{"name":"(anonymous_0)","decl":{"start":{"line":10,"column":13},"end":{"line":10,"column":38}},"loc":{"start":{"line":10,"column":73},"end":{"line":27,"column":null}},"line":10},"1":{"name":"(anonymous_1)","decl":{"start":{"line":18,"column":20},"end":{"line":18,"column":25}},"loc":{"start":{"line":18,"column":31},"end":{"line":18,"column":43}},"line":18},"2":{"name":"(anonymous_2)","decl":{"start":{"line":29,"column":13},"end":{"line":29,"column":36}},"loc":{"start":{"line":29,"column":69},"end":{"line":42,"column":null}},"line":29},"3":{"name":"(anonymous_3)","decl":{"start":{"line":44,"column":13},"end":{"line":44,"column":40}},"loc":{"start":{"line":44,"column":40},"end":{"line":71,"column":null}},"line":44},"4":{"name":"(anonymous_4)","decl":{"start":{"line":73,"column":13},"end":{"line":73,"column":30}},"loc":{"start":{"line":73,"column":58},"end":{"line":75,"column":null}},"line":73},"5":{"name":"(anonymous_5)","decl":{"start":{"line":77,"column":13},"end":{"line":77,"column":null}},"loc":{"start":{"line":79,"column":41},"end":{"line":84,"column":null}},"line":79},"6":{"name":"(anonymous_6)","decl":{"start":{"line":87,"column":13},"end":{"line":87,"column":54}},"loc":{"start":{"line":87,"column":54},"end":{"line":89,"column":null}},"line":87},"7":{"name":"(anonymous_7)","decl":{"start":{"line":92,"column":13},"end":{"line":92,"column":47}},"loc":{"start":{"line":92,"column":47},"end":{"line":99,"column":null}},"line":92}},"branchMap":{"0":{"loc":{"start":{"line":30,"column":2},"end":{"line":41,"column":null}},"type":"switch","locations":[{"start":{"line":31,"column":4},"end":{"line":32,"column":null}},{"start":{"line":33,"column":4},"end":{"line":34,"column":null}},{"start":{"line":35,"column":4},"end":{"line":36,"column":null}},{"start":{"line":37,"column":4},"end":{"line":38,"column":null}},{"start":{"line":39,"column":4},"end":{"line":40,"column":null}}],"line":30},"1":{"loc":{"start":{"line":80,"column":2},"end":{"line":82,"column":null}},"type":"if","locations":[{"start":{"line":80,"column":2},"end":{"line":82,"column":null}},{"start":{},"end":{}}],"line":80}},"s":{"0":1,"1":2,"2":2,"3":2,"4":1,"5":5,"6":2,"7":1,"8":1,"9":1,"10":0,"11":1,"12":1,"13":1,"14":2,"15":1,"16":2,"17":1,"18":1,"19":1,"20":0,"21":1,"22":0},"f":{"0":2,"1":2,"2":5,"3":1,"4":2,"5":2,"6":0,"7":0},"b":{"0":[2,1,1,1,0],"1":[1,1]},"meta":{"lastBranch":2,"lastFunction":8,"lastStatement":23,"seen":{"s:10:13:27:Infinity":0,"f:10:13:10:38":0,"s:11:26:25:Infinity":1,"f:18:20:18:25":1,"s:18:31:18:43":2,"s:26:2:26:Infinity":3,"s:29:13:42:Infinity":4,"f:29:13:29:36":2,"b:31:4:32:Infinity:33:4:34:Infinity:35:4:36:Infinity:37:4:38:Infinity:39:4:40:Infinity":0,"s:30:2:41:Infinity":5,"s:32:6:32:Infinity":6,"s:34:6:34:Infinity":7,"s:36:6:36:Infinity":8,"s:38:6:38:Infinity":9,"s:40:6:40:Infinity":10,"s:44:13:71:Infinity":11,"f:44:13:44:40":3,"s:45:2:70:Infinity":12,"s:73:13:75:Infinity":13,"f:73:13:73:30":4,"s:74:2:74:Infinity":14,"s:77:13:84:Infinity":15,"f:77:13:77:Infinity":5,"b:80:2:82:Infinity:undefined:undefined:undefined:undefined":1,"s:80:2:82:Infinity":16,"s:81:4:81:Infinity":17,"s:83:2:83:Infinity":18,"s:87:13:89:Infinity":19,"f:87:13:87:54":6,"s:88:2:88:Infinity":20,"s:92:13:99:Infinity":21,"f:92:13:92:47":7,"s:93:2:98:Infinity":22},"fnNames":{}}}
,"/Users/budisantoso/Documents/Xzy/create-bun-ink-app/.worktrees/dispatch-tix-create-ink-app-scaffold-WU-04/src/presentation/parsers/args-parser.ts": {"path":"/Users/budisantoso/Documents/Xzy/create-bun-ink-app/.worktrees/dispatch-tix-create-ink-app-scaffold-WU-04/src/presentation/parsers/args-parser.ts","statementMap":{"0":{"start":{"line":41,"column":13},"end":{"line":63,"column":null}},"1":{"start":{"line":42,"column":20},"end":{"line":42,"column":null}},"2":{"start":{"line":43,"column":22},"end":{"line":43,"column":null}},"3":{"start":{"line":45,"column":2},"end":{"line":62,"column":null}},"4":{"start":{"line":66,"column":13},"end":{"line":82,"column":null}},"5":{"start":{"line":67,"column":2},"end":{"line":81,"column":null}}},"fnMap":{"0":{"name":"(anonymous_0)","decl":{"start":{"line":41,"column":13},"end":{"line":41,"column":26}},"loc":{"start":{"line":41,"column":60},"end":{"line":63,"column":null}},"line":41},"1":{"name":"(anonymous_1)","decl":{"start":{"line":66,"column":13},"end":{"line":66,"column":42}},"loc":{"start":{"line":66,"column":89},"end":{"line":82,"column":null}},"line":66}},"branchMap":{"0":{"loc":{"start":{"line":43,"column":22},"end":{"line":43,"column":null}},"type":"binary-expr","locations":[{"start":{"line":43,"column":22},"end":{"line":43,"column":55}},{"start":{"line":43,"column":55},"end":{"line":43,"column":null}}],"line":43},"1":{"loc":{"start":{"line":48,"column":19},"end":{"line":48,"column":null}},"type":"binary-expr","locations":[{"start":{"line":48,"column":19},"end":{"line":48,"column":54}},{"start":{"line":48,"column":54},"end":{"line":48,"column":null}}],"line":48},"2":{"loc":{"start":{"line":50,"column":15},"end":{"line":50,"column":null}},"type":"cond-expr","locations":[{"start":{"line":50,"column":29},"end":{"line":50,"column":37}},{"start":{"line":50,"column":37},"end":{"line":50,"column":null}}],"line":50},"3":{"loc":{"start":{"line":52,"column":12},"end":{"line":52,"column":null}},"type":"binary-expr","locations":[{"start":{"line":52,"column":12},"end":{"line":52,"column":36}},{"start":{"line":52,"column":36},"end":{"line":52,"column":null}}],"line":52},"4":{"loc":{"start":{"line":54,"column":17},"end":{"line":54,"column":null}},"type":"cond-expr","locations":[{"start":{"line":54,"column":49},"end":{"line":54,"column":61}},{"start":{"line":54,"column":61},"end":{"line":54,"column":null}}],"line":54},"5":{"loc":{"start":{"line":55,"column":13},"end":{"line":55,"column":null}},"type":"cond-expr","locations":[{"start":{"line":55,"column":48},"end":{"line":55,"column":63}},{"start":{"line":55,"column":63},"end":{"line":55,"column":null}}],"line":55},"6":{"loc":{"start":{"line":56,"column":14},"end":{"line":56,"column":null}},"type":"cond-expr","locations":[{"start":{"line":56,"column":50},"end":{"line":56,"column":66}},{"start":{"line":56,"column":66},"end":{"line":56,"column":null}}],"line":56},"7":{"loc":{"start":{"line":57,"column":12},"end":{"line":57,"column":null}},"type":"cond-expr","locations":[{"start":{"line":57,"column":46},"end":{"line":57,"column":60}},{"start":{"line":57,"column":60},"end":{"line":57,"column":null}}],"line":57},"8":{"loc":{"start":{"line":58,"column":19},"end":{"line":58,"column":null}},"type":"cond-expr","locations":[{"start":{"line":58,"column":51},"end":{"line":58,"column":63}},{"start":{"line":58,"column":63},"end":{"line":58,"column":null}}],"line":58},"9":{"loc":{"start":{"line":59,"column":15},"end":{"line":59,"column":null}},"type":"cond-expr","locations":[{"start":{"line":59,"column":52},"end":{"line":59,"column":69}},{"start":{"line":59,"column":69},"end":{"line":59,"column":null}}],"line":59},"10":{"loc":{"start":{"line":60,"column":20},"end":{"line":60,"column":null}},"type":"cond-expr","locations":[{"start":{"line":60,"column":50},"end":{"line":60,"column":60}},{"start":{"line":60,"column":60},"end":{"line":60,"column":null}}],"line":60},"11":{"loc":{"start":{"line":68,"column":17},"end":{"line":68,"column":null}},"type":"binary-expr","locations":[{"start":{"line":68,"column":17},"end":{"line":68,"column":39}},{"start":{"line":68,"column":39},"end":{"line":68,"column":null}}],"line":68},"12":{"loc":{"start":{"line":69,"column":14},"end":{"line":69,"column":null}},"type":"binary-expr","locations":[{"start":{"line":69,"column":14},"end":{"line":69,"column":61}},{"start":{"line":69,"column":61},"end":{"line":69,"column":null}}],"line":69},"13":{"loc":{"start":{"line":70,"column":15},"end":{"line":70,"column":null}},"type":"binary-expr","locations":[{"start":{"line":70,"column":15},"end":{"line":70,"column":64}},{"start":{"line":70,"column":64},"end":{"line":70,"column":null}}],"line":70},"14":{"loc":{"start":{"line":71,"column":13},"end":{"line":71,"column":null}},"type":"binary-expr","locations":[{"start":{"line":71,"column":13},"end":{"line":71,"column":58}},{"start":{"line":71,"column":58},"end":{"line":71,"column":null}}],"line":71},"15":{"loc":{"start":{"line":73,"column":7},"end":{"line":74,"column":null}},"type":"binary-expr","locations":[{"start":{"line":73,"column":7},"end":{"line":73,"column":null}},{"start":{"line":74,"column":6},"end":{"line":74,"column":null}}],"line":73},"16":{"loc":{"start":{"line":75,"column":16},"end":{"line":75,"column":null}},"type":"binary-expr","locations":[{"start":{"line":75,"column":16},"end":{"line":75,"column":67}},{"start":{"line":75,"column":67},"end":{"line":75,"column":null}}],"line":75},"17":{"loc":{"start":{"line":77,"column":7},"end":{"line":78,"column":null}},"type":"binary-expr","locations":[{"start":{"line":77,"column":7},"end":{"line":77,"column":null}},{"start":{"line":78,"column":6},"end":{"line":78,"column":null}}],"line":77},"18":{"loc":{"start":{"line":79,"column":15},"end":{"line":79,"column":null}},"type":"binary-expr","locations":[{"start":{"line":79,"column":15},"end":{"line":79,"column":35}},{"start":{"line":79,"column":35},"end":{"line":79,"column":null}}],"line":79},"19":{"loc":{"start":{"line":80,"column":12},"end":{"line":80,"column":null}},"type":"binary-expr","locations":[{"start":{"line":80,"column":12},"end":{"line":80,"column":29}},{"start":{"line":80,"column":29},"end":{"line":80,"column":null}}],"line":80}},"s":{"0":1,"1":21,"2":21,"3":21,"4":1,"5":6},"f":{"0":21,"1":6},"b":{"0":[21,19],"1":[21,20],"2":[2,19],"3":[21,20],"4":[4,17],"5":[1,20],"6":[1,20],"7":[1,20],"8":[1,20],"9":[1,20],"10":[1,20],"11":[6,1],"12":[6,4],"13":[6,4],"14":[6,4],"15":[6,4],"16":[6,4],"17":[6,4],"18":[6,3],"19":[6,5]},"meta":{"lastBranch":20,"lastFunction":2,"lastStatement":6,"seen":{"s:41:13:63:Infinity":0,"f:41:13:41:26":0,"s:42:20:42:Infinity":1,"s:43:22:43:Infinity":2,"b:43:22:43:55:43:55:43:Infinity":0,"s:45:2:62:Infinity":3,"b:48:19:48:54:48:54:48:Infinity":1,"b:50:29:50:37:50:37:50:Infinity":2,"b:52:12:52:36:52:36:52:Infinity":3,"b:54:49:54:61:54:61:54:Infinity":4,"b:55:48:55:63:55:63:55:Infinity":5,"b:56:50:56:66:56:66:56:Infinity":6,"b:57:46:57:60:57:60:57:Infinity":7,"b:58:51:58:63:58:63:58:Infinity":8,"b:59:52:59:69:59:69:59:Infinity":9,"b:60:50:60:60:60:60:60:Infinity":10,"s:66:13:82:Infinity":4,"f:66:13:66:42":1,"s:67:2:81:Infinity":5,"b:68:17:68:39:68:39:68:Infinity":11,"b:69:14:69:61:69:61:69:Infinity":12,"b:70:15:70:64:70:64:70:Infinity":13,"b:71:13:71:58:71:58:71:Infinity":14,"b:73:7:73:Infinity:74:6:74:Infinity":15,"b:75:16:75:67:75:67:75:Infinity":16,"b:77:7:77:Infinity:78:6:78:Infinity":17,"b:79:15:79:35:79:35:79:Infinity":18,"b:80:12:80:29:80:29:80:Infinity":19},"fnNames":{}}}
,"/Users/budisantoso/Documents/Xzy/create-bun-ink-app/.worktrees/dispatch-tix-create-ink-app-scaffold-WU-04/src/presentation/wizard/interactive-wizard.ts": {"path":"/Users/budisantoso/Documents/Xzy/create-bun-ink-app/.worktrees/dispatch-tix-create-ink-app-scaffold-WU-04/src/presentation/wizard/interactive-wizard.ts","statementMap":{"0":{"start":{"line":28,"column":24},"end":{"line":31,"column":null}},"1":{"start":{"line":34,"column":25},"end":{"line":37,"column":null}},"2":{"start":{"line":40,"column":19},"end":{"line":45,"column":null}},"3":{"start":{"line":48,"column":23},"end":{"line":52,"column":null}},"4":{"start":{"line":55,"column":21},"end":{"line":57,"column":null}},"5":{"start":{"line":60,"column":26},"end":{"line":64,"column":null}},"6":{"start":{"line":72,"column":36},"end":{"line":196,"column":null}},"7":{"start":{"line":76,"column":2},"end":{"line":76,"column":null}},"8":{"start":{"line":78,"column":32},"end":{"line":89,"column":null}},"9":{"start":{"line":92,"column":2},"end":{"line":102,"column":null}},"10":{"start":{"line":93,"column":30},"end":{"line":97,"column":null}},"11":{"start":{"line":98,"column":4},"end":{"line":98,"column":null}},"12":{"start":{"line":98,"column":45},"end":{"line":98,"column":null}},"13":{"start":{"line":99,"column":4},"end":{"line":99,"column":null}},"14":{"start":{"line":101,"column":4},"end":{"line":101,"column":null}},"15":{"start":{"line":105,"column":2},"end":{"line":115,"column":null}},"16":{"start":{"line":106,"column":26},"end":{"line":110,"column":null}},"17":{"start":{"line":111,"column":4},"end":{"line":111,"column":null}},"18":{"start":{"line":111,"column":41},"end":{"line":111,"column":null}},"19":{"start":{"line":112,"column":4},"end":{"line":112,"column":null}},"20":{"start":{"line":114,"column":4},"end":{"line":114,"column":null}},"21":{"start":{"line":118,"column":2},"end":{"line":128,"column":null}},"22":{"start":{"line":119,"column":27},"end":{"line":123,"column":null}},"23":{"start":{"line":124,"column":4},"end":{"line":124,"column":null}},"24":{"start":{"line":124,"column":42},"end":{"line":124,"column":null}},"25":{"start":{"line":125,"column":4},"end":{"line":125,"column":null}},"26":{"start":{"line":127,"column":4},"end":{"line":127,"column":null}},"27":{"start":{"line":131,"column":2},"end":{"line":141,"column":null}},"28":{"start":{"line":132,"column":21},"end":{"line":136,"column":null}},"29":{"start":{"line":137,"column":4},"end":{"line":137,"column":null}},"30":{"start":{"line":137,"column":36},"end":{"line":137,"column":null}},"31":{"start":{"line":138,"column":4},"end":{"line":138,"column":null}},"32":{"start":{"line":140,"column":4},"end":{"line":140,"column":null}},"33":{"start":{"line":144,"column":2},"end":{"line":154,"column":null}},"34":{"start":{"line":145,"column":25},"end":{"line":149,"column":null}},"35":{"start":{"line":150,"column":4},"end":{"line":150,"column":null}},"36":{"start":{"line":150,"column":40},"end":{"line":150,"column":null}},"37":{"start":{"line":151,"column":4},"end":{"line":151,"column":null}},"38":{"start":{"line":153,"column":4},"end":{"line":153,"column":null}},"39":{"start":{"line":157,"column":2},"end":{"line":167,"column":null}},"40":{"start":{"line":158,"column":23},"end":{"line":162,"column":null}},"41":{"start":{"line":163,"column":4},"end":{"line":163,"column":null}},"42":{"start":{"line":163,"column":38},"end":{"line":163,"column":null}},"43":{"start":{"line":164,"column":4},"end":{"line":164,"column":null}},"44":{"start":{"line":166,"column":4},"end":{"line":166,"column":null}},"45":{"start":{"line":170,"column":2},"end":{"line":180,"column":null}},"46":{"start":{"line":171,"column":28},"end":{"line":175,"column":null}},"47":{"start":{"line":176,"column":4},"end":{"line":176,"column":null}},"48":{"start":{"line":176,"column":43},"end":{"line":176,"column":null}},"49":{"start":{"line":177,"column":4},"end":{"line":177,"column":null}},"50":{"start":{"line":179,"column":4},"end":{"line":179,"column":null}},"51":{"start":{"line":183,"column":2},"end":{"line":192,"column":null}},"52":{"start":{"line":184,"column":26},"end":{"line":187,"column":null}},"53":{"start":{"line":188,"column":4},"end":{"line":188,"column":null}},"54":{"start":{"line":188,"column":41},"end":{"line":188,"column":null}},"55":{"start":{"line":189,"column":4},"end":{"line":189,"column":null}},"56":{"start":{"line":191,"column":4},"end":{"line":191,"column":null}},"57":{"start":{"line":194,"column":2},"end":{"line":194,"column":null}},"58":{"start":{"line":195,"column":2},"end":{"line":195,"column":null}}},"fnMap":{"0":{"name":"(anonymous_0)","decl":{"start":{"line":72,"column":36},"end":{"line":72,"column":null}},"loc":{"start":{"line":75,"column":29},"end":{"line":196,"column":null}},"line":75}},"branchMap":{"0":{"loc":{"start":{"line":92,"column":2},"end":{"line":102,"column":null}},"type":"if","locations":[{"start":{"line":92,"column":2},"end":{"line":102,"column":null}},{"start":{"line":100,"column":9},"end":{"line":102,"column":null}}],"line":92},"1":{"loc":{"start":{"line":98,"column":4},"end":{"line":98,"column":null}},"type":"if","locations":[{"start":{"line":98,"column":4},"end":{"line":98,"column":null}},{"start":{},"end":{}}],"line":98},"2":{"loc":{"start":{"line":105,"column":2},"end":{"line":115,"column":null}},"type":"if","locations":[{"start":{"line":105,"column":2},"end":{"line":115,"column":null}},{"start":{"line":113,"column":9},"end":{"line":115,"column":null}}],"line":105},"3":{"loc":{"start":{"line":111,"column":4},"end":{"line":111,"column":null}},"type":"if","locations":[{"start":{"line":111,"column":4},"end":{"line":111,"column":null}},{"start":{},"end":{}}],"line":111},"4":{"loc":{"start":{"line":118,"column":2},"end":{"line":128,"column":null}},"type":"if","locations":[{"start":{"line":118,"column":2},"end":{"line":128,"column":null}},{"start":{"line":126,"column":9},"end":{"line":128,"column":null}}],"line":118},"5":{"loc":{"start":{"line":124,"column":4},"end":{"line":124,"column":null}},"type":"if","locations":[{"start":{"line":124,"column":4},"end":{"line":124,"column":null}},{"start":{},"end":{}}],"line":124},"6":{"loc":{"start":{"line":131,"column":2},"end":{"line":141,"column":null}},"type":"if","locations":[{"start":{"line":131,"column":2},"end":{"line":141,"column":null}},{"start":{"line":139,"column":9},"end":{"line":141,"column":null}}],"line":131},"7":{"loc":{"start":{"line":137,"column":4},"end":{"line":137,"column":null}},"type":"if","locations":[{"start":{"line":137,"column":4},"end":{"line":137,"column":null}},{"start":{},"end":{}}],"line":137},"8":{"loc":{"start":{"line":144,"column":2},"end":{"line":154,"column":null}},"type":"if","locations":[{"start":{"line":144,"column":2},"end":{"line":154,"column":null}},{"start":{"line":152,"column":9},"end":{"line":154,"column":null}}],"line":144},"9":{"loc":{"start":{"line":150,"column":4},"end":{"line":150,"column":null}},"type":"if","locations":[{"start":{"line":150,"column":4},"end":{"line":150,"column":null}},{"start":{},"end":{}}],"line":150},"10":{"loc":{"start":{"line":157,"column":2},"end":{"line":167,"column":null}},"type":"if","locations":[{"start":{"line":157,"column":2},"end":{"line":167,"column":null}},{"start":{"line":165,"column":9},"end":{"line":167,"column":null}}],"line":157},"11":{"loc":{"start":{"line":163,"column":4},"end":{"line":163,"column":null}},"type":"if","locations":[{"start":{"line":163,"column":4},"end":{"line":163,"column":null}},{"start":{},"end":{}}],"line":163},"12":{"loc":{"start":{"line":170,"column":2},"end":{"line":180,"column":null}},"type":"if","locations":[{"start":{"line":170,"column":2},"end":{"line":180,"column":null}},{"start":{"line":178,"column":9},"end":{"line":180,"column":null}}],"line":170},"13":{"loc":{"start":{"line":176,"column":4},"end":{"line":176,"column":null}},"type":"if","locations":[{"start":{"line":176,"column":4},"end":{"line":176,"column":null}},{"start":{},"end":{}}],"line":176},"14":{"loc":{"start":{"line":183,"column":2},"end":{"line":192,"column":null}},"type":"if","locations":[{"start":{"line":183,"column":2},"end":{"line":192,"column":null}},{"start":{"line":190,"column":9},"end":{"line":192,"column":null}}],"line":183},"15":{"loc":{"start":{"line":188,"column":4},"end":{"line":188,"column":null}},"type":"if","locations":[{"start":{"line":188,"column":4},"end":{"line":188,"column":null}},{"start":{},"end":{}}],"line":188}},"s":{"0":1,"1":1,"2":1,"3":1,"4":1,"5":1,"6":1,"7":16,"8":16,"9":16,"10":14,"11":14,"12":1,"13":13,"14":2,"15":15,"16":12,"17":12,"18":0,"19":12,"20":3,"21":15,"22":13,"23":13,"24":0,"25":13,"26":2,"27":15,"28":15,"29":15,"30":0,"31":15,"32":0,"33":15,"34":15,"35":15,"36":0,"37":15,"38":0,"39":15,"40":15,"41":15,"42":0,"43":15,"44":0,"45":15,"46":15,"47":15,"48":0,"49":15,"50":0,"51":15,"52":13,"53":13,"54":0,"55":13,"56":2,"57":15,"58":15},"f":{"0":16},"b":{"0":[14,2],"1":[1,13],"2":[12,3],"3":[0,12],"4":[13,2],"5":[0,13],"6":[15,0],"7":[0,15],"8":[15,0],"9":[0,15],"10":[15,0],"11":[0,15],"12":[15,0],"13":[0,15],"14":[13,2],"15":[0,13]},"meta":{"lastBranch":16,"lastFunction":1,"lastStatement":59,"seen":{"s:28:24:31:Infinity":0,"s:34:25:37:Infinity":1,"s:40:19:45:Infinity":2,"s:48:23:52:Infinity":3,"s:55:21:57:Infinity":4,"s:60:26:64:Infinity":5,"s:72:36:196:Infinity":6,"f:72:36:72:Infinity":0,"s:76:2:76:Infinity":7,"s:78:32:89:Infinity":8,"b:92:2:102:Infinity:100:9:102:Infinity":0,"s:92:2:102:Infinity":9,"s:93:30:97:Infinity":10,"b:98:4:98:Infinity:undefined:undefined:undefined:undefined":1,"s:98:4:98:Infinity":11,"s:98:45:98:Infinity":12,"s:99:4:99:Infinity":13,"s:101:4:101:Infinity":14,"b:105:2:115:Infinity:113:9:115:Infinity":2,"s:105:2:115:Infinity":15,"s:106:26:110:Infinity":16,"b:111:4:111:Infinity:undefined:undefined:undefined:undefined":3,"s:111:4:111:Infinity":17,"s:111:41:111:Infinity":18,"s:112:4:112:Infinity":19,"s:114:4:114:Infinity":20,"b:118:2:128:Infinity:126:9:128:Infinity":4,"s:118:2:128:Infinity":21,"s:119:27:123:Infinity":22,"b:124:4:124:Infinity:undefined:undefined:undefined:undefined":5,"s:124:4:124:Infinity":23,"s:124:42:124:Infinity":24,"s:125:4:125:Infinity":25,"s:127:4:127:Infinity":26,"b:131:2:141:Infinity:139:9:141:Infinity":6,"s:131:2:141:Infinity":27,"s:132:21:136:Infinity":28,"b:137:4:137:Infinity:undefined:undefined:undefined:undefined":7,"s:137:4:137:Infinity":29,"s:137:36:137:Infinity":30,"s:138:4:138:Infinity":31,"s:140:4:140:Infinity":32,"b:144:2:154:Infinity:152:9:154:Infinity":8,"s:144:2:154:Infinity":33,"s:145:25:149:Infinity":34,"b:150:4:150:Infinity:undefined:undefined:undefined:undefined":9,"s:150:4:150:Infinity":35,"s:150:40:150:Infinity":36,"s:151:4:151:Infinity":37,"s:153:4:153:Infinity":38,"b:157:2:167:Infinity:165:9:167:Infinity":10,"s:157:2:167:Infinity":39,"s:158:23:162:Infinity":40,"b:163:4:163:Infinity:undefined:undefined:undefined:undefined":11,"s:163:4:163:Infinity":41,"s:163:38:163:Infinity":42,"s:164:4:164:Infinity":43,"s:166:4:166:Infinity":44,"b:170:2:180:Infinity:178:9:180:Infinity":12,"s:170:2:180:Infinity":45,"s:171:28:175:Infinity":46,"b:176:4:176:Infinity:undefined:undefined:undefined:undefined":13,"s:176:4:176:Infinity":47,"s:176:43:176:Infinity":48,"s:177:4:177:Infinity":49,"s:179:4:179:Infinity":50,"b:183:2:192:Infinity:190:9:192:Infinity":14,"s:183:2:192:Infinity":51,"s:184:26:187:Infinity":52,"b:188:4:188:Infinity:undefined:undefined:undefined:undefined":15,"s:188:4:188:Infinity":53,"s:188:41:188:Infinity":54,"s:189:4:189:Infinity":55,"s:191:4:191:Infinity":56,"s:194:2:194:Infinity":57,"s:195:2:195:Infinity":58},"fnNames":{}}}
,"/Users/budisantoso/Documents/Xzy/create-bun-ink-app/.worktrees/dispatch-tix-create-ink-app-scaffold-WU-04/src/shared/errors/result.ts": {"path":"/Users/budisantoso/Documents/Xzy/create-bun-ink-app/.worktrees/dispatch-tix-create-ink-app-scaffold-WU-04/src/shared/errors/result.ts","statementMap":{"0":{"start":{"line":12,"column":13},"end":{"line":12,"column":null}},"1":{"start":{"line":12,"column":55},"end":{"line":12,"column":null}},"2":{"start":{"line":13,"column":13},"end":{"line":13,"column":null}},"3":{"start":{"line":13,"column":57},"end":{"line":13,"column":null}},"4":{"start":{"line":19,"column":13},"end":{"line":22,"column":null}},"5":{"start":{"line":20,"column":2},"end":{"line":20,"column":null}},"6":{"start":{"line":20,"column":17},"end":{"line":20,"column":null}},"7":{"start":{"line":21,"column":2},"end":{"line":21,"column":null}},"8":{"start":{"line":27,"column":13},"end":{"line":30,"column":null}},"9":{"start":{"line":28,"column":2},"end":{"line":28,"column":null}},"10":{"start":{"line":28,"column":17},"end":{"line":28,"column":null}},"11":{"start":{"line":29,"column":2},"end":{"line":29,"column":null}},"12":{"start":{"line":35,"column":13},"end":{"line":41,"column":null}},"13":{"start":{"line":39,"column":2},"end":{"line":39,"column":null}},"14":{"start":{"line":39,"column":17},"end":{"line":39,"column":null}},"15":{"start":{"line":40,"column":2},"end":{"line":40,"column":null}},"16":{"start":{"line":46,"column":13},"end":{"line":52,"column":null}},"17":{"start":{"line":50,"column":2},"end":{"line":50,"column":null}},"18":{"start":{"line":50,"column":17},"end":{"line":50,"column":null}},"19":{"start":{"line":51,"column":2},"end":{"line":51,"column":null}}},"fnMap":{"0":{"name":"(anonymous_0)","decl":{"start":{"line":12,"column":13},"end":{"line":12,"column":34}},"loc":{"start":{"line":12,"column":55},"end":{"line":12,"column":null}},"line":12},"1":{"name":"(anonymous_1)","decl":{"start":{"line":13,"column":13},"end":{"line":13,"column":35}},"loc":{"start":{"line":13,"column":57},"end":{"line":13,"column":null}},"line":13},"2":{"name":"(anonymous_2)","decl":{"start":{"line":19,"column":13},"end":{"line":19,"column":29}},"loc":{"start":{"line":19,"column":57},"end":{"line":22,"column":null}},"line":19},"3":{"name":"(anonymous_3)","decl":{"start":{"line":27,"column":13},"end":{"line":27,"column":29}},"loc":{"start":{"line":27,"column":89},"end":{"line":30,"column":null}},"line":27},"4":{"name":"(anonymous_4)","decl":{"start":{"line":35,"column":13},"end":{"line":35,"column":null}},"loc":{"start":{"line":38,"column":19},"end":{"line":41,"column":null}},"line":38},"5":{"name":"(anonymous_5)","decl":{"start":{"line":46,"column":13},"end":{"line":46,"column":null}},"loc":{"start":{"line":49,"column":8},"end":{"line":52,"column":null}},"line":49}},"branchMap":{"0":{"loc":{"start":{"line":20,"column":2},"end":{"line":20,"column":null}},"type":"if","locations":[{"start":{"line":20,"column":2},"end":{"line":20,"column":null}},{"start":{},"end":{}}],"line":20},"1":{"loc":{"start":{"line":28,"column":2},"end":{"line":28,"column":null}},"type":"if","locations":[{"start":{"line":28,"column":2},"end":{"line":28,"column":null}},{"start":{},"end":{}}],"line":28},"2":{"loc":{"start":{"line":39,"column":2},"end":{"line":39,"column":null}},"type":"if","locations":[{"start":{"line":39,"column":2},"end":{"line":39,"column":null}},{"start":{},"end":{}}],"line":39},"3":{"loc":{"start":{"line":50,"column":2},"end":{"line":50,"column":null}},"type":"if","locations":[{"start":{"line":50,"column":2},"end":{"line":50,"column":null}},{"start":{},"end":{}}],"line":50}},"s":{"0":6,"1":879,"2":6,"3":18,"4":6,"5":0,"6":0,"7":0,"8":6,"9":0,"10":0,"11":0,"12":6,"13":0,"14":0,"15":0,"16":6,"17":0,"18":0,"19":0},"f":{"0":879,"1":18,"2":0,"3":0,"4":0,"5":0},"b":{"0":[0,0],"1":[0,0],"2":[0,0],"3":[0,0]},"meta":{"lastBranch":4,"lastFunction":6,"lastStatement":20,"seen":{"s:12:13:12:Infinity":0,"f:12:13:12:34":0,"s:12:55:12:Infinity":1,"s:13:13:13:Infinity":2,"f:13:13:13:35":1,"s:13:57:13:Infinity":3,"s:19:13:22:Infinity":4,"f:19:13:19:29":2,"b:20:2:20:Infinity:undefined:undefined:undefined:undefined":0,"s:20:2:20:Infinity":5,"s:20:17:20:Infinity":6,"s:21:2:21:Infinity":7,"s:27:13:30:Infinity":8,"f:27:13:27:29":3,"b:28:2:28:Infinity:undefined:undefined:undefined:undefined":1,"s:28:2:28:Infinity":9,"s:28:17:28:Infinity":10,"s:29:2:29:Infinity":11,"s:35:13:41:Infinity":12,"f:35:13:35:Infinity":4,"b:39:2:39:Infinity:undefined:undefined:undefined:undefined":2,"s:39:2:39:Infinity":13,"s:39:17:39:Infinity":14,"s:40:2:40:Infinity":15,"s:46:13:52:Infinity":16,"f:46:13:46:Infinity":5,"b:50:2:50:Infinity:undefined:undefined:undefined:undefined":3,"s:50:2:50:Infinity":17,"s:50:17:50:Infinity":18,"s:51:2:51:Infinity":19},"fnNames":{}}}
}
