{"/Users/budisantoso/Documents/Xzy/create-bun-ink-app/.worktrees/dispatch-tix-create-ink-app-scaffold-WU-01/src/application/commands/scaffold-project.ts": {"path":"/Users/budisantoso/Documents/Xzy/create-bun-ink-app/.worktrees/dispatch-tix-create-ink-app-scaffold-WU-01/src/application/commands/scaffold-project.ts","statementMap":{"0":{"start":{"line":41,"column":26},"end":{"line":45,"column":null}},"1":{"start":{"line":53,"column":36},"end":{"line":63,"column":null}},"2":{"start":{"line":75,"column":13},"end":{"line":185,"column":null}},"3":{"start":{"line":75,"column":53},"end":{"line":185,"column":null}},"4":{"start":{"line":77,"column":21},"end":{"line":77,"column":null}},"5":{"start":{"line":78,"column":2},"end":{"line":83,"column":null}},"6":{"start":{"line":79,"column":4},"end":{"line":82,"column":null}},"7":{"start":{"line":85,"column":22},"end":{"line":85,"column":null}},"8":{"start":{"line":86,"column":20},"end":{"line":86,"column":null}},"9":{"start":{"line":89,"column":2},"end":{"line":94,"column":null}},"10":{"start":{"line":90,"column":4},"end":{"line":93,"column":null}},"11":{"start":{"line":97,"column":2},"end":{"line":114,"column":null}},"12":{"start":{"line":98,"column":24},"end":{"line":98,"column":null}},"13":{"start":{"line":99,"column":4},"end":{"line":104,"column":null}},"14":{"start":{"line":100,"column":6},"end":{"line":103,"column":null}},"15":{"start":{"line":107,"column":30},"end":{"line":107,"column":null}},"16":{"start":{"line":108,"column":4},"end":{"line":113,"column":null}},"17":{"start":{"line":109,"column":6},"end":{"line":112,"column":null}},"18":{"start":{"line":116,"column":33},"end":{"line":116,"column":null}},"19":{"start":{"line":117,"column":32},"end":{"line":121,"column":null}},"20":{"start":{"line":124,"column":2},"end":{"line":138,"column":null}},"21":{"start":{"line":125,"column":20},"end":{"line":125,"column":null}},"22":{"start":{"line":126,"column":21},"end":{"line":126,"column":null}},"23":{"start":{"line":128,"column":4},"end":{"line":136,"column":null}},"24":{"start":{"line":129,"column":26},"end":{"line":129,"column":null}},"25":{"start":{"line":130,"column":6},"end":{"line":135,"column":null}},"26":{"start":{"line":131,"column":8},"end":{"line":134,"column":null}},"27":{"start":{"line":137,"column":4},"end":{"line":137,"column":null}},"28":{"start":{"line":141,"column":22},"end":{"line":141,"column":null}},"29":{"start":{"line":142,"column":2},"end":{"line":179,"column":null}},"30":{"start":{"line":143,"column":25},"end":{"line":143,"column":null}},"31":{"start":{"line":145,"column":4},"end":{"line":178,"column":null}},"32":{"start":{"line":146,"column":28},"end":{"line":154,"column":null}},"33":{"start":{"line":156,"column":6},"end":{"line":161,"column":null}},"34":{"start":{"line":157,"column":8},"end":{"line":160,"column":null}},"35":{"start":{"line":163,"column":42},"end":{"line":163,"column":null}},"36":{"start":{"line":164,"column":25},"end":{"line":164,"column":null}},"37":{"start":{"line":166,"column":26},"end":{"line":166,"column":null}},"38":{"start":{"line":167,"column":6},"end":{"line":172,"column":null}},"39":{"start":{"line":168,"column":8},"end":{"line":171,"column":null}},"40":{"start":{"line":174,"column":6},"end":{"line":174,"column":null}},"41":{"start":{"line":176,"column":29},"end":{"line":176,"column":null}},"42":{"start":{"line":177,"column":6},"end":{"line":177,"column":null}},"43":{"start":{"line":181,"column":2},"end":{"line":184,"column":null}}},"fnMap":{"0":{"name":"(anonymous_0)","decl":{"start":{"line":75,"column":13},"end":{"line":75,"column":53}},"loc":{"start":{"line":75,"column":53},"end":{"line":185,"column":null}},"line":75},"1":{"name":"(anonymous_1)","decl":{"start":{"line":75,"column":53},"end":{"line":75,"column":63}},"loc":{"start":{"line":75,"column":73},"end":{"line":185,"column":null}},"line":75}},"branchMap":{"0":{"loc":{"start":{"line":78,"column":2},"end":{"line":83,"column":null}},"type":"if","locations":[{"start":{"line":78,"column":2},"end":{"line":83,"column":null}},{"start":{},"end":{}}],"line":78},"1":{"loc":{"start":{"line":89,"column":2},"end":{"line":94,"column":null}},"type":"if","locations":[{"start":{"line":89,"column":2},"end":{"line":94,"column":null}},{"start":{},"end":{}}],"line":89},"2":{"loc":{"start":{"line":89,"column":6},"end":{"line":89,"column":62}},"type":"binary-expr","locations":[{"start":{"line":89,"column":6},"end":{"line":89,"column":44}},{"start":{"line":89,"column":44},"end":{"line":89,"column":62}}],"line":89},"3":{"loc":{"start":{"line":97,"column":2},"end":{"line":114,"column":null}},"type":"if","locations":[{"start":{"line":97,"column":2},"end":{"line":114,"column":null}},{"start":{},"end":{}}],"line":97},"4":{"loc":{"start":{"line":99,"column":4},"end":{"line":104,"column":null}},"type":"if","locations":[{"start":{"line":99,"column":4},"end":{"line":104,"column":null}},{"start":{},"end":{}}],"line":99},"5":{"loc":{"start":{"line":108,"column":4},"end":{"line":113,"column":null}},"type":"if","locations":[{"start":{"line":108,"column":4},"end":{"line":113,"column":null}},{"start":{},"end":{}}],"line":108},"6":{"loc":{"start":{"line":128,"column":4},"end":{"line":136,"column":null}},"type":"if","locations":[{"start":{"line":128,"column":4},"end":{"line":136,"column":null}},{"start":{},"end":{}}],"line":128},"7":{"loc":{"start":{"line":130,"column":6},"end":{"line":135,"column":null}},"type":"if","locations":[{"start":{"line":130,"column":6},"end":{"line":135,"column":null}},{"start":{},"end":{}}],"line":130},"8":{"loc":{"start":{"line":145,"column":4},"end":{"line":178,"column":null}},"type":"if","locations":[{"start":{"line":145,"column":4},"end":{"line":178,"column":null}},{"start":{"line":175,"column":11},"end":{"line":178,"column":null}}],"line":145},"9":{"loc":{"start":{"line":156,"column":6},"end":{"line":161,"column":null}},"type":"if","locations":[{"start":{"line":156,"column":6},"end":{"line":161,"column":null}},{"start":{},"end":{}}],"line":156},"10":{"loc":{"start":{"line":167,"column":6},"end":{"line":172,"column":null}},"type":"if","locations":[{"start":{"line":167,"column":6},"end":{"line":172,"column":null}},{"start":{},"end":{}}],"line":167}},"s":{"0":2,"1":2,"2":2,"3":25,"4":25,"5":25,"6":2,"7":23,"8":23,"9":23,"10":2,"11":21,"12":19,"13":19,"14":0,"15":19,"16":19,"17":0,"18":21,"19":21,"20":21,"21":189,"22":189,"23":189,"24":171,"25":171,"26":0,"27":189,"28":21,"29":21,"30":63,"31":63,"32":57,"33":57,"34":0,"35":57,"36":57,"37":57,"38":57,"39":0,"40":57,"41":6,"42":6,"43":21},"f":{"0":25,"1":25},"b":{"0":[2,23],"1":[2,21],"2":[23,3],"3":[19,2],"4":[0,19],"5":[0,19],"6":[171,18],"7":[0,171],"8":[57,6],"9":[0,57],"10":[0,57]},"meta":{"lastBranch":11,"lastFunction":2,"lastStatement":44,"seen":{"s:41:26:45:Infinity":0,"s:53:36:63:Infinity":1,"s:75:13:185:Infinity":2,"f:75:13:75:53":0,"s:75:53:185:Infinity":3,"f:75:53:75:63":1,"s:77:21:77:Infinity":4,"b:78:2:83:Infinity:undefined:undefined:undefined:undefined":0,"s:78:2:83:Infinity":5,"s:79:4:82:Infinity":6,"s:85:22:85:Infinity":7,"s:86:20:86:Infinity":8,"b:89:2:94:Infinity:undefined:undefined:undefined:undefined":1,"s:89:2:94:Infinity":9,"b:89:6:89:44:89:44:89:62":2,"s:90:4:93:Infinity":10,"b:97:2:114:Infinity:undefined:undefined:undefined:undefined":3,"s:97:2:114:Infinity":11,"s:98:24:98:Infinity":12,"b:99:4:104:Infinity:undefined:undefined:undefined:undefined":4,"s:99:4:104:Infinity":13,"s:100:6:103:Infinity":14,"s:107:30:107:Infinity":15,"b:108:4:113:Infinity:undefined:undefined:undefined:undefined":5,"s:108:4:113:Infinity":16,"s:109:6:112:Infinity":17,"s:116:33:116:Infinity":18,"s:117:32:121:Infinity":19,"s:124:2:138:Infinity":20,"s:125:20:125:Infinity":21,"s:126:21:126:Infinity":22,"b:128:4:136:Infinity:undefined:undefined:undefined:undefined":6,"s:128:4:136:Infinity":23,"s:129:26:129:Infinity":24,"b:130:6:135:Infinity:undefined:undefined:undefined:undefined":7,"s:130:6:135:Infinity":25,"s:131:8:134:Infinity":26,"s:137:4:137:Infinity":27,"s:141:22:141:Infinity":28,"s:142:2:179:Infinity":29,"s:143:25:143:Infinity":30,"b:145:4:178:Infinity:175:11:178:Infinity":8,"s:145:4:178:Infinity":31,"s:146:28:154:Infinity":32,"b:156:6:161:Infinity:undefined:undefined:undefined:undefined":9,"s:156:6:161:Infinity":33,"s:157:8:160:Infinity":34,"s:163:42:163:Infinity":35,"s:164:25:164:Infinity":36,"s:166:26:166:Infinity":37,"b:167:6:172:Infinity:undefined:undefined:undefined:undefined":10,"s:167:6:172:Infinity":38,"s:168:8:171:Infinity":39,"s:174:6:174:Infinity":40,"s:176:29:176:Infinity":41,"s:177:6:177:Infinity":42,"s:181:2:184:Infinity":43},"fnNames":{}}}
,"/Users/budisantoso/Documents/Xzy/create-bun-ink-app/.worktrees/dispatch-tix-create-ink-app-scaffold-WU-01/src/application/dtos/scaffold-input.ts": {"path":"/Users/budisantoso/Documents/Xzy/create-bun-ink-app/.worktrees/dispatch-tix-create-ink-app-scaffold-WU-01/src/application/dtos/scaffold-input.ts","statementMap":{"0":{"start":{"line":21,"column":53},"end":{"line":29,"column":null}}},"fnMap":{},"branchMap":{},"s":{"0":1},"f":{},"b":{},"meta":{"lastBranch":0,"lastFunction":0,"lastStatement":1,"seen":{"s:21:53:29:Infinity":0},"fnNames":{}}}
,"/Users/budisantoso/Documents/Xzy/create-bun-ink-app/.worktrees/dispatch-tix-create-ink-app-scaffold-WU-01/src/application/services/config-generators.ts": {"path":"/Users/budisantoso/Documents/Xzy/create-bun-ink-app/.worktrees/dispatch-tix-create-ink-app-scaffold-WU-01/src/application/services/config-generators.ts","statementMap":{"0":{"start":{"line":16,"column":13},"end":{"line":53,"column":null}},"1":{"start":{"line":17,"column":2},"end":{"line":52,"column":null}},"2":{"start":{"line":56,"column":13},"end":{"line":83,"column":null}},"3":{"start":{"line":57,"column":2},"end":{"line":82,"column":null}},"4":{"start":{"line":86,"column":13},"end":{"line":118,"column":null}},"5":{"start":{"line":87,"column":2},"end":{"line":117,"column":null}},"6":{"start":{"line":121,"column":13},"end":{"line":135,"column":null}},"7":{"start":{"line":122,"column":2},"end":{"line":134,"column":null}},"8":{"start":{"line":138,"column":13},"end":{"line":148,"column":null}},"9":{"start":{"line":139,"column":2},"end":{"line":147,"column":null}},"10":{"start":{"line":151,"column":13},"end":{"line":177,"column":null}},"11":{"start":{"line":152,"column":2},"end":{"line":176,"column":null}},"12":{"start":{"line":180,"column":13},"end":{"line":196,"column":null}},"13":{"start":{"line":181,"column":2},"end":{"line":195,"column":null}},"14":{"start":{"line":199,"column":13},"end":{"line":236,"column":null}},"15":{"start":{"line":200,"column":2},"end":{"line":235,"column":null}},"16":{"start":{"line":239,"column":13},"end":{"line":264,"column":null}},"17":{"start":{"line":240,"column":15},"end":{"line":240,"column":null}},"18":{"start":{"line":241,"column":2},"end":{"line":263,"column":null}}},"fnMap":{"0":{"name":"(anonymous_0)","decl":{"start":{"line":16,"column":13},"end":{"line":16,"column":36}},"loc":{"start":{"line":16,"column":70},"end":{"line":53,"column":null}},"line":16},"1":{"name":"(anonymous_1)","decl":{"start":{"line":56,"column":13},"end":{"line":56,"column":33}},"loc":{"start":{"line":56,"column":68},"end":{"line":83,"column":null}},"line":56},"2":{"name":"(anonymous_2)","decl":{"start":{"line":86,"column":13},"end":{"line":86,"column":34}},"loc":{"start":{"line":86,"column":69},"end":{"line":118,"column":null}},"line":86},"3":{"name":"(anonymous_3)","decl":{"start":{"line":121,"column":13},"end":{"line":121,"column":36}},"loc":{"start":{"line":121,"column":71},"end":{"line":135,"column":null}},"line":121},"4":{"name":"(anonymous_4)","decl":{"start":{"line":138,"column":13},"end":{"line":138,"column":35}},"loc":{"start":{"line":138,"column":69},"end":{"line":148,"column":null}},"line":138},"5":{"name":"(anonymous_5)","decl":{"start":{"line":151,"column":13},"end":{"line":151,"column":34}},"loc":{"start":{"line":151,"column":69},"end":{"line":177,"column":null}},"line":151},"6":{"name":"(anonymous_6)","decl":{"start":{"line":180,"column":13},"end":{"line":180,"column":37}},"loc":{"start":{"line":180,"column":72},"end":{"line":196,"column":null}},"line":180},"7":{"name":"(anonymous_7)","decl":{"start":{"line":199,"column":13},"end":{"line":199,"column":31}},"loc":{"start":{"line":199,"column":65},"end":{"line":236,"column":null}},"line":199},"8":{"name":"(anonymous_8)","decl":{"start":{"line":239,"column":13},"end":{"line":239,"column":32}},"loc":{"start":{"line":239,"column":66},"end":{"line":264,"column":null}},"line":239}},"branchMap":{},"s":{"0":3,"1":22,"2":3,"3":22,"4":3,"5":22,"6":3,"7":22,"8":3,"9":22,"10":3,"11":22,"12":3,"13":22,"14":3,"15":22,"16":3,"17":22,"18":22},"f":{"0":22,"1":22,"2":22,"3":22,"4":22,"5":22,"6":22,"7":22,"8":22},"b":{},"meta":{"lastBranch":0,"lastFunction":9,"lastStatement":19,"seen":{"s:16:13:53:Infinity":0,"f:16:13:16:36":0,"s:17:2:52:Infinity":1,"s:56:13:83:Infinity":2,"f:56:13:56:33":1,"s:57:2:82:Infinity":3,"s:86:13:118:Infinity":4,"f:86:13:86:34":2,"s:87:2:117:Infinity":5,"s:121:13:135:Infinity":6,"f:121:13:121:36":3,"s:122:2:134:Infinity":7,"s:138:13:148:Infinity":8,"f:138:13:138:35":4,"s:139:2:147:Infinity":9,"s:151:13:177:Infinity":10,"f:151:13:151:34":5,"s:152:2:176:Infinity":11,"s:180:13:196:Infinity":12,"f:180:13:180:37":6,"s:181:2:195:Infinity":13,"s:199:13:236:Infinity":14,"f:199:13:199:31":7,"s:200:2:235:Infinity":15,"s:239:13:264:Infinity":16,"f:239:13:239:32":8,"s:240:15:240:Infinity":17,"s:241:2:263:Infinity":18},"fnNames":{}}}
,"/Users/budisantoso/Documents/Xzy/create-bun-ink-app/.worktrees/dispatch-tix-create-ink-app-scaffold-WU-01/src/domain/value-objects/project-name.ts": {"path":"/Users/budisantoso/Documents/Xzy/create-bun-ink-app/.worktrees/dispatch-tix-create-ink-app-scaffold-WU-01/src/domain/value-objects/project-name.ts","statementMap":{"0":{"start":{"line":15,"column":23},"end":{"line":24,"column":null}},"1":{"start":{"line":36,"column":19},"end":{"line":36,"column":null}},"2":{"start":{"line":39,"column":13},"end":{"line":105,"column":null}},"3":{"start":{"line":40,"column":18},"end":{"line":40,"column":null}},"4":{"start":{"line":42,"column":2},"end":{"line":47,"column":null}},"5":{"start":{"line":43,"column":4},"end":{"line":46,"column":null}},"6":{"start":{"line":49,"column":2},"end":{"line":54,"column":null}},"7":{"start":{"line":50,"column":4},"end":{"line":53,"column":null}},"8":{"start":{"line":57,"column":2},"end":{"line":66,"column":null}},"9":{"start":{"line":58,"column":25},"end":{"line":58,"column":null}},"10":{"start":{"line":59,"column":18},"end":{"line":59,"column":null}},"11":{"start":{"line":60,"column":4},"end":{"line":65,"column":null}},"12":{"start":{"line":61,"column":6},"end":{"line":64,"column":null}},"13":{"start":{"line":69,"column":2},"end":{"line":74,"column":null}},"14":{"start":{"line":70,"column":4},"end":{"line":73,"column":null}},"15":{"start":{"line":77,"column":2},"end":{"line":84,"column":null}},"16":{"start":{"line":78,"column":4},"end":{"line":83,"column":null}},"17":{"start":{"line":79,"column":6},"end":{"line":82,"column":null}},"18":{"start":{"line":87,"column":23},"end":{"line":87,"column":null}},"19":{"start":{"line":88,"column":2},"end":{"line":93,"column":null}},"20":{"start":{"line":89,"column":4},"end":{"line":92,"column":null}},"21":{"start":{"line":96,"column":19},"end":{"line":96,"column":null}},"22":{"start":{"line":97,"column":2},"end":{"line":102,"column":null}},"23":{"start":{"line":98,"column":4},"end":{"line":101,"column":null}},"24":{"start":{"line":104,"column":2},"end":{"line":104,"column":null}},"25":{"start":{"line":115,"column":13},"end":{"line":121,"column":null}},"26":{"start":{"line":116,"column":2},"end":{"line":120,"column":null}}},"fnMap":{"0":{"name":"(anonymous_0)","decl":{"start":{"line":39,"column":13},"end":{"line":39,"column":34}},"loc":{"start":{"line":39,"column":91},"end":{"line":105,"column":null}},"line":39},"1":{"name":"(anonymous_1)","decl":{"start":{"line":115,"column":13},"end":{"line":115,"column":37}},"loc":{"start":{"line":115,"column":63},"end":{"line":121,"column":null}},"line":115}},"branchMap":{"0":{"loc":{"start":{"line":42,"column":2},"end":{"line":47,"column":null}},"type":"if","locations":[{"start":{"line":42,"column":2},"end":{"line":47,"column":null}},{"start":{},"end":{}}],"line":42},"1":{"loc":{"start":{"line":49,"column":2},"end":{"line":54,"column":null}},"type":"if","locations":[{"start":{"line":49,"column":2},"end":{"line":54,"column":null}},{"start":{},"end":{}}],"line":49},"2":{"loc":{"start":{"line":57,"column":2},"end":{"line":66,"column":null}},"type":"if","locations":[{"start":{"line":57,"column":2},"end":{"line":66,"column":null}},{"start":{},"end":{}}],"line":57},"3":{"loc":{"start":{"line":60,"column":4},"end":{"line":65,"column":null}},"type":"if","locations":[{"start":{"line":60,"column":4},"end":{"line":65,"column":null}},{"start":{},"end":{}}],"line":60},"4":{"loc":{"start":{"line":60,"column":8},"end":{"line":60,"column":78}},"type":"binary-expr","locations":[{"start":{"line":60,"column":8},"end":{"line":60,"column":30}},{"start":{"line":60,"column":30},"end":{"line":60,"column":55}},{"start":{"line":60,"column":55},"end":{"line":60,"column":78}}],"line":60},"5":{"loc":{"start":{"line":69,"column":2},"end":{"line":74,"column":null}},"type":"if","locations":[{"start":{"line":69,"column":2},"end":{"line":74,"column":null}},{"start":{},"end":{}}],"line":69},"6":{"loc":{"start":{"line":77,"column":2},"end":{"line":84,"column":null}},"type":"if","locations":[{"start":{"line":77,"column":2},"end":{"line":84,"column":null}},{"start":{},"end":{}}],"line":77},"7":{"loc":{"start":{"line":78,"column":4},"end":{"line":83,"column":null}},"type":"if","locations":[{"start":{"line":78,"column":4},"end":{"line":83,"column":null}},{"start":{},"end":{}}],"line":78},"8":{"loc":{"start":{"line":78,"column":8},"end":{"line":78,"column":60}},"type":"binary-expr","locations":[{"start":{"line":78,"column":8},"end":{"line":78,"column":35}},{"start":{"line":78,"column":35},"end":{"line":78,"column":60}}],"line":78},"9":{"loc":{"start":{"line":88,"column":2},"end":{"line":93,"column":null}},"type":"if","locations":[{"start":{"line":88,"column":2},"end":{"line":93,"column":null}},{"start":{},"end":{}}],"line":88},"10":{"loc":{"start":{"line":96,"column":19},"end":{"line":96,"column":null}},"type":"cond-expr","locations":[{"start":{"line":96,"column":45},"end":{"line":96,"column":69}},{"start":{"line":96,"column":69},"end":{"line":96,"column":null}}],"line":96},"11":{"loc":{"start":{"line":97,"column":2},"end":{"line":102,"column":null}},"type":"if","locations":[{"start":{"line":97,"column":2},"end":{"line":102,"column":null}},{"start":{},"end":{}}],"line":97}},"s":{"0":3,"1":3,"2":3,"3":39,"4":39,"5":3,"6":36,"7":1,"8":35,"9":1,"10":1,"11":1,"12":0,"13":35,"14":2,"15":33,"16":32,"17":2,"18":31,"19":31,"20":2,"21":29,"22":39,"23":2,"24":27,"25":3,"26":4},"f":{"0":39,"1":4},"b":{"0":[3,36],"1":[1,35],"2":[1,34],"3":[0,1],"4":[1,1,1],"5":[2,33],"6":[32,1],"7":[2,30],"8":[32,31],"9":[2,29],"10":[1,28],"11":[2,37]},"meta":{"lastBranch":12,"lastFunction":2,"lastStatement":27,"seen":{"s:15:23:24:Infinity":0,"s:36:19:36:Infinity":1,"s:39:13:105:Infinity":2,"f:39:13:39:34":0,"s:40:18:40:Infinity":3,"b:42:2:47:Infinity:undefined:undefined:undefined:undefined":0,"s:42:2:47:Infinity":4,"s:43:4:46:Infinity":5,"b:49:2:54:Infinity:undefined:undefined:undefined:undefined":1,"s:49:2:54:Infinity":6,"s:50:4:53:Infinity":7,"b:57:2:66:Infinity:undefined:undefined:undefined:undefined":2,"s:57:2:66:Infinity":8,"s:58:25:58:Infinity":9,"s:59:18:59:Infinity":10,"b:60:4:65:Infinity:undefined:undefined:undefined:undefined":3,"s:60:4:65:Infinity":11,"b:60:8:60:30:60:30:60:55:60:55:60:78":4,"s:61:6:64:Infinity":12,"b:69:2:74:Infinity:undefined:undefined:undefined:undefined":5,"s:69:2:74:Infinity":13,"s:70:4:73:Infinity":14,"b:77:2:84:Infinity:undefined:undefined:undefined:undefined":6,"s:77:2:84:Infinity":15,"b:78:4:83:Infinity:undefined:undefined:undefined:undefined":7,"s:78:4:83:Infinity":16,"b:78:8:78:35:78:35:78:60":8,"s:79:6:82:Infinity":17,"s:87:23:87:Infinity":18,"b:88:2:93:Infinity:undefined:undefined:undefined:undefined":9,"s:88:2:93:Infinity":19,"s:89:4:92:Infinity":20,"s:96:19:96:Infinity":21,"b:96:45:96:69:96:69:96:Infinity":10,"b:97:2:102:Infinity:undefined:undefined:undefined:undefined":11,"s:97:2:102:Infinity":22,"s:98:4:101:Infinity":23,"s:104:2:104:Infinity":24,"s:115:13:121:Infinity":25,"f:115:13:115:37":1,"s:116:2:120:Infinity":26},"fnNames":{}}}
,"/Users/budisantoso/Documents/Xzy/create-bun-ink-app/.worktrees/dispatch-tix-create-ink-app-scaffold-WU-01/src/infrastructure/file-system/node-file-system.ts": {"path":"/Users/budisantoso/Documents/Xzy/create-bun-ink-app/.worktrees/dispatch-tix-create-ink-app-scaffold-WU-01/src/infrastructure/file-system/node-file-system.ts","statementMap":{"0":{"start":{"line":15,"column":13},"end":{"line":106,"column":null}},"1":{"start":{"line":16,"column":8},"end":{"line":26,"column":null}},"2":{"start":{"line":17,"column":4},"end":{"line":25,"column":null}},"3":{"start":{"line":18,"column":22},"end":{"line":18,"column":null}},"4":{"start":{"line":19,"column":6},"end":{"line":19,"column":null}},"5":{"start":{"line":21,"column":6},"end":{"line":24,"column":null}},"6":{"start":{"line":28,"column":8},"end":{"line":43,"column":null}},"7":{"start":{"line":29,"column":4},"end":{"line":42,"column":null}},"8":{"start":{"line":31,"column":18},"end":{"line":31,"column":null}},"9":{"start":{"line":32,"column":6},"end":{"line":34,"column":null}},"10":{"start":{"line":33,"column":8},"end":{"line":33,"column":null}},"11":{"start":{"line":35,"column":6},"end":{"line":35,"column":null}},"12":{"start":{"line":36,"column":6},"end":{"line":36,"column":null}},"13":{"start":{"line":38,"column":6},"end":{"line":41,"column":null}},"14":{"start":{"line":45,"column":8},"end":{"line":55,"column":null}},"15":{"start":{"line":46,"column":4},"end":{"line":54,"column":null}},"16":{"start":{"line":47,"column":6},"end":{"line":47,"column":null}},"17":{"start":{"line":48,"column":6},"end":{"line":48,"column":null}},"18":{"start":{"line":50,"column":6},"end":{"line":53,"column":null}},"19":{"start":{"line":57,"column":8},"end":{"line":63,"column":null}},"20":{"start":{"line":58,"column":4},"end":{"line":62,"column":null}},"21":{"start":{"line":59,"column":6},"end":{"line":59,"column":null}},"22":{"start":{"line":61,"column":6},"end":{"line":61,"column":null}},"23":{"start":{"line":65,"column":8},"end":{"line":71,"column":null}},"24":{"start":{"line":66,"column":4},"end":{"line":70,"column":null}},"25":{"start":{"line":67,"column":6},"end":{"line":67,"column":null}},"26":{"start":{"line":69,"column":6},"end":{"line":69,"column":null}},"27":{"start":{"line":73,"column":8},"end":{"line":83,"column":null}},"28":{"start":{"line":74,"column":4},"end":{"line":82,"column":null}},"29":{"start":{"line":75,"column":6},"end":{"line":75,"column":null}},"30":{"start":{"line":76,"column":6},"end":{"line":76,"column":null}},"31":{"start":{"line":78,"column":6},"end":{"line":81,"column":null}},"32":{"start":{"line":85,"column":8},"end":{"line":95,"column":null}},"33":{"start":{"line":86,"column":4},"end":{"line":94,"column":null}},"34":{"start":{"line":87,"column":22},"end":{"line":87,"column":null}},"35":{"start":{"line":88,"column":6},"end":{"line":88,"column":null}},"36":{"start":{"line":90,"column":6},"end":{"line":93,"column":null}},"37":{"start":{"line":97,"column":2},"end":{"line":105,"column":null}}},"fnMap":{"0":{"name":"(anonymous_0)","decl":{"start":{"line":15,"column":13},"end":{"line":15,"column":56}},"loc":{"start":{"line":15,"column":56},"end":{"line":106,"column":null}},"line":15},"1":{"name":"(anonymous_1)","decl":{"start":{"line":16,"column":8},"end":{"line":16,"column":20}},"loc":{"start":{"line":16,"column":74},"end":{"line":26,"column":null}},"line":16},"2":{"name":"(anonymous_2)","decl":{"start":{"line":28,"column":8},"end":{"line":28,"column":21}},"loc":{"start":{"line":28,"column":90},"end":{"line":43,"column":null}},"line":28},"3":{"name":"(anonymous_3)","decl":{"start":{"line":45,"column":8},"end":{"line":45,"column":27}},"loc":{"start":{"line":45,"column":78},"end":{"line":55,"column":null}},"line":45},"4":{"name":"(anonymous_4)","decl":{"start":{"line":57,"column":8},"end":{"line":57,"column":27}},"loc":{"start":{"line":57,"column":56},"end":{"line":63,"column":null}},"line":57},"5":{"name":"(anonymous_5)","decl":{"start":{"line":65,"column":8},"end":{"line":65,"column":22}},"loc":{"start":{"line":65,"column":52},"end":{"line":71,"column":null}},"line":65},"6":{"name":"(anonymous_6)","decl":{"start":{"line":73,"column":8},"end":{"line":73,"column":20}},"loc":{"start":{"line":73,"column":81},"end":{"line":83,"column":null}},"line":73},"7":{"name":"(anonymous_7)","decl":{"start":{"line":85,"column":8},"end":{"line":85,"column":25}},"loc":{"start":{"line":85,"column":80},"end":{"line":95,"column":null}},"line":85}},"branchMap":{"0":{"loc":{"start":{"line":32,"column":6},"end":{"line":34,"column":null}},"type":"if","locations":[{"start":{"line":32,"column":6},"end":{"line":34,"column":null}},{"start":{},"end":{}}],"line":32},"1":{"loc":{"start":{"line":59,"column":13},"end":{"line":59,"column":null}},"type":"binary-expr","locations":[{"start":{"line":59,"column":13},"end":{"line":59,"column":39}},{"start":{"line":59,"column":39},"end":{"line":59,"column":null}}],"line":59},"2":{"loc":{"start":{"line":67,"column":13},"end":{"line":67,"column":null}},"type":"binary-expr","locations":[{"start":{"line":67,"column":13},"end":{"line":67,"column":40}},{"start":{"line":67,"column":40},"end":{"line":67,"column":null}}],"line":67}},"s":{"0":2,"1":14,"2":36,"3":36,"4":36,"5":0,"6":14,"7":144,"8":144,"9":144,"10":0,"11":144,"12":144,"13":0,"14":14,"15":24,"16":24,"17":24,"18":0,"19":14,"20":13,"21":13,"22":0,"23":14,"24":0,"25":0,"26":0,"27":14,"28":0,"29":0,"30":0,"31":0,"32":14,"33":0,"34":0,"35":0,"36":0,"37":14},"f":{"0":14,"1":36,"2":144,"3":24,"4":13,"5":0,"6":0,"7":0},"b":{"0":[0,144],"1":[13,1],"2":[0,0]},"meta":{"lastBranch":3,"lastFunction":8,"lastStatement":38,"seen":{"s:15:13:106:Infinity":0,"f:15:13:15:56":0,"s:16:8:26:Infinity":1,"f:16:8:16:20":1,"s:17:4:25:Infinity":2,"s:18:22:18:Infinity":3,"s:19:6:19:Infinity":4,"s:21:6:24:Infinity":5,"s:28:8:43:Infinity":6,"f:28:8:28:21":2,"s:29:4:42:Infinity":7,"s:31:18:31:Infinity":8,"b:32:6:34:Infinity:undefined:undefined:undefined:undefined":0,"s:32:6:34:Infinity":9,"s:33:8:33:Infinity":10,"s:35:6:35:Infinity":11,"s:36:6:36:Infinity":12,"s:38:6:41:Infinity":13,"s:45:8:55:Infinity":14,"f:45:8:45:27":3,"s:46:4:54:Infinity":15,"s:47:6:47:Infinity":16,"s:48:6:48:Infinity":17,"s:50:6:53:Infinity":18,"s:57:8:63:Infinity":19,"f:57:8:57:27":4,"s:58:4:62:Infinity":20,"s:59:6:59:Infinity":21,"b:59:13:59:39:59:39:59:Infinity":1,"s:61:6:61:Infinity":22,"s:65:8:71:Infinity":23,"f:65:8:65:22":5,"s:66:4:70:Infinity":24,"s:67:6:67:Infinity":25,"b:67:13:67:40:67:40:67:Infinity":2,"s:69:6:69:Infinity":26,"s:73:8:83:Infinity":27,"f:73:8:73:20":6,"s:74:4:82:Infinity":28,"s:75:6:75:Infinity":29,"s:76:6:76:Infinity":30,"s:78:6:81:Infinity":31,"s:85:8:95:Infinity":32,"f:85:8:85:25":7,"s:86:4:94:Infinity":33,"s:87:22:87:Infinity":34,"s:88:6:88:Infinity":35,"s:90:6:93:Infinity":36,"s:97:2:105:Infinity":37},"fnNames":{}}}
,"/Users/budisantoso/Documents/Xzy/create-bun-ink-app/.worktrees/dispatch-tix-create-ink-app-scaffold-WU-01/src/infrastructure/templates/template-engine.ts": {"path":"/Users/budisantoso/Documents/Xzy/create-bun-ink-app/.worktrees/dispatch-tix-create-ink-app-scaffold-WU-01/src/infrastructure/templates/template-engine.ts","statementMap":{"0":{"start":{"line":18,"column":13},"end":{"line":94,"column":null}},"1":{"start":{"line":24,"column":8},"end":{"line":51,"column":null}},"2":{"start":{"line":25,"column":4},"end":{"line":50,"column":null}},"3":{"start":{"line":26,"column":22},"end":{"line":26,"column":null}},"4":{"start":{"line":27,"column":24},"end":{"line":27,"column":null}},"5":{"start":{"line":31,"column":6},"end":{"line":37,"column":null}},"6":{"start":{"line":32,"column":8},"end":{"line":32,"column":null}},"7":{"start":{"line":33,"column":8},"end":{"line":33,"column":null}},"8":{"start":{"line":35,"column":8},"end":{"line":35,"column":null}},"9":{"start":{"line":36,"column":8},"end":{"line":36,"column":null}},"10":{"start":{"line":40,"column":6},"end":{"line":42,"column":null}},"11":{"start":{"line":41,"column":8},"end":{"line":41,"column":null}},"12":{"start":{"line":44,"column":6},"end":{"line":46,"column":null}},"13":{"start":{"line":45,"column":8},"end":{"line":45,"column":null}},"14":{"start":{"line":49,"column":6},"end":{"line":49,"column":null}},"15":{"start":{"line":57,"column":8},"end":{"line":62,"column":null}},"16":{"start":{"line":58,"column":4},"end":{"line":60,"column":null}},"17":{"start":{"line":59,"column":6},"end":{"line":59,"column":null}},"18":{"start":{"line":61,"column":4},"end":{"line":61,"column":null}},"19":{"start":{"line":70,"column":8},"end":{"line":87,"column":null}},"20":{"start":{"line":75,"column":23},"end":{"line":75,"column":null}},"21":{"start":{"line":76,"column":4},"end":{"line":81,"column":null}},"22":{"start":{"line":77,"column":6},"end":{"line":80,"column":null}},"23":{"start":{"line":83,"column":20},"end":{"line":83,"column":null}},"24":{"start":{"line":84,"column":27},"end":{"line":84,"column":null}},"25":{"start":{"line":86,"column":4},"end":{"line":86,"column":null}},"26":{"start":{"line":89,"column":2},"end":{"line":93,"column":null}}},"fnMap":{"0":{"name":"(anonymous_0)","decl":{"start":{"line":18,"column":13},"end":{"line":18,"column":35}},"loc":{"start":{"line":18,"column":78},"end":{"line":94,"column":null}},"line":18},"1":{"name":"(anonymous_1)","decl":{"start":{"line":24,"column":8},"end":{"line":24,"column":27}},"loc":{"start":{"line":24,"column":86},"end":{"line":51,"column":null}},"line":24},"2":{"name":"(anonymous_2)","decl":{"start":{"line":25,"column":28},"end":{"line":25,"column":77}},"loc":{"start":{"line":25,"column":93},"end":{"line":50,"column":5}},"line":25},"3":{"name":"(anonymous_3)","decl":{"start":{"line":57,"column":8},"end":{"line":57,"column":29}},"loc":{"start":{"line":57,"column":66},"end":{"line":62,"column":null}},"line":57},"4":{"name":"(anonymous_4)","decl":{"start":{"line":70,"column":8},"end":{"line":70,"column":null}},"loc":{"start":{"line":74,"column":81},"end":{"line":87,"column":null}},"line":74}},"branchMap":{"0":{"loc":{"start":{"line":31,"column":6},"end":{"line":37,"column":null}},"type":"if","locations":[{"start":{"line":31,"column":6},"end":{"line":37,"column":null}},{"start":{"line":34,"column":13},"end":{"line":37,"column":null}}],"line":31},"1":{"loc":{"start":{"line":40,"column":6},"end":{"line":42,"column":null}},"type":"if","locations":[{"start":{"line":40,"column":6},"end":{"line":42,"column":null}},{"start":{},"end":{}}],"line":40},"2":{"loc":{"start":{"line":44,"column":6},"end":{"line":46,"column":null}},"type":"if","locations":[{"start":{"line":44,"column":6},"end":{"line":46,"column":null}},{"start":{},"end":{}}],"line":44},"3":{"loc":{"start":{"line":58,"column":4},"end":{"line":60,"column":null}},"type":"if","locations":[{"start":{"line":58,"column":4},"end":{"line":60,"column":null}},{"start":{},"end":{}}],"line":58},"4":{"loc":{"start":{"line":76,"column":4},"end":{"line":81,"column":null}},"type":"if","locations":[{"start":{"line":76,"column":4},"end":{"line":81,"column":null}},{"start":{},"end":{}}],"line":76},"5":{"loc":{"start":{"line":84,"column":45},"end":{"line":84,"column":73}},"type":"binary-expr","locations":[{"start":{"line":84,"column":45},"end":{"line":84,"column":61}},{"start":{"line":84,"column":61},"end":{"line":84,"column":73}}],"line":84}},"s":{"0":2,"1":14,"2":44,"3":45,"4":45,"5":45,"6":1,"7":1,"8":44,"9":44,"10":45,"11":43,"12":2,"13":1,"14":1,"15":14,"16":40,"17":39,"18":1,"19":14,"20":36,"21":36,"22":0,"23":36,"24":36,"25":36,"26":14},"f":{"0":14,"1":44,"2":45,"3":40,"4":36},"b":{"0":[1,44],"1":[43,2],"2":[1,1],"3":[39,1],"4":[0,36],"5":[36,0]},"meta":{"lastBranch":6,"lastFunction":5,"lastStatement":27,"seen":{"s:18:13:94:Infinity":0,"f:18:13:18:35":0,"s:24:8:51:Infinity":1,"f:24:8:24:27":1,"s:25:4:50:Infinity":2,"f:25:28:25:77":2,"s:26:22:26:Infinity":3,"s:27:24:27:Infinity":4,"b:31:6:37:Infinity:34:13:37:Infinity":0,"s:31:6:37:Infinity":5,"s:32:8:32:Infinity":6,"s:33:8:33:Infinity":7,"s:35:8:35:Infinity":8,"s:36:8:36:Infinity":9,"b:40:6:42:Infinity:undefined:undefined:undefined:undefined":1,"s:40:6:42:Infinity":10,"s:41:8:41:Infinity":11,"b:44:6:46:Infinity:undefined:undefined:undefined:undefined":2,"s:44:6:46:Infinity":12,"s:45:8:45:Infinity":13,"s:49:6:49:Infinity":14,"s:57:8:62:Infinity":15,"f:57:8:57:29":3,"b:58:4:60:Infinity:undefined:undefined:undefined:undefined":3,"s:58:4:60:Infinity":16,"s:59:6:59:Infinity":17,"s:61:4:61:Infinity":18,"s:70:8:87:Infinity":19,"f:70:8:70:Infinity":4,"s:75:23:75:Infinity":20,"b:76:4:81:Infinity:undefined:undefined:undefined:undefined":4,"s:76:4:81:Infinity":21,"s:77:6:80:Infinity":22,"s:83:20:83:Infinity":23,"s:84:27:84:Infinity":24,"b:84:45:84:61:84:61:84:73":5,"s:86:4:86:Infinity":25,"s:89:2:93:Infinity":26},"fnNames":{}}}
,"/Users/budisantoso/Documents/Xzy/create-bun-ink-app/.worktrees/dispatch-tix-create-ink-app-scaffold-WU-01/src/presentation/formatters/output-formatter.ts": {"path":"/Users/budisantoso/Documents/Xzy/create-bun-ink-app/.worktrees/dispatch-tix-create-ink-app-scaffold-WU-01/src/presentation/formatters/output-formatter.ts","statementMap":{"0":{"start":{"line":10,"column":13},"end":{"line":27,"column":null}},"1":{"start":{"line":11,"column":26},"end":{"line":25,"column":null}},"2":{"start":{"line":18,"column":31},"end":{"line":18,"column":43}},"3":{"start":{"line":26,"column":2},"end":{"line":26,"column":null}},"4":{"start":{"line":29,"column":13},"end":{"line":40,"column":null}},"5":{"start":{"line":30,"column":2},"end":{"line":39,"column":null}},"6":{"start":{"line":32,"column":6},"end":{"line":32,"column":null}},"7":{"start":{"line":34,"column":6},"end":{"line":34,"column":null}},"8":{"start":{"line":36,"column":6},"end":{"line":36,"column":null}},"9":{"start":{"line":38,"column":6},"end":{"line":38,"column":null}},"10":{"start":{"line":42,"column":13},"end":{"line":61,"column":null}},"11":{"start":{"line":43,"column":2},"end":{"line":60,"column":null}},"12":{"start":{"line":63,"column":13},"end":{"line":65,"column":null}},"13":{"start":{"line":64,"column":2},"end":{"line":64,"column":null}},"14":{"start":{"line":67,"column":13},"end":{"line":74,"column":null}},"15":{"start":{"line":70,"column":2},"end":{"line":72,"column":null}},"16":{"start":{"line":71,"column":4},"end":{"line":71,"column":null}},"17":{"start":{"line":73,"column":2},"end":{"line":73,"column":null}}},"fnMap":{"0":{"name":"(anonymous_0)","decl":{"start":{"line":10,"column":13},"end":{"line":10,"column":38}},"loc":{"start":{"line":10,"column":73},"end":{"line":27,"column":null}},"line":10},"1":{"name":"(anonymous_1)","decl":{"start":{"line":18,"column":20},"end":{"line":18,"column":25}},"loc":{"start":{"line":18,"column":31},"end":{"line":18,"column":43}},"line":18},"2":{"name":"(anonymous_2)","decl":{"start":{"line":29,"column":13},"end":{"line":29,"column":36}},"loc":{"start":{"line":29,"column":69},"end":{"line":40,"column":null}},"line":29},"3":{"name":"(anonymous_3)","decl":{"start":{"line":42,"column":13},"end":{"line":42,"column":40}},"loc":{"start":{"line":42,"column":40},"end":{"line":61,"column":null}},"line":42},"4":{"name":"(anonymous_4)","decl":{"start":{"line":63,"column":13},"end":{"line":63,"column":30}},"loc":{"start":{"line":63,"column":58},"end":{"line":65,"column":null}},"line":63},"5":{"name":"(anonymous_5)","decl":{"start":{"line":67,"column":13},"end":{"line":67,"column":null}},"loc":{"start":{"line":69,"column":41},"end":{"line":74,"column":null}},"line":69}},"branchMap":{"0":{"loc":{"start":{"line":30,"column":2},"end":{"line":39,"column":null}},"type":"switch","locations":[{"start":{"line":31,"column":4},"end":{"line":32,"column":null}},{"start":{"line":33,"column":4},"end":{"line":34,"column":null}},{"start":{"line":35,"column":4},"end":{"line":36,"column":null}},{"start":{"line":37,"column":4},"end":{"line":38,"column":null}}],"line":30},"1":{"loc":{"start":{"line":70,"column":2},"end":{"line":72,"column":null}},"type":"if","locations":[{"start":{"line":70,"column":2},"end":{"line":72,"column":null}},{"start":{},"end":{}}],"line":70}},"s":{"0":1,"1":2,"2":2,"3":2,"4":1,"5":5,"6":2,"7":1,"8":1,"9":1,"10":1,"11":1,"12":1,"13":2,"14":1,"15":2,"16":1,"17":1},"f":{"0":2,"1":2,"2":5,"3":1,"4":2,"5":2},"b":{"0":[2,1,1,1],"1":[1,1]},"meta":{"lastBranch":2,"lastFunction":6,"lastStatement":18,"seen":{"s:10:13:27:Infinity":0,"f:10:13:10:38":0,"s:11:26:25:Infinity":1,"f:18:20:18:25":1,"s:18:31:18:43":2,"s:26:2:26:Infinity":3,"s:29:13:40:Infinity":4,"f:29:13:29:36":2,"b:31:4:32:Infinity:33:4:34:Infinity:35:4:36:Infinity:37:4:38:Infinity":0,"s:30:2:39:Infinity":5,"s:32:6:32:Infinity":6,"s:34:6:34:Infinity":7,"s:36:6:36:Infinity":8,"s:38:6:38:Infinity":9,"s:42:13:61:Infinity":10,"f:42:13:42:40":3,"s:43:2:60:Infinity":11,"s:63:13:65:Infinity":12,"f:63:13:63:30":4,"s:64:2:64:Infinity":13,"s:67:13:74:Infinity":14,"f:67:13:67:Infinity":5,"b:70:2:72:Infinity:undefined:undefined:undefined:undefined":1,"s:70:2:72:Infinity":15,"s:71:4:71:Infinity":16,"s:73:2:73:Infinity":17},"fnNames":{}}}
,"/Users/budisantoso/Documents/Xzy/create-bun-ink-app/.worktrees/dispatch-tix-create-ink-app-scaffold-WU-01/src/presentation/parsers/args-parser.ts": {"path":"/Users/budisantoso/Documents/Xzy/create-bun-ink-app/.worktrees/dispatch-tix-create-ink-app-scaffold-WU-01/src/presentation/parsers/args-parser.ts","statementMap":{"0":{"start":{"line":29,"column":13},"end":{"line":39,"column":null}},"1":{"start":{"line":30,"column":2},"end":{"line":38,"column":null}},"2":{"start":{"line":42,"column":13},"end":{"line":52,"column":null}},"3":{"start":{"line":43,"column":2},"end":{"line":51,"column":null}}},"fnMap":{"0":{"name":"(anonymous_0)","decl":{"start":{"line":29,"column":13},"end":{"line":29,"column":26}},"loc":{"start":{"line":29,"column":60},"end":{"line":39,"column":null}},"line":29},"1":{"name":"(anonymous_1)","decl":{"start":{"line":42,"column":13},"end":{"line":42,"column":42}},"loc":{"start":{"line":42,"column":80},"end":{"line":52,"column":null}},"line":42}},"branchMap":{"0":{"loc":{"start":{"line":33,"column":19},"end":{"line":33,"column":null}},"type":"binary-expr","locations":[{"start":{"line":33,"column":19},"end":{"line":33,"column":54}},{"start":{"line":33,"column":54},"end":{"line":33,"column":null}}],"line":33},"1":{"loc":{"start":{"line":35,"column":12},"end":{"line":35,"column":null}},"type":"binary-expr","locations":[{"start":{"line":35,"column":12},"end":{"line":35,"column":36}},{"start":{"line":35,"column":36},"end":{"line":35,"column":null}}],"line":35},"2":{"loc":{"start":{"line":36,"column":17},"end":{"line":36,"column":null}},"type":"cond-expr","locations":[{"start":{"line":36,"column":49},"end":{"line":36,"column":61}},{"start":{"line":36,"column":61},"end":{"line":36,"column":null}}],"line":36},"3":{"loc":{"start":{"line":44,"column":17},"end":{"line":44,"column":null}},"type":"binary-expr","locations":[{"start":{"line":44,"column":17},"end":{"line":44,"column":39}},{"start":{"line":44,"column":39},"end":{"line":44,"column":null}}],"line":44},"4":{"loc":{"start":{"line":49,"column":15},"end":{"line":49,"column":null}},"type":"binary-expr","locations":[{"start":{"line":49,"column":15},"end":{"line":49,"column":35}},{"start":{"line":49,"column":35},"end":{"line":49,"column":null}}],"line":49},"5":{"loc":{"start":{"line":50,"column":12},"end":{"line":50,"column":null}},"type":"binary-expr","locations":[{"start":{"line":50,"column":12},"end":{"line":50,"column":29}},{"start":{"line":50,"column":29},"end":{"line":50,"column":null}}],"line":50}},"s":{"0":1,"1":11,"2":1,"3":3},"f":{"0":11,"1":3},"b":{"0":[11,10],"1":[11,10],"2":[3,8],"3":[3,1],"4":[3,2],"5":[3,2]},"meta":{"lastBranch":6,"lastFunction":2,"lastStatement":4,"seen":{"s:29:13:39:Infinity":0,"f:29:13:29:26":0,"s:30:2:38:Infinity":1,"b:33:19:33:54:33:54:33:Infinity":0,"b:35:12:35:36:35:36:35:Infinity":1,"b:36:49:36:61:36:61:36:Infinity":2,"s:42:13:52:Infinity":2,"f:42:13:42:42":1,"s:43:2:51:Infinity":3,"b:44:17:44:39:44:39:44:Infinity":3,"b:49:15:49:35:49:35:49:Infinity":4,"b:50:12:50:29:50:29:50:Infinity":5},"fnNames":{}}}
,"/Users/budisantoso/Documents/Xzy/create-bun-ink-app/.worktrees/dispatch-tix-create-ink-app-scaffold-WU-01/src/shared/errors/result.ts": {"path":"/Users/budisantoso/Documents/Xzy/create-bun-ink-app/.worktrees/dispatch-tix-create-ink-app-scaffold-WU-01/src/shared/errors/result.ts","statementMap":{"0":{"start":{"line":12,"column":13},"end":{"line":12,"column":null}},"1":{"start":{"line":12,"column":55},"end":{"line":12,"column":null}},"2":{"start":{"line":13,"column":13},"end":{"line":13,"column":null}},"3":{"start":{"line":13,"column":57},"end":{"line":13,"column":null}},"4":{"start":{"line":19,"column":13},"end":{"line":22,"column":null}},"5":{"start":{"line":20,"column":2},"end":{"line":20,"column":null}},"6":{"start":{"line":20,"column":17},"end":{"line":20,"column":null}},"7":{"start":{"line":21,"column":2},"end":{"line":21,"column":null}},"8":{"start":{"line":27,"column":13},"end":{"line":30,"column":null}},"9":{"start":{"line":28,"column":2},"end":{"line":28,"column":null}},"10":{"start":{"line":28,"column":17},"end":{"line":28,"column":null}},"11":{"start":{"line":29,"column":2},"end":{"line":29,"column":null}},"12":{"start":{"line":35,"column":13},"end":{"line":41,"column":null}},"13":{"start":{"line":39,"column":2},"end":{"line":39,"column":null}},"14":{"start":{"line":39,"column":17},"end":{"line":39,"column":null}},"15":{"start":{"line":40,"column":2},"end":{"line":40,"column":null}},"16":{"start":{"line":46,"column":13},"end":{"line":52,"column":null}},"17":{"start":{"line":50,"column":2},"end":{"line":50,"column":null}},"18":{"start":{"line":50,"column":17},"end":{"line":50,"column":null}},"19":{"start":{"line":51,"column":2},"end":{"line":51,"column":null}}},"fnMap":{"0":{"name":"(anonymous_0)","decl":{"start":{"line":12,"column":13},"end":{"line":12,"column":34}},"loc":{"start":{"line":12,"column":55},"end":{"line":12,"column":null}},"line":12},"1":{"name":"(anonymous_1)","decl":{"start":{"line":13,"column":13},"end":{"line":13,"column":35}},"loc":{"start":{"line":13,"column":57},"end":{"line":13,"column":null}},"line":13},"2":{"name":"(anonymous_2)","decl":{"start":{"line":19,"column":13},"end":{"line":19,"column":29}},"loc":{"start":{"line":19,"column":57},"end":{"line":22,"column":null}},"line":19},"3":{"name":"(anonymous_3)","decl":{"start":{"line":27,"column":13},"end":{"line":27,"column":29}},"loc":{"start":{"line":27,"column":89},"end":{"line":30,"column":null}},"line":27},"4":{"name":"(anonymous_4)","decl":{"start":{"line":35,"column":13},"end":{"line":35,"column":null}},"loc":{"start":{"line":38,"column":19},"end":{"line":41,"column":null}},"line":38},"5":{"name":"(anonymous_5)","decl":{"start":{"line":46,"column":13},"end":{"line":46,"column":null}},"loc":{"start":{"line":49,"column":8},"end":{"line":52,"column":null}},"line":49}},"branchMap":{"0":{"loc":{"start":{"line":20,"column":2},"end":{"line":20,"column":null}},"type":"if","locations":[{"start":{"line":20,"column":2},"end":{"line":20,"column":null}},{"start":{},"end":{}}],"line":20},"1":{"loc":{"start":{"line":28,"column":2},"end":{"line":28,"column":null}},"type":"if","locations":[{"start":{"line":28,"column":2},"end":{"line":28,"column":null}},{"start":{},"end":{}}],"line":28},"2":{"loc":{"start":{"line":39,"column":2},"end":{"line":39,"column":null}},"type":"if","locations":[{"start":{"line":39,"column":2},"end":{"line":39,"column":null}},{"start":{},"end":{}}],"line":39},"3":{"loc":{"start":{"line":50,"column":2},"end":{"line":50,"column":null}},"type":"if","locations":[{"start":{"line":50,"column":2},"end":{"line":50,"column":null}},{"start":{},"end":{}}],"line":50}},"s":{"0":5,"1":289,"2":5,"3":17,"4":5,"5":0,"6":0,"7":0,"8":5,"9":0,"10":0,"11":0,"12":5,"13":0,"14":0,"15":0,"16":5,"17":0,"18":0,"19":0},"f":{"0":289,"1":17,"2":0,"3":0,"4":0,"5":0},"b":{"0":[0,0],"1":[0,0],"2":[0,0],"3":[0,0]},"meta":{"lastBranch":4,"lastFunction":6,"lastStatement":20,"seen":{"s:12:13:12:Infinity":0,"f:12:13:12:34":0,"s:12:55:12:Infinity":1,"s:13:13:13:Infinity":2,"f:13:13:13:35":1,"s:13:57:13:Infinity":3,"s:19:13:22:Infinity":4,"f:19:13:19:29":2,"b:20:2:20:Infinity:undefined:undefined:undefined:undefined":0,"s:20:2:20:Infinity":5,"s:20:17:20:Infinity":6,"s:21:2:21:Infinity":7,"s:27:13:30:Infinity":8,"f:27:13:27:29":3,"b:28:2:28:Infinity:undefined:undefined:undefined:undefined":1,"s:28:2:28:Infinity":9,"s:28:17:28:Infinity":10,"s:29:2:29:Infinity":11,"s:35:13:41:Infinity":12,"f:35:13:35:Infinity":4,"b:39:2:39:Infinity:undefined:undefined:undefined:undefined":2,"s:39:2:39:Infinity":13,"s:39:17:39:Infinity":14,"s:40:2:40:Infinity":15,"s:46:13:52:Infinity":16,"f:46:13:46:Infinity":5,"b:50:2:50:Infinity:undefined:undefined:undefined:undefined":3,"s:50:2:50:Infinity":17,"s:50:17:50:Infinity":18,"s:51:2:51:Infinity":19},"fnNames":{}}}
}
